Taxon names is ON 
 
WARNING: 
1000 reps. with 10000 trees each exceeds available treespace (100000)
Search may have to be interrupted if tree-buffer is filled 
 
Repl. Algor.     Tree        Score       Best Score   Time       Rearrangs.
1000  SPR     3280 of 3280   ------      544          0:00:15    459,270,478   
Completed 1000 random addition sequences.
Total rearrangements examined: 459,270,478. 
Best score hit 843 times out of 1000.
Best score (TBR): 544.  3200 trees retained. 
Start swapping from 3200 trees (score 544)... 
Repl. Algor.     Tree        Score       Best Score   Time       Rearrangs.
---   TBR     3199 of 3200   ------      544          0:00:11    338,728,320   
Completed TBR branch-swapping.
Total rearrangements examined: 338,728,320. 
Best score (TBR): 544.  3200 trees found. 
 
Note: for consensus calculation, trees will be 
temporarily collapsed (when min. branch length = 0) 
Strict consensus of 3200 trees (0 taxa excluded) calculated, as tree 3200 
Selecting tree(s) 3200,  
1 trees selected 
Copied legends: "Tree 0 min. branch lengths" 
 
WARNING: 
File "68taxa_con.tre" already exists.  It will be overwritten. 
 
Saved trees (Nexus format) to file 68taxa_con.tre 
 
WARNING: 
Existing tree-tags will be erased 
 
Collapsing trees with TBR 
Copied legends: "GC values, 1000 replicates, cut=0 (tree 0) - Symmetric Resampling (P=33)" 
Average group support: 32.3 
 
1 trees in memory 
 
WARNING: 
File "68taxa_boot.tre" already exists.  It will be overwritten. 
 
Saved trees (Nexus format) to file 68taxa_boot.tre 
