Taxon names is ON 
 
WARNING: 
1000 reps. with 10000 trees each exceeds available treespace (100000)
Search may have to be interrupted if tree-buffer is filled 
 
Repl. Algor.     Tree        Score       Best Score   Time       Rearrangs.
1000  SPR     3330 of 3330   ------      336          0:00:18    358,641,197   
Completed 1000 random addition sequences.
Total rearrangements examined: 358,641,197. 
Best score hit 1000 times out of 1000.
Best score (TBR): 336.  3330 trees retained. 
Start swapping from 3330 trees (score 336)... 
Repl. Algor.     Tree        Score       Best Score   Time       Rearrangs.
---   TBR     3329 of 3330   ------      336          0:00:18    314,862,570   
Completed TBR branch-swapping.
Total rearrangements examined: 314,862,570. 
Best score (TBR): 336.  3330 trees found. 
 
Note: for consensus calculation, trees will be 
temporarily collapsed (when min. branch length = 0) 
Strict consensus of 3330 trees (0 taxa excluded) calculated, as tree 3330 
Selecting tree(s) 3330,  
1 trees selected 
Copied legends: "Tree 0 min. branch lengths" 
Saved trees (Nexus format) to file 68taxa_con.tre 
 
WARNING: 
Existing tree-tags will be erased 
 
Collapsing trees with TBR 
Copied legends: "GC values, 100 replicates, cut=0 (tree 0) - Symmetric Resampling (P=33)" 
Average group support: 23.6 
 
1 trees in memory 
Saved trees (Nexus format) to file 68taxa_boot.tre 
Quick collapse is ON 
