
initialising random
seed was : 694146


((((((((DM_Xestospongia_testudinaria:0.300244,DM_Xestospongia_muta:0.300244):0.430563,(DM_Vetulina_sp:0.688214,DM_Topsentia_ophiraphidites:0.688214):0.042593):0.043149,(DM_Tethya_wilhelma:0.5442,(((DM_Tethya_sp_KU748128:0.365333,DM_Tethya_actinia.mf:0.365333):0.108135,DM_Tedania_ignis:0.473469):0.001281,((DM_Swartschewkia_papyracea:0.286285,(DM_Svenzea_zeai:0.25149,DM_Svenzea_flava:0.25149):0.034795):0.079603,DM_Suberites_ficus:0.365889):0.108861):0.069449):0.229757):0.0194,(DM_Suberites_domuncula.mf:0.483955,DM_Stylissa_carteri:0.483955):0.309402):0.111025,(DM_Stelligera_stuposa:0.401393,DM_Stelletta_fibrosa:0.401393):0.502989):0.043031,(DM_Spongilla_lacustris:0.691238,(DM_Spirastrella_cunctatrix:0.616741,DM_Scopalina_sp2_CDV2016:0.616741):0.074496):0.256176):0.043344,((((DM_Scopalina_sp1:0.483991,DM_Rezinkovia_echinata:0.483991):0.417905,(DM_Raspaciona_aculeata:0.894544,(DM_Ptilocaulis_walpersi:0.459514,(DM_Polymastia_tenax:0.413501,(DM_Polymastia_littoralis_NC023834.mf:0.369857,(DM_Poecilosclerida_cont2473337.mf:0.056305,DM_Poecillastra_laminaris:0.056305):0.313551):0.043643):0.046013):0.43503):0.007351):0.008153,((((DM_Plenaster_craigi:0.114873,(DM_Placospongia_intermedia:0.101422,DM_Phorbas_amaranthus:0.101422):0.01345):0.002026,DM_Phakellia_ventilabrum:0.116899):0.737413,(DM_Petrosia_ficiformis:0.436129,DM_Petromica_sp:0.436129):0.418184):0.031032,((DM_Niphates_erecta:0.510908,DM_Neophrissospongia_sp2:0.510908):0.353643,((DM_Neophrissospongia_sp.:0.161925,(DM_Neopetrosia_proxima:0.09864,DM_Neofibularia_nolitangere:0.09864):0.063285):0.515959,((DM_Negombata_magnifica.mf:0.087852,DM_N_erecta:0.087852):0.348355,DM_Myceliospongia_araneosa:0.436208):0.241677):0.186666):0.020793):0.024704):0.069615,(((DM_Mycale_escarlatei:0.319736,DM_Microscleroderma_sp:0.319736):0.437132,(((DM_Lubomirskia_baicalensis:0.094375,DM_Lissodendoryx_colombiensis:0.094375):0.31206,DM_Leiodermatium_sp:0.406436):0.132727,(DM_Iotrochota_birotulata:0.448627,(DM_Hymeniacidon_sinapium_NC022450:0.208159,DM_Hymeniacidon_perlevis:0.208159):0.240468):0.090535):0.217706):0.136952,((((DM_Hymedesmia_sp_MO1058:0.33882,(DM_Heteroxia_sp_nov:0.185786,DM_Hamacantha_johnsoni:0.185786):0.153033):0.381863,((DM_Haliclona_sp_verrucosa:0.251526,DM_Haliclona_manglaris:0.251526):0.464254,((DM_Haliclona_indistincta:0.553651,DM_Haliclona_implexiformis:0.553651):0.009154,(((DM_Haliclona_amboinensis:0.154115,DM_Halichondria_sp:0.154115):0.244999,(DM_Halichondria_panicea:0.285915,DM_Halichondria_okadai_NC037391:0.285915):0.113199):0.077599,(((DM_Geodia_neptuni.mf:0.036152,DM_Eunapius_subterraneus.all:0.036152):0.086697,(DM_Ephydatia_muelleri:0.069653,DM_Ephydatia_fluviatilis:0.069653):0.053196):0.237516,DM_Ectyoplasia_ferox:0.360365):0.116348):0.086092):0.152974):0.004904):0.082984,(DM_Diplastrella_bistellata:0.787255,DM_Dictyonellidae_p0911:0.787255):0.016413):0.053225,((((((DM_Dictyonella_marsilii_mrs1137:0.337387,DM_Desmacella_informis:0.337387):0.253077,((DM_Dercitus_luteus:0.431342,(DM_Cymbaxinella_corrugata:0.400632,((DM_Crella_elegans:0.05512,DM_Craniella_wolfi:0.05512):0.336066,(DM_Crambe_crambe:0.328314,DM_Corvomeyenia_sp:0.328314):0.062872):0.009446):0.030709):0.056518,DM_Corallistes_sp:0.48786):0.102605):0.000907,DM_Corallistes_floreana:0.591373):0.165717,(DM_Contig5.1_mtmix2.2_13315.mf:0.47627,DM_Clionaopsis_sp:0.47627):0.28082):0.005728,((DM_Cliona_varians:0.045696,DM_Clathria_curacaoensis:0.045696):0.22086,DM_Cinachyrella_kuekanthali:0.266557):0.496262):0.092069,((((DM_Cinachyrella_alloclada:0.097906,DM_Chondropsidae_MO1046:0.097906):0.419712,DM_Chalinula_loosanoffi:0.517618):0.180668,(DM_Callyspongia_plicifera:0.295443,DM_Biemna_caribea:0.295443):0.402843):0.115774,(((DM_Baikalospongia_intermedia_profundalis:0.134905,(DM_Axinella_polypoides:0.085527,(DM_Axinella_infundibuliformis:0.033086,DM_Astrosclera_willeyana:0.033086):0.05244):0.049378):0.176993,DM_Amphimedon_queenslandica:0.311899):0.290227,(((DM_Amphimedon_compressa:0.110298,DM_Agelas_schmidti:0.110298):0.069036,DM_Adreus_fascicularis:0.179334):0.377967,DM_Acanthella_acuta:0.557302):0.044824):0.211934):0.040828):0.002004):0.036927):0.085843):0.011092):0,(((DM_Vaceletia_sp.:0.559277,(DM_Thymosia_sp:0.507651,DM_Pseudoceratinidae_sp:0.507651):0.051625):0.174412,DM_Pleraplysilla_spinifera:0.733689):0.043575,(((((DM_Ircinia_strobilina:0.352262,(DM_Ircinia_sp_LCJ03:0.213348,DM_Ircinia_sp_LCJ01:0.213348):0.138913):0.351172,((((DM_Igernella_notabilis:0.216576,DM_Hyattella_sinuosa_LCJ04:0.216576):0.185496,DM_Hippospongia_lachne:0.402073):0.200708,DM_Hexadella_pruvoti:0.602781):0.091735,DM_Halisarca_harmelini:0.694517):0.008917):0.058956,((DM_Halisarca_dujardini:0.353998,((DM_Halisarca_caerulea:0.114783,(DM_Dysidea_etheria:0.01523,DM_Dictyodendrilla_dendyi:0.01523):0.099552):0.069971,DM_Darwinella_gardiner:0.184754):0.169244):0.068225,(DM_Chondrosia_reniformis:0.008837,DM_Chondrilla_nucula:0.008837):0.413386):0.340166):0.010165,DM_Carteriospongia_foliascens:0.772556):0.002809,(DM_Cacospongia_mycofijiensis:0.626651,((DM_Aplysina_fulva:0.043509,DM_Aplysina_cauliformis:0.043509):0.409244,DM_Aiolochroia_crassa:0.452753):0.173898):0.148714):0.001898):0);
calibrations
DM_Baikalospongia_intermedia_profundalis	DM_Lubomirskia_baicalensis	200
DM_Vetulina_sp	DM_Ephydatia_muelleri	195
DM_Igernella_notabilis	DM_Geodia_neptuni.mf	120
120	239

phylobayes version 4.1

init seed : 694146

data file : fasta.nxs
number of taxa : 120
number of sites: 3626

fast computation / high memory use 

fixed tree topology: topology2.tre
outgroup : G1_G2.outgroup

branch lengths ~ iid gamma of mean mu and variance epsilon*mu^2
mu ~ exponential of mean 0.1
epsilon ~ exponential of mean 1

site homogeneous model: free equilibrium frequencies (pi inferred from data)
pi ~ uniform

relative exchange rates:
gtr (relative rates ~ iid from an exponential of mean 1)

rates ~ gamma of mean 1 and variance 1/alpha
4 discrete categories (Yang 1994)
alpha ~ exponential of mean 1

lognormal autocorrelated relaxed clock
nu ~ exponential of mean 1

calibrations : calib
soft bounds (Inoue et al 2009)
allowing for 2.5 % of probability mass outside calibration (2.5% on each side for an upper and lower bound)
lower bounds as in Paml 4.2 (truncated Cauchy), p = 0.1 and c = 1
prior on root age: gamma of mean 540 and standard deviation 540

WARNING: it is always advised to check the prior on divergence times in the presence of calibrations, by using the -prior option

prior on divergence times : birth death
birth rate : lambda
death rate : mu
sammpling fraction : rho
p1 = lambda - mu: net growth rate
p2 = lambda * rho
prior on p1 : gamma of mean 0.001 and std dev 0.001
prior on p2 : gamma of mean 0.001 and std dev 0.001

((((((DM_Petrosia_ficiformis,DM_Haliclona_sp_verrucosa),((DM_Haliclona_manglaris,(DM_Haliclona_implexiformis,DM_Chalinula_loosanoffi)),DM_Callyspongia_plicifera)),((DM_Xestospongia_testudinaria,DM_Xestospongia_muta),((DM_Neopetrosia_proxima,DM_Haliclona_amboinensis),((DM_Niphates_erecta,DM_N_erecta),DM_Amphimedon_queenslandica)))),(DM_Haliclona_indistincta,DM_Amphimedon_compressa)),(((DM_Svenzea_zeai,(DM_Scopalina_sp2_CDV2016,DM_Scopalina_sp1)),(DM_Vetulina_sp,(DM_Spongilla_lacustris,(DM_Corvomeyenia_sp,((DM_Eunapius_subterraneus.all,DM_Ephydatia_fluviatilis),(DM_Ephydatia_muelleri,((DM_Swartschewkia_papyracea,(DM_Rezinkovia_echinata,DM_Lubomirskia_baicalensis)),DM_Baikalospongia_intermedia_profundalis))))))),((((DM_Myceliospongia_araneosa,(DM_Microscleroderma_sp,DM_Leiodermatium_sp)),(((DM_Geodia_neptuni.mf,(DM_Stelletta_fibrosa,DM_Dercitus_luteus)),(DM_Poecillastra_laminaris,((DM_Neophrissospongia_sp2,DM_Neophrissospongia_sp.),(DM_Corallistes_sp,DM_Corallistes_floreana)))),(DM_Craniella_wolfi,(DM_Cinachyrella_kuekanthali,DM_Cinachyrella_alloclada)))),(((DM_Stylissa_carteri,DM_Cymbaxinella_corrugata),(DM_Astrosclera_willeyana,DM_Agelas_schmidti)),((DM_Polymastia_tenax,DM_Polymastia_littoralis_NC023834.mf),(((DM_Placospongia_intermedia,(((DM_Spirastrella_cunctatrix,DM_Diplastrella_bistellata),DM_Clionaopsis_sp),DM_Cliona_varians)),((DM_Hamacantha_johnsoni,DM_Desmacella_informis),((DM_Mycale_escarlatei,DM_Crambe_crambe),(DM_Negombata_magnifica.mf,(DM_Iotrochota_birotulata,((DM_Tedania_ignis,DM_Lissodendoryx_colombiensis),(DM_Clathria_curacaoensis,(DM_Poecilosclerida_cont2473337.mf,(((DM_Phorbas_amaranthus,DM_Hymedesmia_sp_MO1058),DM_Crella_elegans),DM_Chondropsidae_MO1046))))))))),(((DM_Suberites_ficus,DM_Suberites_domuncula.mf),(DM_Halichondria_panicea,((DM_Hymeniacidon_sinapium_NC022450,DM_Hymeniacidon_perlevis),(DM_Halichondria_sp,DM_Halichondria_okadai_NC037391)))),(((DM_Tethya_wilhelma,DM_Tethya_sp_KU748128),DM_Tethya_actinia.mf),DM_Adreus_fascicularis)))))),((DM_Plenaster_craigi,DM_Contig5.1_mtmix2.2_13315.mf),(((DM_Topsentia_ophiraphidites,DM_Petromica_sp),((DM_Stelligera_stuposa,(DM_Raspaciona_aculeata,(DM_Ptilocaulis_walpersi,DM_Ectyoplasia_ferox))),(DM_Heteroxia_sp_nov,(DM_Axinella_polypoides,DM_Axinella_infundibuliformis)))),((DM_Neofibularia_nolitangere,DM_Biemna_caribea),((DM_Dictyonellidae_p0911,DM_Dictyonella_marsilii_mrs1137),(DM_Phakellia_ventilabrum,(DM_Acanthella_acuta,DM_Svenzea_flava))))))))),(((DM_Chondrosia_reniformis,(DM_Thymosia_sp,((DM_Halisarca_dujardini,(DM_Halisarca_harmelini,DM_Halisarca_caerulea)),DM_Chondrilla_nucula))),(DM_Hexadella_pruvoti,((DM_Aplysina_fulva,DM_Aplysina_cauliformis),(DM_Pseudoceratinidae_sp,DM_Aiolochroia_crassa)))),(DM_Darwinella_gardiner,((DM_Igernella_notabilis,DM_Dictyodendrilla_dendyi),(((((DM_Ircinia_strobilina,DM_Ircinia_sp_LCJ03),DM_Ircinia_sp_LCJ01),((DM_Hyattella_sinuosa_LCJ04,DM_Hippospongia_lachne),DM_Carteriospongia_foliascens)),((DM_Vaceletia_sp.,DM_Pleraplysilla_spinifera),DM_Cacospongia_mycofijiensis)),DM_Dysidea_etheria)))));
initial log prior     : 82.3881
initial log likelihood: 253674
chain started

slurmstepd: error: *** JOB 535303 ON fat002 CANCELLED AT 2019-06-03T22:54:23 DUE TO TIME LIMIT ***
