
RAxML-NG v. 1.1.0 released on 29.11.2021 by The Exelixis Lab.
Developed by: Alexey M. Kozlov and Alexandros Stamatakis.
Contributors: Diego Darriba, Tomas Flouri, Benoit Morel, Sarah Lutteropp, Ben Bettisworth.
Latest version: https://github.com/amkozlov/raxml-ng
Questions/problems/suggestions? Please visit: https://groups.google.com/forum/#!forum/raxml

System: Intel(R) Core(TM) i5-8500B CPU @ 3.00GHz, 3 cores, 16 GB RAM

RAxML-NG was called at 21-Mar-2022 14:24:02 as follows:

raxml-ng --all --msa 77taxa.phy --model MULTI13_MK

Analysis options:
  run mode: ML tree search + bootstrapping (Felsenstein Bootstrap)
  start tree(s): random (10) + parsimony (10)
  bootstrap replicates: max: 1000 + bootstopping (autoMRE, cutoff: 0.030000)
  random seed: 1647890642
  tip-inner: OFF
  pattern compression: ON
  per-rate scalers: OFF
  site repeats: ON
  branch lengths: proportional (ML estimate, algorithm: NR-FAST)
  SIMD kernels: AVX2
  parallelization: coarse-grained (auto), PTHREADS (auto)

[00:00:00] Reading alignment from file: 77taxa.phy
[00:00:00] Loaded alignment with 77 taxa and 82 sites

WARNING: Sequences Adreus_fascicularis and Tethya_actinia are exactly identical!
WARNING: Sequences Adreus_fascicularis and Tethya_sp_KU748128 are exactly identical!
WARNING: Sequences Adreus_fascicularis and Tethya_wilhelma are exactly identical!
WARNING: Sequences Axinella_infundibuliformis and Axinella_polypoides are exactly identical!
WARNING: Sequences Biemna_caribea and Neofibularia_nolitangere are exactly identical!
WARNING: Sequences Callyspongia_plicifera and Chalinula_loosanoffi are exactly identical!
WARNING: Sequences Callyspongia_plicifera and Haliclona_implexiformis are exactly identical!
WARNING: Sequences Callyspongia_plicifera and Haliclona_manglaris are exactly identical!
WARNING: Sequences Cinachyrella_kuekanthali and Dercitus_luteus are exactly identical!
WARNING: Sequences Cinachyrella_kuekanthali and Geodia_neptuni are exactly identical!
WARNING: Sequences Cinachyrella_kuekanthali and Neophrissospongia_sp. are exactly identical!
WARNING: Sequences Cinachyrella_kuekanthali and Poecillastra_laminaris are exactly identical!
WARNING: Sequences Cinachyrella_kuekanthali and Stelletta_fibrosa are exactly identical!
WARNING: Sequences Clionaopsis_sp and Placospongia_intermedia are exactly identical!
WARNING: Sequences Corvomeyenia_sp and Ephydatia_fluviatilis are exactly identical!
WARNING: Sequences Corvomeyenia_sp and Ephydatia_muelleri are exactly identical!
WARNING: Sequences Corvomeyenia_sp and Eunapius_subterraneus are exactly identical!
WARNING: Sequences Corvomeyenia_sp and Lubomirskia_baicalensis are exactly identical!
WARNING: Sequences Corvomeyenia_sp and Spongilla_lacustris are exactly identical!
WARNING: Sequences Corvomeyenia_sp and Svenzea_zeai are exactly identical!
WARNING: Sequences Crella_elegans and Hymedesmia_sp_MO1058 are exactly identical!
WARNING: Sequences Cymbaxinella_corrugata and Stylissa_carteri are exactly identical!
WARNING: Sequences Diplastrella_bistellata and Spirastrella_cunctatrix are exactly identical!
WARNING: Sequences Halichondria_okadai_NC037391 and Halichondria_sp are exactly identical!
WARNING: Sequences Halichondria_panicea and Hymeniacidon_perlevis are exactly identical!
WARNING: Sequences Halichondria_panicea and Hymeniacidon_sinapium are exactly identical!
WARNING: Sequences Halichondria_panicea and Suberites_domuncula are exactly identical!
WARNING: Sequences Halichondria_panicea and Suberites_ficus are exactly identical!
WARNING: Sequences Leiodermatium_sp and Microscleroderma_sp are exactly identical!
WARNING: Sequences Petrosia_ficiformis and Xestospongia_muta are exactly identical!
WARNING: Sequences Petrosia_ficiformis and Xestospongia_testudinaria are exactly identical!
WARNING: Sequences Polymastia_littoralis and Polymastia_tenax are exactly identical!
WARNING: Duplicate sequences found: 32

NOTE: Reduced alignment (with duplicates and gap-only sites/taxa removed) 
NOTE: was saved to: /Users/dlavrov/GitHub/Projects/Demosponge_phylogeny/Demosponge-phylogeny-supplementary-data/3-GO-analysis/revision/RAxML/77taxa.phy.raxml.reduced.phy

Alignment comprises 1 partitions and 75 patterns

Partition 0: noname
Model: MULTI13_MK
Alignment sites / patterns: 82 / 75
Gaps: 1.74 %
Invariant sites: 6.10 %


NOTE: Binary MSA file created: 77taxa.phy.raxml.rba

Parallelization scheme autoconfig: 3 worker(s) x 1 thread(s)

Parallel reduction/worker buffer size: 1 KB  / 0 KB

[00:00:00] Generating 10 random starting tree(s) with 77 taxa
[00:00:00] Generating 10 parsimony starting tree(s) with 77 taxa
[00:00:00] Data distribution: max. partitions/sites/weight per thread: 1 / 75 / 975
[00:00:00] Data distribution: max. searches per worker: 341

Starting ML tree search with 20 distinct starting trees

[00:00:04] [worker #0] ML tree search #1, logLikelihood: -3024.954738
[00:00:04] [worker #2] ML tree search #3, logLikelihood: -3024.954920
[00:00:04] [worker #1] ML tree search #2, logLikelihood: -3024.954800
[00:00:08] [worker #1] ML tree search #5, logLikelihood: -3024.954715
[00:00:08] [worker #2] ML tree search #6, logLikelihood: -3024.954824
[00:00:09] [worker #0] ML tree search #4, logLikelihood: -3024.954706
[00:00:12] [worker #1] ML tree search #8, logLikelihood: -3024.954737
[00:00:12] [worker #2] ML tree search #9, logLikelihood: -3024.954708
[00:00:13] [worker #0] ML tree search #7, logLikelihood: -3024.954735
[00:00:15] [worker #2] ML tree search #12, logLikelihood: -3024.954850
[00:00:15] [worker #1] ML tree search #11, logLikelihood: -3024.954759
[00:00:17] [worker #0] ML tree search #10, logLikelihood: -3024.954803
[00:00:18] [worker #1] ML tree search #14, logLikelihood: -3024.954808
[00:00:18] [worker #2] ML tree search #15, logLikelihood: -3024.954852
[00:00:20] [worker #0] ML tree search #13, logLikelihood: -3024.954733
[00:00:21] [worker #1] ML tree search #17, logLikelihood: -3024.954800
[00:00:22] [worker #2] ML tree search #18, logLikelihood: -3024.954790
[00:00:24] [worker #0] ML tree search #16, logLikelihood: -3024.954747
[00:00:25] [worker #1] ML tree search #20, logLikelihood: -3024.954792
[00:00:28] [worker #0] ML tree search #19, logLikelihood: -3024.954710

[00:00:28] ML tree search completed, best tree logLH: -3024.954706

[00:00:28] Starting bootstrapping analysis with 1000 replicates.

[00:00:31] [worker #0] Bootstrap tree #1, logLikelihood: -3097.653956
[00:00:32] [worker #2] Bootstrap tree #3, logLikelihood: -3034.039103
[00:00:32] [worker #1] Bootstrap tree #2, logLikelihood: -2826.484174
[00:00:36] [worker #1] Bootstrap tree #5, logLikelihood: -2867.215189
[00:00:37] [worker #0] Bootstrap tree #4, logLikelihood: -2926.070853
[00:00:37] [worker #2] Bootstrap tree #6, logLikelihood: -2863.797801
[00:00:40] [worker #1] Bootstrap tree #8, logLikelihood: -2717.621326
[00:00:40] [worker #0] Bootstrap tree #7, logLikelihood: -3102.318299
[00:00:41] [worker #2] Bootstrap tree #9, logLikelihood: -3175.841032
[00:00:44] [worker #1] Bootstrap tree #11, logLikelihood: -2903.255803
[00:00:44] [worker #0] Bootstrap tree #10, logLikelihood: -3058.923679
[00:00:47] [worker #2] Bootstrap tree #12, logLikelihood: -3071.233474
[00:00:47] [worker #0] Bootstrap tree #13, logLikelihood: -2943.294685
[00:00:48] [worker #1] Bootstrap tree #14, logLikelihood: -2809.100243
[00:00:52] [worker #0] Bootstrap tree #16, logLikelihood: -3098.690175
[00:00:52] [worker #2] Bootstrap tree #15, logLikelihood: -2523.776205
[00:00:52] [worker #1] Bootstrap tree #17, logLikelihood: -2847.709849
[00:00:55] [worker #2] Bootstrap tree #18, logLikelihood: -2815.562426
[00:00:55] [worker #1] Bootstrap tree #20, logLikelihood: -3041.302651
[00:00:55] [worker #0] Bootstrap tree #19, logLikelihood: -2848.550391
[00:00:58] [worker #2] Bootstrap tree #21, logLikelihood: -2850.986667
[00:00:59] [worker #0] Bootstrap tree #22, logLikelihood: -2907.099603
[00:00:59] [worker #1] Bootstrap tree #23, logLikelihood: -2886.822824
[00:01:02] [worker #2] Bootstrap tree #24, logLikelihood: -3031.034501
[00:01:02] [worker #0] Bootstrap tree #25, logLikelihood: -2966.647556
[00:01:03] [worker #1] Bootstrap tree #26, logLikelihood: -2825.313536
[00:01:06] [worker #2] Bootstrap tree #27, logLikelihood: -2873.102432
[00:01:06] [worker #0] Bootstrap tree #28, logLikelihood: -2894.389319
[00:01:06] [worker #1] Bootstrap tree #29, logLikelihood: -2957.853336
[00:01:09] [worker #2] Bootstrap tree #30, logLikelihood: -3195.665930
[00:01:09] [worker #0] Bootstrap tree #31, logLikelihood: -2943.044752
[00:01:10] [worker #1] Bootstrap tree #32, logLikelihood: -2827.758185
[00:01:13] [worker #2] Bootstrap tree #33, logLikelihood: -2997.990252
[00:01:13] [worker #0] Bootstrap tree #34, logLikelihood: -2926.667113
[00:01:15] [worker #1] Bootstrap tree #35, logLikelihood: -3085.234194
[00:01:16] [worker #2] Bootstrap tree #36, logLikelihood: -2988.702364
[00:01:17] [worker #0] Bootstrap tree #37, logLikelihood: -2925.708656
[00:01:19] [worker #1] Bootstrap tree #38, logLikelihood: -3000.553899
[00:01:20] [worker #2] Bootstrap tree #39, logLikelihood: -2818.322945
[00:01:20] [worker #0] Bootstrap tree #40, logLikelihood: -2902.873142
[00:01:22] [worker #1] Bootstrap tree #41, logLikelihood: -2994.761232
[00:01:24] [worker #0] Bootstrap tree #43, logLikelihood: -2963.371907
[00:01:25] [worker #2] Bootstrap tree #42, logLikelihood: -3116.597901
[00:01:25] [worker #1] Bootstrap tree #44, logLikelihood: -3078.483537
[00:01:28] [worker #0] Bootstrap tree #46, logLikelihood: -3115.644559
[00:01:28] [worker #2] Bootstrap tree #45, logLikelihood: -2881.960294
[00:01:31] [worker #0] Bootstrap tree #49, logLikelihood: -3114.093854
[00:01:31] [worker #1] Bootstrap tree #47, logLikelihood: -3016.460281
[00:01:31] [worker #2] Bootstrap tree #48, logLikelihood: -2829.224468
[00:01:36] [worker #1] Bootstrap tree #50, logLikelihood: -3177.483461
[00:01:40] [worker #0] Bootstrap tree #52, logLikelihood: -2816.512367
[00:01:41] [worker #2] Bootstrap tree #51, logLikelihood: -3094.961995
[00:01:42] [worker #1] Bootstrap tree #53, logLikelihood: -2745.546749
[00:01:44] [worker #0] Bootstrap tree #55, logLikelihood: -2803.104343
[00:01:45] [worker #1] Bootstrap tree #56, logLikelihood: -2885.595010
[00:01:47] [worker #0] Bootstrap tree #58, logLikelihood: -2879.840596
[00:01:47] [worker #2] Bootstrap tree #54, logLikelihood: -3100.531494
[00:01:49] [worker #1] Bootstrap tree #59, logLikelihood: -2824.363994
[00:01:50] [worker #2] Bootstrap tree #57, logLikelihood: -3046.514222
[00:01:51] [worker #0] Bootstrap tree #61, logLikelihood: -3055.705230
[00:01:53] [worker #1] Bootstrap tree #62, logLikelihood: -2758.720417
[00:01:54] [worker #2] Bootstrap tree #60, logLikelihood: -3091.520986
[00:01:55] [worker #0] Bootstrap tree #64, logLikelihood: -2765.193684
[00:01:56] [worker #1] Bootstrap tree #65, logLikelihood: -2942.126043
[00:01:58] [worker #2] Bootstrap tree #63, logLikelihood: -2825.340525
[00:01:58] [worker #0] Bootstrap tree #67, logLikelihood: -2632.665064
[00:02:00] [worker #1] Bootstrap tree #68, logLikelihood: -3183.352854
[00:02:01] [worker #2] Bootstrap tree #66, logLikelihood: -3115.408444
[00:02:02] [worker #0] Bootstrap tree #70, logLikelihood: -3084.760170
[00:02:05] [worker #2] Bootstrap tree #69, logLikelihood: -2756.322038
[00:02:05] [worker #0] Bootstrap tree #73, logLikelihood: -3271.767966
[00:02:06] [worker #1] Bootstrap tree #71, logLikelihood: -3113.009944
[00:02:08] [worker #2] Bootstrap tree #72, logLikelihood: -3005.241820
[00:02:08] [worker #0] Bootstrap tree #76, logLikelihood: -3082.082444
[00:02:09] [worker #1] Bootstrap tree #74, logLikelihood: -2786.613023
[00:02:11] [worker #2] Bootstrap tree #75, logLikelihood: -3173.359825
[00:02:12] [worker #0] Bootstrap tree #79, logLikelihood: -2948.166136
[00:02:13] [worker #1] Bootstrap tree #77, logLikelihood: -2846.815915
[00:02:15] [worker #0] Bootstrap tree #82, logLikelihood: -3129.599831
[00:02:16] [worker #1] Bootstrap tree #80, logLikelihood: -2806.458412
[00:02:16] [worker #2] Bootstrap tree #78, logLikelihood: -2427.587396
[00:02:19] [worker #0] Bootstrap tree #85, logLikelihood: -3023.012683
[00:02:20] [worker #2] Bootstrap tree #81, logLikelihood: -2860.125324
[00:02:21] [worker #1] Bootstrap tree #83, logLikelihood: -2873.450794
[00:02:22] [worker #0] Bootstrap tree #88, logLikelihood: -2996.769707
[00:02:24] [worker #2] Bootstrap tree #84, logLikelihood: -3066.799100
[00:02:24] [worker #1] Bootstrap tree #86, logLikelihood: -2982.246081
[00:02:26] [worker #0] Bootstrap tree #91, logLikelihood: -3072.860769
[00:02:28] [worker #2] Bootstrap tree #87, logLikelihood: -2906.107056
[00:02:28] [worker #1] Bootstrap tree #89, logLikelihood: -2963.372942
[00:02:29] [worker #0] Bootstrap tree #94, logLikelihood: -3196.157940
[00:02:31] [worker #2] Bootstrap tree #90, logLikelihood: -2936.654859
[00:02:31] [worker #1] Bootstrap tree #92, logLikelihood: -2770.068476
[00:02:35] [worker #2] Bootstrap tree #93, logLikelihood: -2986.493366
[00:02:35] [worker #0] Bootstrap tree #97, logLikelihood: -3105.799307
[00:02:37] [worker #1] Bootstrap tree #95, logLikelihood: -2959.986844
[00:02:39] [worker #2] Bootstrap tree #96, logLikelihood: -2804.475995
[00:02:40] [worker #0] Bootstrap tree #100, logLikelihood: -2616.959773
[00:02:41] [worker #1] Bootstrap tree #98, logLikelihood: -2954.198787
[00:02:44] [worker #2] Bootstrap tree #99, logLikelihood: -3035.665656
[00:02:47] [worker #0] Bootstrap tree #103, logLikelihood: -3100.158096
[00:02:47] [worker #2] Bootstrap tree #102, logLikelihood: -3312.918297
[00:02:50] [worker #2] Bootstrap tree #105, logLikelihood: -2865.222777
[00:02:51] [worker #0] Bootstrap tree #106, logLikelihood: -2744.480054
[00:02:51] [worker #1] Bootstrap tree #101, logLikelihood: -2605.348434
[00:02:54] [worker #2] Bootstrap tree #108, logLikelihood: -2909.673144
[00:02:55] [worker #1] Bootstrap tree #104, logLikelihood: -3117.397511
[00:02:56] [worker #0] Bootstrap tree #109, logLikelihood: -2965.942197
[00:02:58] [worker #2] Bootstrap tree #111, logLikelihood: -2971.074954
[00:02:59] [worker #1] Bootstrap tree #107, logLikelihood: -3133.117733
[00:02:59] [worker #0] Bootstrap tree #112, logLikelihood: -2992.471757
[00:03:01] [worker #2] Bootstrap tree #114, logLikelihood: -3045.516477
[00:03:03] [worker #0] Bootstrap tree #115, logLikelihood: -2952.376553
[00:03:03] [worker #1] Bootstrap tree #110, logLikelihood: -2705.006386
[00:03:04] [worker #2] Bootstrap tree #117, logLikelihood: -2831.541335
[00:03:06] [worker #1] Bootstrap tree #113, logLikelihood: -3015.281526
[00:03:07] [worker #0] Bootstrap tree #118, logLikelihood: -3091.233781
[00:03:08] [worker #2] Bootstrap tree #120, logLikelihood: -3006.958057
[00:03:10] [worker #1] Bootstrap tree #116, logLikelihood: -2810.519446
[00:03:10] [worker #0] Bootstrap tree #121, logLikelihood: -2910.436865
[00:03:13] [worker #2] Bootstrap tree #123, logLikelihood: -2907.908022
[00:03:14] [worker #1] Bootstrap tree #119, logLikelihood: -2890.310810
[00:03:14] [worker #0] Bootstrap tree #124, logLikelihood: -2791.896663
[00:03:16] [worker #2] Bootstrap tree #126, logLikelihood: -2876.163158
[00:03:17] [worker #1] Bootstrap tree #122, logLikelihood: -3277.486935
[00:03:18] [worker #0] Bootstrap tree #127, logLikelihood: -2987.630383
[00:03:22] [worker #0] Bootstrap tree #130, logLikelihood: -2874.625652
[00:03:23] [worker #1] Bootstrap tree #125, logLikelihood: -2960.458098
[00:03:24] [worker #2] Bootstrap tree #129, logLikelihood: -3113.747858
[00:03:27] [worker #0] Bootstrap tree #133, logLikelihood: -3023.668867
[00:03:27] [worker #2] Bootstrap tree #132, logLikelihood: -2846.581802
[00:03:27] [worker #1] Bootstrap tree #128, logLikelihood: -3069.491519
[00:03:31] [worker #0] Bootstrap tree #136, logLikelihood: -3080.194251
[00:03:31] [worker #1] Bootstrap tree #131, logLikelihood: -3053.898809
[00:03:32] [worker #2] Bootstrap tree #135, logLikelihood: -2827.454660
[00:03:34] [worker #1] Bootstrap tree #134, logLikelihood: -2849.772179
[00:03:35] [worker #0] Bootstrap tree #139, logLikelihood: -2761.468931
[00:03:36] [worker #2] Bootstrap tree #138, logLikelihood: -2715.387718
[00:03:38] [worker #1] Bootstrap tree #137, logLikelihood: -2975.437465
[00:03:39] [worker #0] Bootstrap tree #142, logLikelihood: -2857.330759
[00:03:40] [worker #2] Bootstrap tree #141, logLikelihood: -2848.703899
[00:03:42] [worker #1] Bootstrap tree #140, logLikelihood: -2715.301075
[00:03:43] [worker #2] Bootstrap tree #144, logLikelihood: -2965.284801
[00:03:43] [worker #0] Bootstrap tree #145, logLikelihood: -3039.848787
[00:03:46] [worker #1] Bootstrap tree #143, logLikelihood: -2795.050499
[00:03:47] [worker #2] Bootstrap tree #147, logLikelihood: -2746.327252
[00:03:47] [worker #0] Bootstrap tree #148, logLikelihood: -2961.001996
[00:03:51] [worker #1] Bootstrap tree #146, logLikelihood: -3010.902688
[00:03:51] [worker #2] Bootstrap tree #150, logLikelihood: -2912.261408
[00:03:54] [worker #1] Bootstrap tree #149, logLikelihood: -2919.211504
[00:03:58] [worker #0] Bootstrap tree #151, logLikelihood: -3133.953625
[00:03:58] [worker #1] Bootstrap tree #152, logLikelihood: -2766.593201
[00:03:58] [worker #2] Bootstrap tree #153, logLikelihood: -2866.568927
[00:04:02] [worker #2] Bootstrap tree #156, logLikelihood: -2830.681566
[00:04:02] [worker #1] Bootstrap tree #155, logLikelihood: -2517.078897
[00:04:02] [worker #0] Bootstrap tree #154, logLikelihood: -2977.501244
[00:04:05] [worker #0] Bootstrap tree #157, logLikelihood: -2960.946451
[00:04:05] [worker #1] Bootstrap tree #158, logLikelihood: -2861.899409
[00:04:06] [worker #2] Bootstrap tree #159, logLikelihood: -2809.917559
[00:04:09] [worker #0] Bootstrap tree #160, logLikelihood: -3076.217653
[00:04:09] [worker #1] Bootstrap tree #161, logLikelihood: -2904.190400
[00:04:10] [worker #2] Bootstrap tree #162, logLikelihood: -2771.122949
[00:04:12] [worker #0] Bootstrap tree #163, logLikelihood: -2835.227284
[00:04:14] [worker #2] Bootstrap tree #165, logLikelihood: -2992.277375
[00:04:14] [worker #1] Bootstrap tree #164, logLikelihood: -2821.513764
[00:04:16] [worker #0] Bootstrap tree #166, logLikelihood: -3014.384800
[00:04:17] [worker #1] Bootstrap tree #167, logLikelihood: -2786.785397
[00:04:17] [worker #2] Bootstrap tree #168, logLikelihood: -2845.234811
[00:04:21] [worker #0] Bootstrap tree #169, logLikelihood: -2859.336601
[00:04:21] [worker #1] Bootstrap tree #170, logLikelihood: -3201.373382
[00:04:22] [worker #2] Bootstrap tree #171, logLikelihood: -3187.871050
[00:04:24] [worker #0] Bootstrap tree #172, logLikelihood: -2931.828226
[00:04:24] [worker #1] Bootstrap tree #173, logLikelihood: -3237.769718
[00:04:26] [worker #2] Bootstrap tree #174, logLikelihood: -2865.658824
[00:04:28] [worker #1] Bootstrap tree #176, logLikelihood: -3143.922185
[00:04:28] [worker #0] Bootstrap tree #175, logLikelihood: -2694.476497
[00:04:29] [worker #2] Bootstrap tree #177, logLikelihood: -2913.051643
[00:04:31] [worker #1] Bootstrap tree #179, logLikelihood: -2804.231557
[00:04:32] [worker #0] Bootstrap tree #178, logLikelihood: -2507.514437
[00:04:33] [worker #2] Bootstrap tree #180, logLikelihood: -2942.133069
[00:04:34] [worker #1] Bootstrap tree #182, logLikelihood: -2873.075530
[00:04:35] [worker #0] Bootstrap tree #181, logLikelihood: -2637.156223
[00:04:36] [worker #2] Bootstrap tree #183, logLikelihood: -2951.936030
[00:04:39] [worker #1] Bootstrap tree #185, logLikelihood: -3285.294486
[00:04:40] [worker #0] Bootstrap tree #184, logLikelihood: -3032.532989
[00:04:40] [worker #2] Bootstrap tree #186, logLikelihood: -3088.449789
[00:04:42] [worker #1] Bootstrap tree #188, logLikelihood: -2925.621613
[00:04:44] [worker #0] Bootstrap tree #187, logLikelihood: -2852.175935
[00:04:44] [worker #2] Bootstrap tree #189, logLikelihood: -2810.378090
[00:04:45] [worker #1] Bootstrap tree #191, logLikelihood: -2872.014671
[00:04:47] [worker #2] Bootstrap tree #192, logLikelihood: -2888.432363
[00:04:47] [worker #0] Bootstrap tree #190, logLikelihood: -3233.345085
[00:04:48] [worker #1] Bootstrap tree #194, logLikelihood: -3001.634120
[00:04:51] [worker #0] Bootstrap tree #193, logLikelihood: -2676.057763
[00:04:52] [worker #1] Bootstrap tree #197, logLikelihood: -2812.759209
[00:04:53] [worker #2] Bootstrap tree #195, logLikelihood: -2928.522902
[00:04:56] [worker #1] Bootstrap tree #200, logLikelihood: -3255.353539
[00:04:56] [worker #2] Bootstrap tree #198, logLikelihood: -2874.459610
[00:04:58] [worker #0] Bootstrap tree #196, logLikelihood: -2931.270082
[00:05:01] [worker #0] Bootstrap tree #199, logLikelihood: -3162.233417
[00:05:05] [worker #0] Bootstrap tree #202, logLikelihood: -3160.797753
[00:05:05] [worker #1] Bootstrap tree #203, logLikelihood: -2966.308314
[00:05:06] [worker #2] Bootstrap tree #201, logLikelihood: -3189.643974
[00:05:09] [worker #1] Bootstrap tree #206, logLikelihood: -3077.006246
[00:05:10] [worker #2] Bootstrap tree #204, logLikelihood: -2914.515882
[00:05:12] [worker #0] Bootstrap tree #205, logLikelihood: -2860.797913
[00:05:13] [worker #1] Bootstrap tree #209, logLikelihood: -3086.789365
[00:05:13] [worker #2] Bootstrap tree #207, logLikelihood: -3191.792876
[00:05:17] [worker #1] Bootstrap tree #212, logLikelihood: -3058.436520
[00:05:17] [worker #0] Bootstrap tree #208, logLikelihood: -2901.786675
[00:05:19] [worker #2] Bootstrap tree #210, logLikelihood: -3041.140411
[00:05:20] [worker #1] Bootstrap tree #215, logLikelihood: -2964.124961
[00:05:21] [worker #0] Bootstrap tree #211, logLikelihood: -2989.724002
[00:05:22] [worker #2] Bootstrap tree #213, logLikelihood: -2904.642896
[00:05:25] [worker #1] Bootstrap tree #218, logLikelihood: -3029.935139
[00:05:26] [worker #0] Bootstrap tree #214, logLikelihood: -2832.282444
[00:05:27] [worker #2] Bootstrap tree #216, logLikelihood: -3142.431590
[00:05:29] [worker #1] Bootstrap tree #221, logLikelihood: -2933.387169
[00:05:30] [worker #0] Bootstrap tree #217, logLikelihood: -2904.485290
[00:05:31] [worker #2] Bootstrap tree #219, logLikelihood: -2981.782810
[00:05:34] [worker #1] Bootstrap tree #224, logLikelihood: -2688.243526
[00:05:35] [worker #2] Bootstrap tree #222, logLikelihood: -2865.209542
[00:05:35] [worker #0] Bootstrap tree #220, logLikelihood: -2844.823155
[00:05:38] [worker #1] Bootstrap tree #227, logLikelihood: -2886.454439
[00:05:39] [worker #2] Bootstrap tree #225, logLikelihood: -3038.264602
[00:05:40] [worker #0] Bootstrap tree #223, logLikelihood: -3085.399947
[00:05:42] [worker #1] Bootstrap tree #230, logLikelihood: -2871.096066
[00:05:42] [worker #2] Bootstrap tree #228, logLikelihood: -2932.442947
[00:05:43] [worker #0] Bootstrap tree #226, logLikelihood: -2948.176536
[00:05:45] [worker #1] Bootstrap tree #233, logLikelihood: -3241.154833
[00:05:45] [worker #2] Bootstrap tree #231, logLikelihood: -3033.846280
[00:05:47] [worker #0] Bootstrap tree #229, logLikelihood: -3030.848365
[00:05:48] [worker #1] Bootstrap tree #236, logLikelihood: -2728.443065
[00:05:50] [worker #2] Bootstrap tree #234, logLikelihood: -2718.528052
[00:05:51] [worker #0] Bootstrap tree #232, logLikelihood: -2782.866727
[00:05:52] [worker #1] Bootstrap tree #239, logLikelihood: -2989.846991
[00:05:54] [worker #2] Bootstrap tree #237, logLikelihood: -2969.152630
[00:05:55] [worker #0] Bootstrap tree #235, logLikelihood: -3051.613201
[00:05:55] [worker #1] Bootstrap tree #242, logLikelihood: -3156.260552
[00:05:57] [worker #2] Bootstrap tree #240, logLikelihood: -3089.514050
[00:05:59] [worker #1] Bootstrap tree #245, logLikelihood: -2767.439468
[00:05:59] [worker #0] Bootstrap tree #238, logLikelihood: -3071.053186
[00:06:01] [worker #2] Bootstrap tree #243, logLikelihood: -3104.764553
[00:06:02] [worker #1] Bootstrap tree #248, logLikelihood: -2779.742056
[00:06:03] [worker #0] Bootstrap tree #241, logLikelihood: -2995.346201
[00:06:05] [worker #2] Bootstrap tree #246, logLikelihood: -3096.837013
[00:06:07] [worker #0] Bootstrap tree #244, logLikelihood: -3106.768768
[00:06:09] [worker #2] Bootstrap tree #249, logLikelihood: -2789.677301
[00:06:10] [worker #0] Bootstrap tree #247, logLikelihood: -2958.939420
[00:06:14] [worker #0] Bootstrap tree #250, logLikelihood: -3223.127080
[00:06:18] [worker #1] Bootstrap tree #251, logLikelihood: -2917.321595
[00:06:18] [worker #2] Bootstrap tree #252, logLikelihood: -2660.961765
[00:06:18] [worker #0] Bootstrap tree #253, logLikelihood: -2949.736342
[00:06:21] [worker #0] Bootstrap tree #256, logLikelihood: -2904.911219
[00:06:21] [worker #1] Bootstrap tree #254, logLikelihood: -2876.210726
[00:06:22] [worker #2] Bootstrap tree #255, logLikelihood: -2798.611080
[00:06:25] [worker #1] Bootstrap tree #257, logLikelihood: -2818.699355
[00:06:25] [worker #0] Bootstrap tree #259, logLikelihood: -3030.218137
[00:06:26] [worker #2] Bootstrap tree #258, logLikelihood: -3201.272521
[00:06:28] [worker #0] Bootstrap tree #262, logLikelihood: -2742.830038
[00:06:29] [worker #1] Bootstrap tree #260, logLikelihood: -2938.612450
[00:06:30] [worker #2] Bootstrap tree #261, logLikelihood: -2978.464684
[00:06:31] [worker #0] Bootstrap tree #265, logLikelihood: -2873.017046
[00:06:33] [worker #1] Bootstrap tree #263, logLikelihood: -3183.483774
[00:06:33] [worker #2] Bootstrap tree #264, logLikelihood: -3168.360368
[00:06:35] [worker #0] Bootstrap tree #268, logLikelihood: -3063.607251
[00:06:36] [worker #1] Bootstrap tree #266, logLikelihood: -3096.733937
[00:06:38] [worker #2] Bootstrap tree #267, logLikelihood: -2926.793153
[00:06:39] [worker #0] Bootstrap tree #271, logLikelihood: -3113.539174
[00:06:42] [worker #2] Bootstrap tree #270, logLikelihood: -2943.199414
[00:06:42] [worker #0] Bootstrap tree #274, logLikelihood: -2758.327498
[00:06:45] [worker #1] Bootstrap tree #269, logLikelihood: -3072.252738
[00:06:46] [worker #0] Bootstrap tree #277, logLikelihood: -3192.345590
[00:06:46] [worker #2] Bootstrap tree #273, logLikelihood: -2949.027850
[00:06:48] [worker #1] Bootstrap tree #272, logLikelihood: -2896.331650
[00:06:49] [worker #2] Bootstrap tree #276, logLikelihood: -2975.798659
[00:06:51] [worker #0] Bootstrap tree #280, logLikelihood: -3185.010415
[00:06:52] [worker #1] Bootstrap tree #275, logLikelihood: -3009.610875
[00:06:53] [worker #2] Bootstrap tree #279, logLikelihood: -3106.754953
[00:06:56] [worker #2] Bootstrap tree #282, logLikelihood: -2822.315733
[00:06:56] [worker #0] Bootstrap tree #283, logLikelihood: -3230.828015
[00:06:56] [worker #1] Bootstrap tree #278, logLikelihood: -3132.647416
[00:07:00] [worker #2] Bootstrap tree #285, logLikelihood: -2987.760260
[00:07:00] [worker #0] Bootstrap tree #286, logLikelihood: -3094.136395
[00:07:00] [worker #1] Bootstrap tree #281, logLikelihood: -3101.274630
[00:07:03] [worker #2] Bootstrap tree #288, logLikelihood: -2719.283983
[00:07:04] [worker #0] Bootstrap tree #289, logLikelihood: -2913.255072
[00:07:04] [worker #1] Bootstrap tree #284, logLikelihood: -2965.958218
[00:07:06] [worker #2] Bootstrap tree #291, logLikelihood: -2708.073858
[00:07:08] [worker #0] Bootstrap tree #292, logLikelihood: -3036.561722
[00:07:10] [worker #2] Bootstrap tree #294, logLikelihood: -3079.587232
[00:07:10] [worker #1] Bootstrap tree #287, logLikelihood: -3274.532590
[00:07:11] [worker #0] Bootstrap tree #295, logLikelihood: -2683.404453
[00:07:14] [worker #2] Bootstrap tree #297, logLikelihood: -2893.682197
[00:07:14] [worker #1] Bootstrap tree #290, logLikelihood: -2908.477033
[00:07:15] [worker #0] Bootstrap tree #298, logLikelihood: -3161.199847
[00:07:17] [worker #2] Bootstrap tree #300, logLikelihood: -2972.870778
[00:07:18] [worker #1] Bootstrap tree #293, logLikelihood: -3138.002371
[00:07:23] [worker #1] Bootstrap tree #296, logLikelihood: -3219.846574
[00:07:26] [worker #1] Bootstrap tree #299, logLikelihood: -2775.676951
[00:07:31] [worker #0] Bootstrap tree #301, logLikelihood: -2940.622034
[00:07:31] [worker #2] Bootstrap tree #303, logLikelihood: -2972.608534
[00:07:32] [worker #1] Bootstrap tree #302, logLikelihood: -2818.823597
[00:07:35] [worker #0] Bootstrap tree #304, logLikelihood: -2748.995387
[00:07:36] [worker #1] Bootstrap tree #305, logLikelihood: -2987.685542
[00:07:37] [worker #2] Bootstrap tree #306, logLikelihood: -2830.669732
[00:07:38] [worker #0] Bootstrap tree #307, logLikelihood: -3009.976272
[00:07:39] [worker #1] Bootstrap tree #308, logLikelihood: -2966.058143
[00:07:41] [worker #2] Bootstrap tree #309, logLikelihood: -3158.663396
[00:07:42] [worker #0] Bootstrap tree #310, logLikelihood: -2867.501121
[00:07:43] [worker #1] Bootstrap tree #311, logLikelihood: -2879.744944
[00:07:44] [worker #2] Bootstrap tree #312, logLikelihood: -3232.895604
[00:07:45] [worker #0] Bootstrap tree #313, logLikelihood: -3044.303895
[00:07:47] [worker #1] Bootstrap tree #314, logLikelihood: -3007.043203
[00:07:47] [worker #2] Bootstrap tree #315, logLikelihood: -2812.720850
[00:07:49] [worker #0] Bootstrap tree #316, logLikelihood: -3086.682169
[00:07:50] [worker #2] Bootstrap tree #318, logLikelihood: -3196.203470
[00:07:50] [worker #1] Bootstrap tree #317, logLikelihood: -2916.673091
[00:07:52] [worker #0] Bootstrap tree #319, logLikelihood: -3028.589370
[00:07:54] [worker #1] Bootstrap tree #320, logLikelihood: -2902.133532
[00:07:55] [worker #2] Bootstrap tree #321, logLikelihood: -2779.044324
[00:07:56] [worker #0] Bootstrap tree #322, logLikelihood: -2787.026386
[00:07:58] [worker #1] Bootstrap tree #323, logLikelihood: -3067.250242
[00:07:59] [worker #2] Bootstrap tree #324, logLikelihood: -3097.527687
[00:08:01] [worker #0] Bootstrap tree #325, logLikelihood: -2906.257733
[00:08:01] [worker #1] Bootstrap tree #326, logLikelihood: -2951.634031
[00:08:03] [worker #2] Bootstrap tree #327, logLikelihood: -2941.677318
[00:08:04] [worker #0] Bootstrap tree #328, logLikelihood: -2989.639534
[00:08:05] [worker #1] Bootstrap tree #329, logLikelihood: -3010.202687
[00:08:07] [worker #2] Bootstrap tree #330, logLikelihood: -3170.320757
[00:08:08] [worker #0] Bootstrap tree #331, logLikelihood: -3103.570788
[00:08:09] [worker #1] Bootstrap tree #332, logLikelihood: -2842.221499
[00:08:10] [worker #2] Bootstrap tree #333, logLikelihood: -3086.492109
[00:08:11] [worker #0] Bootstrap tree #334, logLikelihood: -2907.593297
[00:08:13] [worker #1] Bootstrap tree #335, logLikelihood: -3056.940325
[00:08:14] [worker #2] Bootstrap tree #336, logLikelihood: -2987.070344
[00:08:15] [worker #0] Bootstrap tree #337, logLikelihood: -3339.814248
[00:08:16] [worker #1] Bootstrap tree #338, logLikelihood: -3064.046949
[00:08:18] [worker #2] Bootstrap tree #339, logLikelihood: -2857.408546
[00:08:19] [worker #0] Bootstrap tree #340, logLikelihood: -2933.373854
[00:08:21] [worker #1] Bootstrap tree #341, logLikelihood: -2758.748202
[00:08:21] [worker #2] Bootstrap tree #342, logLikelihood: -3078.073939
[00:08:25] [worker #1] Bootstrap tree #344, logLikelihood: -3018.369526
[00:08:25] [worker #2] Bootstrap tree #345, logLikelihood: -3096.220329
[00:08:27] [worker #0] Bootstrap tree #343, logLikelihood: -3135.797570
[00:08:28] [worker #1] Bootstrap tree #347, logLikelihood: -3022.766190
[00:08:29] [worker #2] Bootstrap tree #348, logLikelihood: -3054.901994
[00:08:30] [worker #0] Bootstrap tree #346, logLikelihood: -2982.944115
[00:08:32] [worker #1] Bootstrap tree #350, logLikelihood: -3113.246388
[00:08:34] [worker #0] Bootstrap tree #349, logLikelihood: -2879.056466
[00:08:39] [worker #2] Bootstrap tree #351, logLikelihood: -2869.198870
[00:08:39] [worker #0] Bootstrap tree #352, logLikelihood: -2722.340264
[00:08:40] [worker #1] Bootstrap tree #353, logLikelihood: -2691.418724
[00:08:43] [worker #2] Bootstrap tree #354, logLikelihood: -2997.274850
[00:08:44] [worker #1] Bootstrap tree #356, logLikelihood: -3218.303141
[00:08:45] [worker #0] Bootstrap tree #355, logLikelihood: -2911.318910
[00:08:46] [worker #2] Bootstrap tree #357, logLikelihood: -2884.023670
[00:08:48] [worker #1] Bootstrap tree #359, logLikelihood: -2953.444409
[00:08:48] [worker #0] Bootstrap tree #358, logLikelihood: -2972.996335
[00:08:50] [worker #2] Bootstrap tree #360, logLikelihood: -3133.013793
[00:08:52] [worker #1] Bootstrap tree #362, logLikelihood: -3013.128160
[00:08:52] [worker #0] Bootstrap tree #361, logLikelihood: -3291.514350
[00:08:53] [worker #2] Bootstrap tree #363, logLikelihood: -2856.827821
[00:08:56] [worker #1] Bootstrap tree #365, logLikelihood: -2673.497979
[00:08:56] [worker #0] Bootstrap tree #364, logLikelihood: -2972.745354
[00:08:57] [worker #2] Bootstrap tree #366, logLikelihood: -2705.200991
[00:09:00] [worker #1] Bootstrap tree #368, logLikelihood: -2926.884208
[00:09:00] [worker #0] Bootstrap tree #367, logLikelihood: -2960.221964
[00:09:01] [worker #2] Bootstrap tree #369, logLikelihood: -3257.060349
[00:09:04] [worker #0] Bootstrap tree #370, logLikelihood: -3108.594445
[00:09:04] [worker #1] Bootstrap tree #371, logLikelihood: -3103.466108
[00:09:05] [worker #2] Bootstrap tree #372, logLikelihood: -2981.286244
[00:09:07] [worker #0] Bootstrap tree #373, logLikelihood: -2604.875168
[00:09:07] [worker #1] Bootstrap tree #374, logLikelihood: -3005.300981
[00:09:09] [worker #2] Bootstrap tree #375, logLikelihood: -2932.681951
[00:09:10] [worker #0] Bootstrap tree #376, logLikelihood: -2842.617844
[00:09:11] [worker #1] Bootstrap tree #377, logLikelihood: -2917.249557
[00:09:13] [worker #2] Bootstrap tree #378, logLikelihood: -3093.244087
[00:09:14] [worker #1] Bootstrap tree #380, logLikelihood: -2926.483002
[00:09:15] [worker #0] Bootstrap tree #379, logLikelihood: -2911.936949
[00:09:17] [worker #2] Bootstrap tree #381, logLikelihood: -3172.514193
[00:09:18] [worker #1] Bootstrap tree #383, logLikelihood: -3100.797178
[00:09:18] [worker #0] Bootstrap tree #382, logLikelihood: -3069.087327
[00:09:20] [worker #2] Bootstrap tree #384, logLikelihood: -2804.757168
[00:09:22] [worker #1] Bootstrap tree #386, logLikelihood: -2625.896001
[00:09:23] [worker #0] Bootstrap tree #385, logLikelihood: -2872.211373
[00:09:24] [worker #2] Bootstrap tree #387, logLikelihood: -3068.455266
[00:09:27] [worker #1] Bootstrap tree #389, logLikelihood: -3097.341861
[00:09:27] [worker #0] Bootstrap tree #388, logLikelihood: -3082.685269
[00:09:28] [worker #2] Bootstrap tree #390, logLikelihood: -2965.420821
[00:09:31] [worker #1] Bootstrap tree #392, logLikelihood: -3228.058818
[00:09:31] [worker #0] Bootstrap tree #391, logLikelihood: -2821.533931
[00:09:32] [worker #2] Bootstrap tree #393, logLikelihood: -3040.633985
[00:09:34] [worker #1] Bootstrap tree #395, logLikelihood: -3058.521702
[00:09:35] [worker #2] Bootstrap tree #396, logLikelihood: -2810.336775
[00:09:37] [worker #0] Bootstrap tree #394, logLikelihood: -2918.400474
[00:09:37] [worker #1] Bootstrap tree #398, logLikelihood: -2843.519145
[00:09:38] [worker #2] Bootstrap tree #399, logLikelihood: -2981.740370
[00:09:41] [worker #0] Bootstrap tree #397, logLikelihood: -3065.988724
[00:09:44] [worker #0] Bootstrap tree #400, logLikelihood: -3058.174763
[00:09:48] [worker #2] Bootstrap tree #402, logLikelihood: -3019.332898
[00:09:48] [worker #0] Bootstrap tree #403, logLikelihood: -2921.555104
[00:09:49] [worker #1] Bootstrap tree #401, logLikelihood: -2914.451224
[00:09:52] [worker #2] Bootstrap tree #405, logLikelihood: -3027.197309
[00:09:52] [worker #0] Bootstrap tree #406, logLikelihood: -3101.681677
[00:09:52] [worker #1] Bootstrap tree #404, logLikelihood: -3051.190329
[00:09:55] [worker #2] Bootstrap tree #408, logLikelihood: -2753.838331
[00:09:55] [worker #1] Bootstrap tree #407, logLikelihood: -2787.331596
[00:09:56] [worker #0] Bootstrap tree #409, logLikelihood: -3179.345919
[00:09:58] [worker #2] Bootstrap tree #411, logLikelihood: -2996.451472
[00:09:59] [worker #1] Bootstrap tree #410, logLikelihood: -3008.161251
[00:10:00] [worker #0] Bootstrap tree #412, logLikelihood: -2979.781632
[00:10:02] [worker #2] Bootstrap tree #414, logLikelihood: -3010.448690
[00:10:02] [worker #1] Bootstrap tree #413, logLikelihood: -3034.308553
[00:10:03] [worker #0] Bootstrap tree #415, logLikelihood: -2811.724669
[00:10:05] [worker #2] Bootstrap tree #417, logLikelihood: -2734.190433
[00:10:06] [worker #1] Bootstrap tree #416, logLikelihood: -3179.089360
[00:10:06] [worker #0] Bootstrap tree #418, logLikelihood: -2622.541725
[00:10:10] [worker #1] Bootstrap tree #419, logLikelihood: -3144.409673
[00:10:10] [worker #0] Bootstrap tree #421, logLikelihood: -2945.822460
[00:10:11] [worker #2] Bootstrap tree #420, logLikelihood: -3000.580802
[00:10:14] [worker #1] Bootstrap tree #422, logLikelihood: -2757.984569
[00:10:14] [worker #0] Bootstrap tree #424, logLikelihood: -2792.234328
[00:10:17] [worker #2] Bootstrap tree #423, logLikelihood: -2821.285194
[00:10:18] [worker #1] Bootstrap tree #425, logLikelihood: -3214.109625
[00:10:19] [worker #0] Bootstrap tree #427, logLikelihood: -3026.447247
[00:10:20] [worker #2] Bootstrap tree #426, logLikelihood: -2786.468376
[00:10:22] [worker #1] Bootstrap tree #428, logLikelihood: -2819.138714
[00:10:23] [worker #2] Bootstrap tree #429, logLikelihood: -3035.789006
[00:10:23] [worker #0] Bootstrap tree #430, logLikelihood: -3133.490861
[00:10:25] [worker #1] Bootstrap tree #431, logLikelihood: -2879.462890
[00:10:27] [worker #0] Bootstrap tree #433, logLikelihood: -2826.380438
[00:10:28] [worker #2] Bootstrap tree #432, logLikelihood: -3064.116246
[00:10:31] [worker #0] Bootstrap tree #436, logLikelihood: -3081.917999
[00:10:31] [worker #1] Bootstrap tree #434, logLikelihood: -3187.162595
[00:10:31] [worker #2] Bootstrap tree #435, logLikelihood: -2914.493682
[00:10:34] [worker #0] Bootstrap tree #439, logLikelihood: -3068.255156
[00:10:35] [worker #1] Bootstrap tree #437, logLikelihood: -2980.163464
[00:10:35] [worker #2] Bootstrap tree #438, logLikelihood: -3021.568934
[00:10:38] [worker #0] Bootstrap tree #442, logLikelihood: -2993.866777
[00:10:39] [worker #1] Bootstrap tree #440, logLikelihood: -2950.412958
[00:10:39] [worker #2] Bootstrap tree #441, logLikelihood: -3128.981808
[00:10:43] [worker #1] Bootstrap tree #443, logLikelihood: -3255.974417
[00:10:44] [worker #0] Bootstrap tree #445, logLikelihood: -2955.206339
[00:10:46] [worker #2] Bootstrap tree #444, logLikelihood: -2879.510939
[00:10:47] [worker #1] Bootstrap tree #446, logLikelihood: -2903.759827
[00:10:48] [worker #0] Bootstrap tree #448, logLikelihood: -2751.479544
[00:10:50] [worker #2] Bootstrap tree #447, logLikelihood: -3040.488073
[00:10:51] [worker #1] Bootstrap tree #449, logLikelihood: -2916.117407
[00:10:53] [worker #2] Bootstrap tree #450, logLikelihood: -2743.787549
[00:10:57] [worker #1] Bootstrap tree #452, logLikelihood: -2905.453067
[00:10:58] [worker #2] Bootstrap tree #453, logLikelihood: -3041.414141
[00:11:00] [worker #0] Bootstrap tree #451, logLikelihood: -3007.415174
[00:11:02] [worker #1] Bootstrap tree #455, logLikelihood: -3043.922670
[00:11:02] [worker #2] Bootstrap tree #456, logLikelihood: -3057.794256
[00:11:03] [worker #0] Bootstrap tree #454, logLikelihood: -2903.652236
[00:11:05] [worker #1] Bootstrap tree #458, logLikelihood: -2853.734340
[00:11:05] [worker #2] Bootstrap tree #459, logLikelihood: -3229.497055
[00:11:08] [worker #2] Bootstrap tree #462, logLikelihood: -2848.641681
[00:11:10] [worker #1] Bootstrap tree #461, logLikelihood: -3015.678503
[00:11:11] [worker #0] Bootstrap tree #457, logLikelihood: -2835.058072
[00:11:11] [worker #2] Bootstrap tree #465, logLikelihood: -2878.816130
[00:11:14] [worker #1] Bootstrap tree #464, logLikelihood: -3180.594291
[00:11:15] [worker #0] Bootstrap tree #460, logLikelihood: -3049.965725
[00:11:15] [worker #2] Bootstrap tree #468, logLikelihood: -2920.547624
[00:11:18] [worker #0] Bootstrap tree #463, logLikelihood: -3002.421716
[00:11:18] [worker #2] Bootstrap tree #471, logLikelihood: -3015.293631
[00:11:18] [worker #1] Bootstrap tree #467, logLikelihood: -3151.533098
[00:11:22] [worker #0] Bootstrap tree #466, logLikelihood: -2844.720160
[00:11:22] [worker #2] Bootstrap tree #474, logLikelihood: -3170.935824
[00:11:23] [worker #1] Bootstrap tree #470, logLikelihood: -2963.769568
[00:11:25] [worker #0] Bootstrap tree #469, logLikelihood: -2889.099861
[00:11:25] [worker #2] Bootstrap tree #477, logLikelihood: -3025.235257
[00:11:26] [worker #1] Bootstrap tree #473, logLikelihood: -3198.337337
[00:11:30] [worker #2] Bootstrap tree #480, logLikelihood: -2940.933104
[00:11:30] [worker #0] Bootstrap tree #472, logLikelihood: -2855.282944
[00:11:31] [worker #1] Bootstrap tree #476, logLikelihood: -2878.021487
[00:11:33] [worker #2] Bootstrap tree #483, logLikelihood: -3225.149420
[00:11:34] [worker #1] Bootstrap tree #479, logLikelihood: -2773.596434
[00:11:34] [worker #0] Bootstrap tree #475, logLikelihood: -3135.512250
[00:11:37] [worker #1] Bootstrap tree #482, logLikelihood: -2927.349401
[00:11:38] [worker #0] Bootstrap tree #478, logLikelihood: -2981.829480
[00:11:38] [worker #2] Bootstrap tree #486, logLikelihood: -2954.707808
[00:11:41] [worker #1] Bootstrap tree #485, logLikelihood: -2911.030183
[00:11:42] [worker #0] Bootstrap tree #481, logLikelihood: -2841.807133
[00:11:43] [worker #2] Bootstrap tree #489, logLikelihood: -2884.816598
[00:11:44] [worker #1] Bootstrap tree #488, logLikelihood: -3082.690367
[00:11:47] [worker #1] Bootstrap tree #491, logLikelihood: -3179.579297
[00:11:47] [worker #0] Bootstrap tree #484, logLikelihood: -2858.826565
[00:11:48] [worker #2] Bootstrap tree #492, logLikelihood: -2988.384244
[00:11:50] [worker #1] Bootstrap tree #494, logLikelihood: -3035.448667
[00:11:51] [worker #0] Bootstrap tree #487, logLikelihood: -2801.968434
[00:11:51] [worker #2] Bootstrap tree #495, logLikelihood: -2850.812751
[00:11:54] [worker #1] Bootstrap tree #497, logLikelihood: -2829.520321
[00:11:55] [worker #2] Bootstrap tree #498, logLikelihood: -2947.547170
[00:11:55] [worker #0] Bootstrap tree #490, logLikelihood: -3018.728618
[00:11:57] [worker #1] Bootstrap tree #500, logLikelihood: -3121.946612
[00:11:59] [worker #0] Bootstrap tree #493, logLikelihood: -3149.853541
[00:12:02] [worker #0] Bootstrap tree #496, logLikelihood: -2890.309848
[00:12:06] [worker #0] Bootstrap tree #499, logLikelihood: -3027.790403
[00:12:11] [worker #1] Bootstrap tree #503, logLikelihood: -3009.858087
[00:12:11] [worker #0] Bootstrap tree #502, logLikelihood: -2906.036496
[00:12:12] [worker #2] Bootstrap tree #501, logLikelihood: -3065.922678
[00:12:15] [worker #1] Bootstrap tree #506, logLikelihood: -2789.148439
[00:12:15] [worker #0] Bootstrap tree #505, logLikelihood: -2949.120401
[00:12:17] [worker #2] Bootstrap tree #504, logLikelihood: -3162.532818
[00:12:18] [worker #0] Bootstrap tree #508, logLikelihood: -2984.826225
[00:12:20] [worker #1] Bootstrap tree #509, logLikelihood: -2698.001896
[00:12:22] [worker #0] Bootstrap tree #511, logLikelihood: -3051.306265
[00:12:23] [worker #2] Bootstrap tree #507, logLikelihood: -2808.772488
[00:12:25] [worker #1] Bootstrap tree #512, logLikelihood: -3131.724290
[00:12:26] [worker #0] Bootstrap tree #514, logLikelihood: -3021.999643
[00:12:27] [worker #2] Bootstrap tree #510, logLikelihood: -3079.192824
[00:12:29] [worker #1] Bootstrap tree #515, logLikelihood: -3087.983532
[00:12:30] [worker #2] Bootstrap tree #513, logLikelihood: -2895.596405
[00:12:31] [worker #0] Bootstrap tree #517, logLikelihood: -2721.842132
[00:12:33] [worker #1] Bootstrap tree #518, logLikelihood: -2867.504062
[00:12:34] [worker #2] Bootstrap tree #516, logLikelihood: -2931.520332
[00:12:35] [worker #0] Bootstrap tree #520, logLikelihood: -3140.884168
[00:12:37] [worker #2] Bootstrap tree #519, logLikelihood: -2716.201727
[00:12:38] [worker #1] Bootstrap tree #521, logLikelihood: -2863.276978
[00:12:40] [worker #0] Bootstrap tree #523, logLikelihood: -3142.024613
[00:12:41] [worker #2] Bootstrap tree #522, logLikelihood: -3197.069656
[00:12:43] [worker #0] Bootstrap tree #526, logLikelihood: -3127.630254
[00:12:44] [worker #1] Bootstrap tree #524, logLikelihood: -2962.336843
[00:12:46] [worker #2] Bootstrap tree #525, logLikelihood: -3121.543454
[00:12:47] [worker #0] Bootstrap tree #529, logLikelihood: -2872.242177
[00:12:48] [worker #1] Bootstrap tree #527, logLikelihood: -2819.820474
[00:12:49] [worker #2] Bootstrap tree #528, logLikelihood: -2615.278873
[00:12:50] [worker #0] Bootstrap tree #532, logLikelihood: -3130.919785
[00:12:54] [worker #1] Bootstrap tree #530, logLikelihood: -2956.117298
[00:12:55] [worker #2] Bootstrap tree #531, logLikelihood: -2955.997099
[00:12:55] [worker #0] Bootstrap tree #535, logLikelihood: -2856.999228
[00:12:57] [worker #1] Bootstrap tree #533, logLikelihood: -3156.891953
[00:12:58] [worker #2] Bootstrap tree #534, logLikelihood: -2911.791425
[00:12:58] [worker #0] Bootstrap tree #538, logLikelihood: -3090.478144
[00:13:02] [worker #1] Bootstrap tree #536, logLikelihood: -3187.761577
[00:13:02] [worker #0] Bootstrap tree #541, logLikelihood: -3016.844198
[00:13:02] [worker #2] Bootstrap tree #537, logLikelihood: -3162.228055
[00:13:05] [worker #1] Bootstrap tree #539, logLikelihood: -2936.921441
[00:13:06] [worker #0] Bootstrap tree #544, logLikelihood: -3033.023368
[00:13:07] [worker #2] Bootstrap tree #540, logLikelihood: -2918.811324
[00:13:10] [worker #1] Bootstrap tree #542, logLikelihood: -2741.988346
[00:13:10] [worker #0] Bootstrap tree #547, logLikelihood: -3100.955533
[00:13:10] [worker #2] Bootstrap tree #543, logLikelihood: -3184.142364
[00:13:13] [worker #1] Bootstrap tree #545, logLikelihood: -3225.867472
[00:13:14] [worker #0] Bootstrap tree #550, logLikelihood: -3093.289900
[00:13:14] [worker #2] Bootstrap tree #546, logLikelihood: -2898.275649
[00:13:18] [worker #2] Bootstrap tree #549, logLikelihood: -2981.997376
[00:13:18] [worker #1] Bootstrap tree #548, logLikelihood: -2687.326390
[00:13:23] [worker #2] Bootstrap tree #552, logLikelihood: -3066.437533
[00:13:23] [worker #1] Bootstrap tree #551, logLikelihood: -2668.862178
[00:13:24] [worker #0] Bootstrap tree #553, logLikelihood: -2797.018804
[00:13:27] [worker #2] Bootstrap tree #555, logLikelihood: -2855.876487
[00:13:27] [worker #1] Bootstrap tree #554, logLikelihood: -2892.837510
[00:13:27] [worker #0] Bootstrap tree #556, logLikelihood: -2989.754327
[00:13:30] [worker #1] Bootstrap tree #557, logLikelihood: -3009.654742
[00:13:30] [worker #0] Bootstrap tree #559, logLikelihood: -3001.399828
[00:13:31] [worker #2] Bootstrap tree #558, logLikelihood: -2795.090771
[00:13:33] [worker #1] Bootstrap tree #560, logLikelihood: -3207.481712
[00:13:34] [worker #2] Bootstrap tree #561, logLikelihood: -2983.887462
[00:13:34] [worker #0] Bootstrap tree #562, logLikelihood: -3101.769017
[00:13:37] [worker #1] Bootstrap tree #563, logLikelihood: -3116.544508
[00:13:37] [worker #2] Bootstrap tree #564, logLikelihood: -3127.182243
[00:13:38] [worker #0] Bootstrap tree #565, logLikelihood: -2879.374308
[00:13:41] [worker #1] Bootstrap tree #566, logLikelihood: -3032.956208
[00:13:41] [worker #2] Bootstrap tree #567, logLikelihood: -2973.177126
[00:13:42] [worker #0] Bootstrap tree #568, logLikelihood: -3215.514040
[00:13:44] [worker #2] Bootstrap tree #570, logLikelihood: -2870.264619
[00:13:45] [worker #1] Bootstrap tree #569, logLikelihood: -3114.637460
[00:13:45] [worker #0] Bootstrap tree #571, logLikelihood: -3061.710495
[00:13:49] [worker #2] Bootstrap tree #573, logLikelihood: -2970.242802
[00:13:49] [worker #1] Bootstrap tree #572, logLikelihood: -2876.007763
[00:13:49] [worker #0] Bootstrap tree #574, logLikelihood: -2997.096961
[00:13:52] [worker #0] Bootstrap tree #577, logLikelihood: -3011.659116
[00:13:52] [worker #1] Bootstrap tree #575, logLikelihood: -3045.323852
[00:13:53] [worker #2] Bootstrap tree #576, logLikelihood: -2772.160960
[00:13:56] [worker #0] Bootstrap tree #580, logLikelihood: -3185.419311
[00:13:56] [worker #2] Bootstrap tree #579, logLikelihood: -3020.258467
[00:13:58] [worker #1] Bootstrap tree #578, logLikelihood: -3257.094147
[00:13:59] [worker #0] Bootstrap tree #583, logLikelihood: -3143.658244
[00:14:00] [worker #2] Bootstrap tree #582, logLikelihood: -2888.677080
[00:14:02] [worker #1] Bootstrap tree #581, logLikelihood: -3087.190232
[00:14:04] [worker #2] Bootstrap tree #585, logLikelihood: -3078.512834
[00:14:05] [worker #0] Bootstrap tree #586, logLikelihood: -3164.409681
[00:14:05] [worker #1] Bootstrap tree #584, logLikelihood: -2947.139748
[00:14:07] [worker #2] Bootstrap tree #588, logLikelihood: -2926.851047
[00:14:09] [worker #1] Bootstrap tree #587, logLikelihood: -2962.002677
[00:14:10] [worker #2] Bootstrap tree #591, logLikelihood: -2865.290549
[00:14:10] [worker #0] Bootstrap tree #589, logLikelihood: -3051.637357
[00:14:13] [worker #1] Bootstrap tree #590, logLikelihood: -2770.266287
[00:14:15] [worker #0] Bootstrap tree #592, logLikelihood: -2927.027565
[00:14:15] [worker #2] Bootstrap tree #594, logLikelihood: -2717.983825
[00:14:16] [worker #1] Bootstrap tree #593, logLikelihood: -2924.107419
[00:14:18] [worker #0] Bootstrap tree #595, logLikelihood: -3035.390976
[00:14:20] [worker #2] Bootstrap tree #597, logLikelihood: -3047.710339
[00:14:21] [worker #1] Bootstrap tree #596, logLikelihood: -3095.250721
[00:14:22] [worker #0] Bootstrap tree #598, logLikelihood: -3022.419993
[00:14:23] [worker #2] Bootstrap tree #600, logLikelihood: -3052.186532
[00:14:24] [worker #1] Bootstrap tree #599, logLikelihood: -3097.013837
[00:14:29] [worker #1] Bootstrap tree #602, logLikelihood: -3022.682350
[00:14:30] [worker #0] Bootstrap tree #601, logLikelihood: -2927.629249
[00:14:30] [worker #2] Bootstrap tree #603, logLikelihood: -3156.753657
[00:14:32] [worker #1] Bootstrap tree #605, logLikelihood: -2960.979408
[00:14:34] [worker #0] Bootstrap tree #604, logLikelihood: -3001.480064
[00:14:35] [worker #2] Bootstrap tree #606, logLikelihood: -2936.166930
[00:14:36] [worker #1] Bootstrap tree #608, logLikelihood: -3057.675458
[00:14:37] [worker #0] Bootstrap tree #607, logLikelihood: -3001.562771
[00:14:39] [worker #2] Bootstrap tree #609, logLikelihood: -3102.667798
[00:14:41] [worker #1] Bootstrap tree #611, logLikelihood: -3262.816911
[00:14:41] [worker #0] Bootstrap tree #610, logLikelihood: -2897.111592
[00:14:42] [worker #2] Bootstrap tree #612, logLikelihood: -3071.797173
[00:14:45] [worker #0] Bootstrap tree #613, logLikelihood: -2911.359864
[00:14:46] [worker #2] Bootstrap tree #615, logLikelihood: -2812.940130
[00:14:46] [worker #1] Bootstrap tree #614, logLikelihood: -3008.545446
[00:14:49] [worker #2] Bootstrap tree #618, logLikelihood: -2835.690196
[00:14:49] [worker #0] Bootstrap tree #616, logLikelihood: -3127.238731
[00:14:49] [worker #1] Bootstrap tree #617, logLikelihood: -3120.023775
[00:14:52] [worker #2] Bootstrap tree #621, logLikelihood: -2986.645220
[00:14:53] [worker #1] Bootstrap tree #620, logLikelihood: -2692.111066
[00:14:53] [worker #0] Bootstrap tree #619, logLikelihood: -2963.798541
[00:14:56] [worker #2] Bootstrap tree #624, logLikelihood: -3134.543377
[00:14:56] [worker #0] Bootstrap tree #622, logLikelihood: -2820.353713
[00:14:57] [worker #1] Bootstrap tree #623, logLikelihood: -3070.309006
[00:14:59] [worker #2] Bootstrap tree #627, logLikelihood: -2560.552236
[00:15:00] [worker #1] Bootstrap tree #626, logLikelihood: -2941.836872
[00:15:02] [worker #0] Bootstrap tree #625, logLikelihood: -2820.075967
[00:15:03] [worker #1] Bootstrap tree #629, logLikelihood: -2869.597051
[00:15:04] [worker #2] Bootstrap tree #630, logLikelihood: -2947.935301
[00:15:06] [worker #0] Bootstrap tree #628, logLikelihood: -2989.416859
[00:15:07] [worker #2] Bootstrap tree #633, logLikelihood: -2959.089296
[00:15:08] [worker #1] Bootstrap tree #632, logLikelihood: -2839.198397
[00:15:10] [worker #0] Bootstrap tree #631, logLikelihood: -3082.635478
[00:15:10] [worker #2] Bootstrap tree #636, logLikelihood: -2752.543190
[00:15:12] [worker #1] Bootstrap tree #635, logLikelihood: -2845.963813
[00:15:13] [worker #0] Bootstrap tree #634, logLikelihood: -3046.453330
[00:15:14] [worker #1] Bootstrap tree #638, logLikelihood: -2889.668930
[00:15:15] [worker #2] Bootstrap tree #639, logLikelihood: -3039.269821
[00:15:17] [worker #0] Bootstrap tree #637, logLikelihood: -3151.220163
[00:15:18] [worker #1] Bootstrap tree #641, logLikelihood: -3172.639920
[00:15:19] [worker #2] Bootstrap tree #642, logLikelihood: -2891.338558
[00:15:21] [worker #0] Bootstrap tree #640, logLikelihood: -2807.105283
[00:15:22] [worker #1] Bootstrap tree #644, logLikelihood: -3023.940885
[00:15:22] [worker #2] Bootstrap tree #645, logLikelihood: -2831.863220
[00:15:25] [worker #0] Bootstrap tree #643, logLikelihood: -2944.244469
[00:15:25] [worker #1] Bootstrap tree #647, logLikelihood: -2698.076854
[00:15:26] [worker #2] Bootstrap tree #648, logLikelihood: -2827.731094
[00:15:29] [worker #0] Bootstrap tree #646, logLikelihood: -2791.279270
[00:15:29] [worker #1] Bootstrap tree #650, logLikelihood: -2919.920668
[00:15:33] [worker #0] Bootstrap tree #649, logLikelihood: -2957.582849
[00:15:38] [worker #0] Bootstrap tree #652, logLikelihood: -2816.031515
[00:15:38] [worker #2] Bootstrap tree #651, logLikelihood: -2968.324424
[00:15:39] [worker #1] Bootstrap tree #653, logLikelihood: -3081.473841
[00:15:42] [worker #1] Bootstrap tree #656, logLikelihood: -3055.117984
[00:15:42] [worker #0] Bootstrap tree #655, logLikelihood: -3072.759470
[00:15:43] [worker #2] Bootstrap tree #654, logLikelihood: -2887.116805
[00:15:46] [worker #1] Bootstrap tree #659, logLikelihood: -3096.777649
[00:15:46] [worker #0] Bootstrap tree #658, logLikelihood: -2992.687010
[00:15:47] [worker #2] Bootstrap tree #657, logLikelihood: -2945.809798
[00:15:50] [worker #1] Bootstrap tree #662, logLikelihood: -2992.039462
[00:15:50] [worker #0] Bootstrap tree #661, logLikelihood: -3041.190379
[00:15:50] [worker #2] Bootstrap tree #660, logLikelihood: -3111.042710
[00:15:53] [worker #1] Bootstrap tree #665, logLikelihood: -2998.414949
[00:15:54] [worker #2] Bootstrap tree #663, logLikelihood: -3036.472764
[00:15:55] [worker #0] Bootstrap tree #664, logLikelihood: -2997.933805
[00:15:57] [worker #1] Bootstrap tree #668, logLikelihood: -3129.475065
[00:15:57] [worker #2] Bootstrap tree #666, logLikelihood: -3050.325745
[00:15:59] [worker #0] Bootstrap tree #667, logLikelihood: -2989.495739
[00:16:01] [worker #2] Bootstrap tree #669, logLikelihood: -2903.151256
[00:16:01] [worker #1] Bootstrap tree #671, logLikelihood: -3070.196881
[00:16:04] [worker #0] Bootstrap tree #670, logLikelihood: -3027.900783
[00:16:05] [worker #2] Bootstrap tree #672, logLikelihood: -3225.845414
[00:16:06] [worker #1] Bootstrap tree #674, logLikelihood: -3186.575991
[00:16:08] [worker #0] Bootstrap tree #673, logLikelihood: -3276.185135
[00:16:08] [worker #2] Bootstrap tree #675, logLikelihood: -2738.261695
[00:27:36] [worker #0] Bootstrap tree #676, logLikelihood: -2986.587819
[00:27:37] [worker #2] Bootstrap tree #678, logLikelihood: -3106.465866
[00:27:37] [worker #1] Bootstrap tree #677, logLikelihood: -2862.222348
[00:27:40] [worker #1] Bootstrap tree #680, logLikelihood: -3130.032301
[00:27:40] [worker #0] Bootstrap tree #679, logLikelihood: -3111.821140
[00:27:41] [worker #2] Bootstrap tree #681, logLikelihood: -3038.598025
[00:27:44] [worker #2] Bootstrap tree #684, logLikelihood: -2861.388765
[00:27:44] [worker #0] Bootstrap tree #682, logLikelihood: -2923.137523
[00:27:45] [worker #1] Bootstrap tree #683, logLikelihood: -3075.361064
[00:27:48] [worker #2] Bootstrap tree #687, logLikelihood: -3092.075638
[00:27:49] [worker #0] Bootstrap tree #685, logLikelihood: -2916.382472
[00:27:49] [worker #1] Bootstrap tree #686, logLikelihood: -3082.001192
[00:27:52] [worker #2] Bootstrap tree #690, logLikelihood: -3053.685041
[00:27:56] [worker #0] Bootstrap tree #688, logLikelihood: -2834.479740
[00:27:57] [worker #1] Bootstrap tree #689, logLikelihood: -2885.534827
[00:27:57] [worker #2] Bootstrap tree #693, logLikelihood: -2924.694045
[00:28:00] [worker #1] Bootstrap tree #692, logLikelihood: -2569.827920
[00:28:00] [worker #2] Bootstrap tree #696, logLikelihood: -3089.535914
[00:28:01] [worker #0] Bootstrap tree #691, logLikelihood: -3112.043982
[00:28:04] [worker #1] Bootstrap tree #695, logLikelihood: -3056.154043
[00:28:04] [worker #2] Bootstrap tree #699, logLikelihood: -3335.050960
[00:28:05] [worker #0] Bootstrap tree #694, logLikelihood: -2787.339485
[00:28:07] [worker #1] Bootstrap tree #698, logLikelihood: -2971.388562
[00:28:08] [worker #0] Bootstrap tree #697, logLikelihood: -3211.382717
[00:28:13] [worker #0] Bootstrap tree #700, logLikelihood: -3030.144109
[00:28:18] [worker #1] Bootstrap tree #701, logLikelihood: -2912.403735
[00:28:19] [worker #2] Bootstrap tree #702, logLikelihood: -2689.251369
[00:28:20] [worker #0] Bootstrap tree #703, logLikelihood: -2934.771209
[00:28:22] [worker #1] Bootstrap tree #704, logLikelihood: -3143.756196
[00:28:24] [worker #2] Bootstrap tree #705, logLikelihood: -3194.581285
[00:28:25] [worker #0] Bootstrap tree #706, logLikelihood: -3102.473106
[00:28:27] [worker #1] Bootstrap tree #707, logLikelihood: -2914.849237
[00:28:30] [worker #2] Bootstrap tree #708, logLikelihood: -2862.157179
[00:28:31] [worker #0] Bootstrap tree #709, logLikelihood: -2562.404196
[00:28:32] [worker #1] Bootstrap tree #710, logLikelihood: -3003.502098
[00:28:33] [worker #2] Bootstrap tree #711, logLikelihood: -2594.181070
[00:28:35] [worker #0] Bootstrap tree #712, logLikelihood: -3172.370815
[00:28:36] [worker #1] Bootstrap tree #713, logLikelihood: -3123.501049
[00:28:36] [worker #2] Bootstrap tree #714, logLikelihood: -2888.143005
[00:28:39] [worker #1] Bootstrap tree #716, logLikelihood: -2792.408595
[00:28:40] [worker #0] Bootstrap tree #715, logLikelihood: -2873.152520
[00:28:41] [worker #2] Bootstrap tree #717, logLikelihood: -3166.687542
[00:28:42] [worker #1] Bootstrap tree #719, logLikelihood: -2826.750083
[00:28:44] [worker #0] Bootstrap tree #718, logLikelihood: -2825.822013
[00:28:44] [worker #2] Bootstrap tree #720, logLikelihood: -3068.722523
[00:28:48] [worker #0] Bootstrap tree #721, logLikelihood: -2783.440413
[00:28:49] [worker #2] Bootstrap tree #723, logLikelihood: -2923.474926
[00:28:50] [worker #1] Bootstrap tree #722, logLikelihood: -2846.986801
[00:28:55] [worker #1] Bootstrap tree #725, logLikelihood: -2618.937560
[00:28:55] [worker #0] Bootstrap tree #724, logLikelihood: -2901.691111
[00:28:55] [worker #2] Bootstrap tree #726, logLikelihood: -3211.620161
[00:28:58] [worker #1] Bootstrap tree #728, logLikelihood: -3048.074182
[00:28:59] [worker #2] Bootstrap tree #729, logLikelihood: -2957.602640
[00:28:59] [worker #0] Bootstrap tree #727, logLikelihood: -3008.829078
[00:29:03] [worker #1] Bootstrap tree #731, logLikelihood: -2986.853120
[00:29:03] [worker #2] Bootstrap tree #732, logLikelihood: -2807.779372
[00:29:05] [worker #0] Bootstrap tree #730, logLikelihood: -3277.222171
[00:29:06] [worker #1] Bootstrap tree #734, logLikelihood: -3128.322659
[00:29:06] [worker #2] Bootstrap tree #735, logLikelihood: -2924.864283
[00:29:10] [worker #0] Bootstrap tree #733, logLikelihood: -2928.103355
[00:29:12] [worker #1] Bootstrap tree #737, logLikelihood: -2775.097365
[00:29:13] [worker #0] Bootstrap tree #736, logLikelihood: -3160.406059
[00:29:14] [worker #2] Bootstrap tree #738, logLikelihood: -2991.874998
[00:29:17] [worker #0] Bootstrap tree #739, logLikelihood: -2948.888744
[00:29:17] [worker #2] Bootstrap tree #741, logLikelihood: -2964.259131
[00:29:18] [worker #1] Bootstrap tree #740, logLikelihood: -2944.170927
[00:29:21] [worker #2] Bootstrap tree #744, logLikelihood: -2934.392001
[00:29:21] [worker #0] Bootstrap tree #742, logLikelihood: -3186.625522
[00:29:22] [worker #1] Bootstrap tree #743, logLikelihood: -2994.920321
[00:29:26] [worker #2] Bootstrap tree #747, logLikelihood: -2867.213297
[00:29:26] [worker #0] Bootstrap tree #745, logLikelihood: -3004.049510
[00:29:26] [worker #1] Bootstrap tree #746, logLikelihood: -3095.569632
[00:29:30] [worker #0] Bootstrap tree #748, logLikelihood: -2858.418370
[00:29:31] [worker #1] Bootstrap tree #749, logLikelihood: -3156.984842
[00:29:31] [worker #2] Bootstrap tree #750, logLikelihood: -3165.852476
[00:29:37] [worker #2] Bootstrap tree #753, logLikelihood: -2834.464511
[00:29:38] [worker #0] Bootstrap tree #751, logLikelihood: -3266.189931
[00:29:39] [worker #1] Bootstrap tree #752, logLikelihood: -3070.732178
[00:29:42] [worker #2] Bootstrap tree #756, logLikelihood: -3195.603957
[00:29:43] [worker #1] Bootstrap tree #755, logLikelihood: -2864.306411
[00:29:43] [worker #0] Bootstrap tree #754, logLikelihood: -2893.391864
[00:29:45] [worker #2] Bootstrap tree #759, logLikelihood: -3117.134110
[00:29:46] [worker #1] Bootstrap tree #758, logLikelihood: -3170.807570
[00:29:47] [worker #0] Bootstrap tree #757, logLikelihood: -2978.092499
[00:29:49] [worker #2] Bootstrap tree #762, logLikelihood: -2816.605481
[00:29:50] [worker #1] Bootstrap tree #761, logLikelihood: -3395.731571
[00:29:51] [worker #0] Bootstrap tree #760, logLikelihood: -3210.629149
[00:29:53] [worker #2] Bootstrap tree #765, logLikelihood: -3189.977295
[00:29:54] [worker #1] Bootstrap tree #764, logLikelihood: -3007.337769
[00:29:54] [worker #0] Bootstrap tree #763, logLikelihood: -2898.717988
[00:29:58] [worker #1] Bootstrap tree #767, logLikelihood: -3115.530927
[00:29:58] [worker #2] Bootstrap tree #768, logLikelihood: -2993.348932
[00:29:59] [worker #0] Bootstrap tree #766, logLikelihood: -3088.171963
[00:30:01] [worker #1] Bootstrap tree #770, logLikelihood: -2715.405980
[00:30:02] [worker #2] Bootstrap tree #771, logLikelihood: -3237.912788
[00:30:05] [worker #0] Bootstrap tree #769, logLikelihood: -3298.601566
[00:30:06] [worker #1] Bootstrap tree #773, logLikelihood: -3071.048905
[00:30:09] [worker #2] Bootstrap tree #774, logLikelihood: -2777.308395
[00:30:09] [worker #0] Bootstrap tree #772, logLikelihood: -3055.986619
[00:30:12] [worker #1] Bootstrap tree #776, logLikelihood: -2802.862396
[00:30:13] [worker #0] Bootstrap tree #775, logLikelihood: -2993.365340
[00:30:15] [worker #2] Bootstrap tree #777, logLikelihood: -2909.400265
[00:30:16] [worker #1] Bootstrap tree #779, logLikelihood: -2845.417084
[00:30:17] [worker #0] Bootstrap tree #778, logLikelihood: -3102.520094
[00:30:18] [worker #2] Bootstrap tree #780, logLikelihood: -3218.177738
[00:30:20] [worker #1] Bootstrap tree #782, logLikelihood: -2833.612559
[00:30:21] [worker #0] Bootstrap tree #781, logLikelihood: -3034.773573
[00:30:22] [worker #2] Bootstrap tree #783, logLikelihood: -3077.842289
[00:30:24] [worker #1] Bootstrap tree #785, logLikelihood: -3358.311446
[00:30:26] [worker #0] Bootstrap tree #784, logLikelihood: -3101.818263
[00:30:27] [worker #2] Bootstrap tree #786, logLikelihood: -2890.231914
[00:30:27] [worker #1] Bootstrap tree #788, logLikelihood: -2880.199148
[00:30:30] [worker #0] Bootstrap tree #787, logLikelihood: -2949.044121
[00:30:31] [worker #1] Bootstrap tree #791, logLikelihood: -2777.248149
[00:30:31] [worker #2] Bootstrap tree #789, logLikelihood: -2905.821410
[00:30:34] [worker #0] Bootstrap tree #790, logLikelihood: -2793.956274
[00:30:34] [worker #1] Bootstrap tree #794, logLikelihood: -3001.788593
[00:30:34] [worker #2] Bootstrap tree #792, logLikelihood: -2843.230308
[00:30:38] [worker #0] Bootstrap tree #793, logLikelihood: -2948.939157
[00:30:38] [worker #1] Bootstrap tree #797, logLikelihood: -3090.532033
[00:30:38] [worker #2] Bootstrap tree #795, logLikelihood: -3018.638861
[00:30:42] [worker #2] Bootstrap tree #798, logLikelihood: -3015.316678
[00:30:42] [worker #0] Bootstrap tree #796, logLikelihood: -2828.249582
[00:30:42] [worker #1] Bootstrap tree #800, logLikelihood: -3094.740497
[00:30:46] [worker #0] Bootstrap tree #799, logLikelihood: -3208.935240
[00:30:52] [worker #2] Bootstrap tree #801, logLikelihood: -3082.260705
[00:30:52] [worker #1] Bootstrap tree #803, logLikelihood: -2892.953185
[00:30:52] [worker #0] Bootstrap tree #802, logLikelihood: -2910.367971
[00:30:56] [worker #1] Bootstrap tree #806, logLikelihood: -2911.371950
[00:30:57] [worker #0] Bootstrap tree #805, logLikelihood: -2920.155845
[00:30:57] [worker #2] Bootstrap tree #804, logLikelihood: -2683.431161
[00:31:01] [worker #0] Bootstrap tree #808, logLikelihood: -3154.722990
[00:31:01] [worker #1] Bootstrap tree #809, logLikelihood: -3106.969799
[00:31:02] [worker #2] Bootstrap tree #807, logLikelihood: -3006.821999
[00:31:05] [worker #0] Bootstrap tree #811, logLikelihood: -2948.593197
[00:31:05] [worker #1] Bootstrap tree #812, logLikelihood: -3215.353656
[00:31:05] [worker #2] Bootstrap tree #810, logLikelihood: -2928.176010
[00:31:09] [worker #1] Bootstrap tree #815, logLikelihood: -2917.765165
[00:31:09] [worker #2] Bootstrap tree #813, logLikelihood: -3227.972394
[00:31:12] [worker #0] Bootstrap tree #814, logLikelihood: -2671.154270
[00:31:12] [worker #1] Bootstrap tree #818, logLikelihood: -2796.474657
[00:31:13] [worker #2] Bootstrap tree #816, logLikelihood: -2975.152773
[00:31:16] [worker #1] Bootstrap tree #821, logLikelihood: -3054.377298
[00:31:16] [worker #0] Bootstrap tree #817, logLikelihood: -2856.166465
[00:31:16] [worker #2] Bootstrap tree #819, logLikelihood: -2967.385388
[00:31:20] [worker #2] Bootstrap tree #822, logLikelihood: -2983.335821
[00:31:21] [worker #0] Bootstrap tree #820, logLikelihood: -2805.086862
[00:31:21] [worker #1] Bootstrap tree #824, logLikelihood: -3055.055920
[00:31:24] [worker #1] Bootstrap tree #827, logLikelihood: -3029.403106
[00:31:24] [worker #2] Bootstrap tree #825, logLikelihood: -2871.561714
[00:31:25] [worker #0] Bootstrap tree #823, logLikelihood: -2927.406666
[00:31:27] [worker #1] Bootstrap tree #830, logLikelihood: -3259.348107
[00:31:29] [worker #2] Bootstrap tree #828, logLikelihood: -3054.060396
[00:31:29] [worker #0] Bootstrap tree #826, logLikelihood: -2803.654645
[00:31:31] [worker #1] Bootstrap tree #833, logLikelihood: -2905.475904
[00:31:32] [worker #2] Bootstrap tree #831, logLikelihood: -2948.573177
[00:31:33] [worker #0] Bootstrap tree #829, logLikelihood: -2901.525245
[00:31:35] [worker #1] Bootstrap tree #836, logLikelihood: -2992.082058
[00:31:36] [worker #2] Bootstrap tree #834, logLikelihood: -2913.257322
[00:31:37] [worker #0] Bootstrap tree #832, logLikelihood: -2966.275504
[00:31:39] [worker #1] Bootstrap tree #839, logLikelihood: -3062.717138
[00:31:40] [worker #2] Bootstrap tree #837, logLikelihood: -3199.384742
[00:31:41] [worker #0] Bootstrap tree #835, logLikelihood: -2950.639310
[00:31:42] [worker #1] Bootstrap tree #842, logLikelihood: -3084.767597
[00:31:43] [worker #2] Bootstrap tree #840, logLikelihood: -3200.213876
[00:31:45] [worker #0] Bootstrap tree #838, logLikelihood: -2845.972048
[00:31:46] [worker #1] Bootstrap tree #845, logLikelihood: -2838.142031
[00:31:48] [worker #2] Bootstrap tree #843, logLikelihood: -3084.616154
[00:31:49] [worker #0] Bootstrap tree #841, logLikelihood: -3033.876481
[00:31:50] [worker #1] Bootstrap tree #848, logLikelihood: -2883.831236
[00:31:52] [worker #2] Bootstrap tree #846, logLikelihood: -2980.420464
[00:31:53] [worker #0] Bootstrap tree #844, logLikelihood: -3052.436976
[00:31:56] [worker #2] Bootstrap tree #849, logLikelihood: -2870.266983
[00:31:57] [worker #0] Bootstrap tree #847, logLikelihood: -2968.467662
[00:32:01] [worker #0] Bootstrap tree #850, logLikelihood: -3038.261113
[00:32:07] [worker #1] Bootstrap tree #851, logLikelihood: -2732.109917
[00:32:09] [worker #0] Bootstrap tree #853, logLikelihood: -3070.516644
[00:32:09] [worker #2] Bootstrap tree #852, logLikelihood: -2962.336923
[00:32:13] [worker #1] Bootstrap tree #854, logLikelihood: -2947.898375
[00:32:13] [worker #2] Bootstrap tree #855, logLikelihood: -3039.042622
[00:32:15] [worker #0] Bootstrap tree #856, logLikelihood: -3220.974152
[00:32:17] [worker #1] Bootstrap tree #857, logLikelihood: -3075.724868
[00:32:17] [worker #2] Bootstrap tree #858, logLikelihood: -3077.314991
[00:32:19] [worker #0] Bootstrap tree #859, logLikelihood: -3074.318698
[00:32:20] [worker #2] Bootstrap tree #861, logLikelihood: -3025.073841
[00:32:20] [worker #1] Bootstrap tree #860, logLikelihood: -2896.787424
[00:32:23] [worker #0] Bootstrap tree #862, logLikelihood: -3103.045319
[00:32:24] [worker #2] Bootstrap tree #864, logLikelihood: -3138.130926
[00:32:24] [worker #1] Bootstrap tree #863, logLikelihood: -3029.323676
[00:32:27] [worker #0] Bootstrap tree #865, logLikelihood: -2826.621576
[00:32:28] [worker #1] Bootstrap tree #866, logLikelihood: -2987.363572
[00:32:29] [worker #2] Bootstrap tree #867, logLikelihood: -3184.829113
[00:32:31] [worker #1] Bootstrap tree #869, logLikelihood: -2998.304928
[00:32:31] [worker #0] Bootstrap tree #868, logLikelihood: -3061.196335
[00:32:34] [worker #2] Bootstrap tree #870, logLikelihood: -3013.305835
[00:32:35] [worker #1] Bootstrap tree #872, logLikelihood: -3008.428394
[00:32:35] [worker #0] Bootstrap tree #871, logLikelihood: -2821.150700
[00:32:37] [worker #2] Bootstrap tree #873, logLikelihood: -2751.944587
[00:32:39] [worker #1] Bootstrap tree #875, logLikelihood: -2890.193844
[00:32:41] [worker #0] Bootstrap tree #874, logLikelihood: -2790.415294
[00:32:41] [worker #2] Bootstrap tree #876, logLikelihood: -2908.697557
[00:32:43] [worker #1] Bootstrap tree #878, logLikelihood: -3082.468438
[00:32:45] [worker #0] Bootstrap tree #877, logLikelihood: -2913.622823
[00:32:45] [worker #2] Bootstrap tree #879, logLikelihood: -3129.233912
[00:32:46] [worker #1] Bootstrap tree #881, logLikelihood: -2896.050620
[00:32:48] [worker #2] Bootstrap tree #882, logLikelihood: -2879.166913
[00:32:49] [worker #0] Bootstrap tree #880, logLikelihood: -3010.733731
[00:32:50] [worker #1] Bootstrap tree #884, logLikelihood: -3026.191541
[00:32:52] [worker #2] Bootstrap tree #885, logLikelihood: -2916.524567
[00:32:54] [worker #0] Bootstrap tree #883, logLikelihood: -2909.688996
[00:32:55] [worker #1] Bootstrap tree #887, logLikelihood: -2955.179684
[00:32:56] [worker #2] Bootstrap tree #888, logLikelihood: -2968.629233
[00:32:59] [worker #2] Bootstrap tree #891, logLikelihood: -3014.205842
[00:33:00] [worker #0] Bootstrap tree #886, logLikelihood: -3017.660221
[00:33:01] [worker #1] Bootstrap tree #890, logLikelihood: -2961.406120
[00:33:03] [worker #2] Bootstrap tree #894, logLikelihood: -2894.315569
[00:33:04] [worker #0] Bootstrap tree #889, logLikelihood: -2867.315819
[00:33:04] [worker #1] Bootstrap tree #893, logLikelihood: -3027.554778
[00:33:06] [worker #2] Bootstrap tree #897, logLikelihood: -3059.930863
[00:33:08] [worker #0] Bootstrap tree #892, logLikelihood: -3247.474632
[00:33:10] [worker #2] Bootstrap tree #900, logLikelihood: -3088.567261
[00:33:11] [worker #1] Bootstrap tree #896, logLikelihood: -3036.705440
[00:33:14] [worker #0] Bootstrap tree #895, logLikelihood: -2690.012472
[00:33:15] [worker #1] Bootstrap tree #899, logLikelihood: -3089.134483
[00:33:18] [worker #0] Bootstrap tree #898, logLikelihood: -3018.976791
[00:33:23] [worker #1] Bootstrap tree #902, logLikelihood: -3097.505816
[00:33:24] [worker #0] Bootstrap tree #901, logLikelihood: -3286.376961
[00:33:24] [worker #2] Bootstrap tree #903, logLikelihood: -3234.041773
[00:33:27] [worker #0] Bootstrap tree #904, logLikelihood: -2923.522304
[00:33:28] [worker #2] Bootstrap tree #906, logLikelihood: -2789.227745
[00:33:31] [worker #1] Bootstrap tree #905, logLikelihood: -3088.906801
[00:33:32] [worker #2] Bootstrap tree #909, logLikelihood: -2747.039249
[00:33:35] [worker #0] Bootstrap tree #907, logLikelihood: -3086.259703
[00:33:36] [worker #1] Bootstrap tree #908, logLikelihood: -2968.153240
[00:33:39] [worker #1] Bootstrap tree #911, logLikelihood: -2904.175976
[00:33:39] [worker #0] Bootstrap tree #910, logLikelihood: -2938.290064
[00:33:39] [worker #2] Bootstrap tree #912, logLikelihood: -3186.735905
[00:33:43] [worker #2] Bootstrap tree #915, logLikelihood: -2993.938814
[00:33:43] [worker #1] Bootstrap tree #914, logLikelihood: -2875.407996
[00:33:45] [worker #0] Bootstrap tree #913, logLikelihood: -3044.052148
[00:33:47] [worker #2] Bootstrap tree #918, logLikelihood: -3149.157597
[00:33:47] [worker #1] Bootstrap tree #917, logLikelihood: -2947.840669
[00:33:48] [worker #0] Bootstrap tree #916, logLikelihood: -3070.770371
[00:33:50] [worker #2] Bootstrap tree #921, logLikelihood: -2800.604210
[00:33:51] [worker #1] Bootstrap tree #920, logLikelihood: -3011.895743
[00:33:53] [worker #0] Bootstrap tree #919, logLikelihood: -3037.610404
[00:33:54] [worker #2] Bootstrap tree #924, logLikelihood: -2844.454095
[00:33:55] [worker #1] Bootstrap tree #923, logLikelihood: -3121.576937
[00:33:57] [worker #2] Bootstrap tree #927, logLikelihood: -2948.866271
[00:33:58] [worker #1] Bootstrap tree #926, logLikelihood: -3040.631203
[00:33:58] [worker #0] Bootstrap tree #922, logLikelihood: -3140.788796
[00:34:01] [worker #2] Bootstrap tree #930, logLikelihood: -3083.607486
[00:34:03] [worker #1] Bootstrap tree #929, logLikelihood: -2776.023860
[00:34:05] [worker #0] Bootstrap tree #925, logLikelihood: -2943.897799
[00:34:06] [worker #2] Bootstrap tree #933, logLikelihood: -2983.728631
[00:34:08] [worker #1] Bootstrap tree #932, logLikelihood: -3002.405741
[00:34:09] [worker #0] Bootstrap tree #928, logLikelihood: -2839.449432
[00:34:09] [worker #2] Bootstrap tree #936, logLikelihood: -3131.284043
[00:34:12] [worker #1] Bootstrap tree #935, logLikelihood: -2946.476249
[00:34:13] [worker #2] Bootstrap tree #939, logLikelihood: -2917.027442
[00:34:14] [worker #0] Bootstrap tree #931, logLikelihood: -3094.162061
[00:34:15] [worker #1] Bootstrap tree #938, logLikelihood: -2770.422163
[00:34:17] [worker #2] Bootstrap tree #942, logLikelihood: -3160.532828
[00:34:18] [worker #0] Bootstrap tree #934, logLikelihood: -3155.495463
[00:34:21] [worker #2] Bootstrap tree #945, logLikelihood: -2894.125777
[00:34:21] [worker #1] Bootstrap tree #941, logLikelihood: -3128.285122
[00:34:22] [worker #0] Bootstrap tree #937, logLikelihood: -2877.212771
[00:34:25] [worker #1] Bootstrap tree #944, logLikelihood: -3227.338134
[00:34:26] [worker #2] Bootstrap tree #948, logLikelihood: -3157.442700
[00:34:27] [worker #0] Bootstrap tree #940, logLikelihood: -2894.902839
[00:34:29] [worker #1] Bootstrap tree #947, logLikelihood: -3080.674719
[00:34:30] [worker #0] Bootstrap tree #943, logLikelihood: -2761.091632
[00:34:33] [worker #1] Bootstrap tree #950, logLikelihood: -3075.626650
[00:34:36] [worker #0] Bootstrap tree #946, logLikelihood: -2702.388765
[00:34:40] [worker #0] Bootstrap tree #949, logLikelihood: -2938.171100
[00:34:46] [worker #2] Bootstrap tree #951, logLikelihood: -3050.706127
[00:34:46] [worker #1] Bootstrap tree #953, logLikelihood: -2740.255180
[00:34:48] [worker #0] Bootstrap tree #952, logLikelihood: -2864.187338
[00:34:50] [worker #1] Bootstrap tree #956, logLikelihood: -3207.517344
[00:34:50] [worker #2] Bootstrap tree #954, logLikelihood: -3103.492117
[00:34:52] [worker #0] Bootstrap tree #955, logLikelihood: -2820.278422
[00:34:54] [worker #1] Bootstrap tree #959, logLikelihood: -2565.340834
[00:34:55] [worker #0] Bootstrap tree #958, logLikelihood: -2658.533682
[00:34:56] [worker #2] Bootstrap tree #957, logLikelihood: -2832.829409
[00:34:58] [worker #1] Bootstrap tree #962, logLikelihood: -3172.262082
[00:35:00] [worker #2] Bootstrap tree #960, logLikelihood: -2987.560082
[00:35:01] [worker #0] Bootstrap tree #961, logLikelihood: -2943.766510
[00:35:03] [worker #1] Bootstrap tree #965, logLikelihood: -3180.451938
[00:35:05] [worker #2] Bootstrap tree #963, logLikelihood: -3121.411098
[00:35:06] [worker #0] Bootstrap tree #964, logLikelihood: -2753.344039
[00:35:08] [worker #2] Bootstrap tree #966, logLikelihood: -2722.690371
[00:35:09] [worker #0] Bootstrap tree #967, logLikelihood: -2974.814687
[00:35:09] [worker #1] Bootstrap tree #968, logLikelihood: -2934.850277
[00:35:13] [worker #2] Bootstrap tree #969, logLikelihood: -2920.548683
[00:35:13] [worker #0] Bootstrap tree #970, logLikelihood: -3045.307413
[00:35:13] [worker #1] Bootstrap tree #971, logLikelihood: -3073.576519
[00:35:16] [worker #2] Bootstrap tree #972, logLikelihood: -3071.340698
[00:35:17] [worker #1] Bootstrap tree #974, logLikelihood: -3239.755933
[00:35:19] [worker #0] Bootstrap tree #973, logLikelihood: -3246.600368
[00:35:20] [worker #2] Bootstrap tree #975, logLikelihood: -2912.853382
[00:35:21] [worker #1] Bootstrap tree #977, logLikelihood: -3120.340538
[00:35:23] [worker #0] Bootstrap tree #976, logLikelihood: -2871.852695
[00:35:23] [worker #2] Bootstrap tree #978, logLikelihood: -2965.334095
[00:35:25] [worker #1] Bootstrap tree #980, logLikelihood: -2716.101977
[00:35:27] [worker #2] Bootstrap tree #981, logLikelihood: -3032.188284
[00:35:28] [worker #0] Bootstrap tree #979, logLikelihood: -3062.057743
[00:35:29] [worker #1] Bootstrap tree #983, logLikelihood: -3236.370799
[00:35:31] [worker #2] Bootstrap tree #984, logLikelihood: -2904.342275
[00:35:32] [worker #0] Bootstrap tree #982, logLikelihood: -2769.013963
[00:35:32] [worker #1] Bootstrap tree #986, logLikelihood: -3092.767615
[00:35:35] [worker #2] Bootstrap tree #987, logLikelihood: -2990.536596
[00:35:36] [worker #0] Bootstrap tree #985, logLikelihood: -3014.699336
[00:35:38] [worker #2] Bootstrap tree #990, logLikelihood: -2914.603013
[00:35:38] [worker #1] Bootstrap tree #989, logLikelihood: -3213.608499
[00:35:40] [worker #0] Bootstrap tree #988, logLikelihood: -2861.095902
[00:35:42] [worker #2] Bootstrap tree #993, logLikelihood: -2939.494331
[00:35:42] [worker #1] Bootstrap tree #992, logLikelihood: -3042.683925
[00:35:45] [worker #0] Bootstrap tree #991, logLikelihood: -2759.883485
[00:35:46] [worker #2] Bootstrap tree #996, logLikelihood: -2943.301396
[00:35:47] [worker #1] Bootstrap tree #995, logLikelihood: -3248.516515
[00:35:50] [worker #0] Bootstrap tree #994, logLikelihood: -2762.423387
[00:35:51] [worker #2] Bootstrap tree #999, logLikelihood: -2928.764473
[00:35:52] [worker #1] Bootstrap tree #998, logLikelihood: -2873.462539
[00:35:54] [worker #0] Bootstrap tree #997, logLikelihood: -2941.819327
[00:35:58] [worker #0] Bootstrap tree #1000, logLikelihood: -3115.897510

Optimized model parameters:

   Partition 0: noname
   Rate heterogeneity: NONE
   Base frequencies (model): 0.076923 0.076923 0.076923 0.076923 0.076923 0.076923 0.076923 0.076923 0.076923 0.076923 0.076923 0.076923 0.076923 
   Substitution rates (model): 1.000000 1.000000 1.000000 1.000000 1.000000 1.000000 1.000000 1.000000 1.000000 1.000000 1.000000 1.000000 1.000000 1.000000 1.000000 1.000000 1.000000 1.000000 1.000000 1.000000 1.000000 1.000000 1.000000 1.000000 1.000000 1.000000 1.000000 1.000000 1.000000 1.000000 1.000000 1.000000 1.000000 1.000000 1.000000 1.000000 1.000000 1.000000 1.000000 1.000000 1.000000 1.000000 1.000000 1.000000 1.000000 1.000000 1.000000 1.000000 1.000000 1.000000 1.000000 1.000000 1.000000 1.000000 1.000000 1.000000 1.000000 1.000000 1.000000 1.000000 1.000000 1.000000 1.000000 1.000000 1.000000 1.000000 1.000000 1.000000 1.000000 1.000000 1.000000 1.000000 1.000000 1.000000 1.000000 1.000000 1.000000 1.000000 


Final LogLikelihood: -3024.954706

AIC score: 6351.909412 / AICc score: 52255.909412 / BIC score: 6715.324018
Free parameters (model + branch lengths): 151

WARNING: Number of free parameters (K=151) is larger than alignment size (n=82).
         This might lead to overfitting and compromise tree inference results!


WARNING: Best ML tree contains 32 near-zero branches!

Best ML tree with collapsed near-zero branches saved to: /Users/dlavrov/GitHub/Projects/Demosponge_phylogeny/Demosponge-phylogeny-supplementary-data/3-GO-analysis/revision/RAxML/77taxa.phy.raxml.bestTreeCollapsed
Best ML tree saved to: /Users/dlavrov/GitHub/Projects/Demosponge_phylogeny/Demosponge-phylogeny-supplementary-data/3-GO-analysis/revision/RAxML/77taxa.phy.raxml.bestTree
All ML trees saved to: /Users/dlavrov/GitHub/Projects/Demosponge_phylogeny/Demosponge-phylogeny-supplementary-data/3-GO-analysis/revision/RAxML/77taxa.phy.raxml.mlTrees
Best ML tree with Felsenstein bootstrap (FBP) support values saved to: /Users/dlavrov/GitHub/Projects/Demosponge_phylogeny/Demosponge-phylogeny-supplementary-data/3-GO-analysis/revision/RAxML/77taxa.phy.raxml.support
Optimized model saved to: /Users/dlavrov/GitHub/Projects/Demosponge_phylogeny/Demosponge-phylogeny-supplementary-data/3-GO-analysis/revision/RAxML/77taxa.phy.raxml.bestModel
Bootstrap trees saved to: /Users/dlavrov/GitHub/Projects/Demosponge_phylogeny/Demosponge-phylogeny-supplementary-data/3-GO-analysis/revision/RAxML/77taxa.phy.raxml.bootstraps

Execution log saved to: /Users/dlavrov/GitHub/Projects/Demosponge_phylogeny/Demosponge-phylogeny-supplementary-data/3-GO-analysis/revision/RAxML/77taxa.phy.raxml.log

Analysis started: 21-Mar-2022 14:24:02 / finished: 21-Mar-2022 15:00:04

Elapsed time: 2162.185 seconds

