
RAxML-NG v. 0.8.0 BETA released on 11.01.2019 by The Exelixis Lab.
Authors: Alexey Kozlov, Alexandros Stamatakis, Diego Darriba, Tomas Flouri, Benoit Morel.
Latest version: https://github.com/amkozlov/raxml-ng
Questions/problems/suggestions? Please visit: https://groups.google.com/forum/#!forum/raxml

WARNING: This is a BETA release, please use at your own risk!

RAxML-NG was called at 02-Mar-2019 17:40:59 as follows:

/usr/local/bin/raxml-ng --all --msa 68taxa.phy --model MULTI13_MK --prefix T68 --threads 1

Analysis options:
  run mode: ML tree search + bootstrapping (Felsenstein Bootstrap)
  start tree(s): random (10) + parsimony (10)
  bootstrap replicates: max: 1000 + bootstopping (autoMRE, cutoff: 0.030000)
  random seed: 1551570059
  tip-inner: OFF
  pattern compression: ON
  per-rate scalers: OFF
  site repeats: ON
  branch lengths: proportional (ML estimate, algorithm: NR-FAST)
  SIMD kernels: AVX
  parallelization: NONE/sequential

[00:00:00] Reading alignment from file: 68taxa.phy
[00:00:00] Loaded alignment with 68 taxa and 82 sites

WARNING: Sequences DM_Adreus_fascicularis and DM_Tethya_actinia are exactly identical!
WARNING: Sequences DM_Adreus_fascicularis and DM_Tethya_sp_KU748128 are exactly identical!
WARNING: Sequences DM_Adreus_fascicularis and DM_Tethya_wilhelma are exactly identical!
WARNING: Sequences DM_Axinella_infundibuliformis and DM_Axinella_polypoides are exactly identical!
WARNING: Sequences DM_Biemna_caribea and DM_Neofibularia_nolitangere are exactly identical!
WARNING: Sequences DM_Cinachyrella_kuekanthali and DM_Dercitus_luteus are exactly identical!
WARNING: Sequences DM_Cinachyrella_kuekanthali and DM_Geodia_neptuni are exactly identical!
WARNING: Sequences DM_Cinachyrella_kuekanthali and DM_Neophrissospongia_sp. are exactly identical!
WARNING: Sequences DM_Cinachyrella_kuekanthali and DM_Poecillastra_laminaris are exactly identical!
WARNING: Sequences DM_Cinachyrella_kuekanthali and DM_Stelletta_fibrosa are exactly identical!
WARNING: Sequences DM_Clionaopsis_sp and DM_Placospongia_intermedia are exactly identical!
WARNING: Sequences DM_Corvomeyenia_sp and DM_Ephydatia_fluviatilis are exactly identical!
WARNING: Sequences DM_Corvomeyenia_sp and DM_Ephydatia_muelleri are exactly identical!
WARNING: Sequences DM_Corvomeyenia_sp and DM_Eunapius_subterraneus are exactly identical!
WARNING: Sequences DM_Corvomeyenia_sp and DM_Lubomirskia_baicalensis are exactly identical!
WARNING: Sequences DM_Corvomeyenia_sp and DM_Spongilla_lacustris are exactly identical!
WARNING: Sequences DM_Corvomeyenia_sp and DM_Svenzea_zeai are exactly identical!
WARNING: Sequences DM_Crella_elegans and DM_Hymedesmia_sp_MO1058 are exactly identical!
WARNING: Sequences DM_Cymbaxinella_corrugata and DM_Stylissa_carteri are exactly identical!
WARNING: Sequences DM_Diplastrella_bistellata and DM_Spirastrella_cunctatrix are exactly identical!
WARNING: Sequences DM_Halichondria_okadai_NC037391 and Halichondria_sp are exactly identical!
WARNING: Sequences DM_Halichondria_panicea and DM_Hymeniacidon_perlevis are exactly identical!
WARNING: Sequences DM_Halichondria_panicea and DM_Hymeniacidon_sinapium are exactly identical!
WARNING: Sequences DM_Halichondria_panicea and DM_Suberites_domuncula are exactly identical!
WARNING: Sequences DM_Halichondria_panicea and DM_Suberites_ficus are exactly identical!
WARNING: Sequences DM_Leiodermatium_sp and DM_Microscleroderma_sp are exactly identical!
WARNING: Sequences DM_Polymastia_littoralis and DM_Polymastia_tenax are exactly identical!
WARNING: Duplicate sequences found: 27

NOTE: Reduced alignment (with duplicates and gap-only sites/taxa removed) 
NOTE: was saved to: /Volumes/research/projects/Porifera/Demospongiae/00_analysis/gene_order/analysis/ME/data/T68.raxml.reduced.phy

Alignment comprises 1 partitions and 75 patterns

Partition 0: noname
Model: MULTI13_MK
Alignment sites / patterns: 82 / 75
Gaps: 1.79 %
Invariant sites: 2.44 %


NOTE: Binary MSA file created: T68.raxml.rba

[00:00:00] Generating 10 random starting tree(s) with 68 taxa
[00:00:00] Generating 10 parsimony starting tree(s) with 68 taxa
[00:00:00] Data distribution: max. partitions/sites/weight per thread: 1 / 75 / 975

Starting ML tree search with 20 distinct starting trees

[00:00:06] ML tree search #1, logLikelihood: -2909.996608
[00:00:12] ML tree search #2, logLikelihood: -2909.996618
[00:00:18] ML tree search #3, logLikelihood: -2909.996610
[00:00:24] ML tree search #4, logLikelihood: -2909.996630
[00:00:30] ML tree search #5, logLikelihood: -2909.996683
[00:00:37] ML tree search #6, logLikelihood: -2909.996612
[00:00:43] ML tree search #7, logLikelihood: -2909.996667
[00:00:49] ML tree search #8, logLikelihood: -2909.996615
[00:00:56] ML tree search #9, logLikelihood: -2909.996624
[00:01:02] ML tree search #10, logLikelihood: -2909.996684
[00:01:07] ML tree search #11, logLikelihood: -2909.996614
[00:01:12] ML tree search #12, logLikelihood: -2909.996615
[00:01:18] ML tree search #13, logLikelihood: -2909.996629
[00:01:23] ML tree search #14, logLikelihood: -2909.996622
[00:01:29] ML tree search #15, logLikelihood: -2909.996612
[00:01:34] ML tree search #16, logLikelihood: -2909.996627
[00:01:39] ML tree search #17, logLikelihood: -2913.170614
[00:01:45] ML tree search #18, logLikelihood: -2909.996726
[00:01:50] ML tree search #19, logLikelihood: -2909.996662
[00:01:56] ML tree search #20, logLikelihood: -2909.996719

[00:01:56] ML tree search completed, best tree logLH: -2909.996608

[00:01:56] Starting bootstrapping analysis with 1000 replicates.

[00:02:01] Bootstrap tree #1, logLikelihood: -2924.634166
[00:02:07] Bootstrap tree #2, logLikelihood: -3002.568086
[00:02:13] Bootstrap tree #3, logLikelihood: -3086.391932
[00:02:19] Bootstrap tree #4, logLikelihood: -2877.605583
[00:02:24] Bootstrap tree #5, logLikelihood: -3114.070538
[00:02:30] Bootstrap tree #6, logLikelihood: -2862.584699
[00:02:36] Bootstrap tree #7, logLikelihood: -2698.542104
[00:02:41] Bootstrap tree #8, logLikelihood: -2633.991993
[00:02:47] Bootstrap tree #9, logLikelihood: -2998.341931
[00:02:52] Bootstrap tree #10, logLikelihood: -3037.493672
[00:02:58] Bootstrap tree #11, logLikelihood: -2890.877096
[00:03:03] Bootstrap tree #12, logLikelihood: -2867.361420
[00:03:08] Bootstrap tree #13, logLikelihood: -2887.747322
[00:03:15] Bootstrap tree #14, logLikelihood: -2871.419732
[00:03:21] Bootstrap tree #15, logLikelihood: -2710.620738
[00:03:27] Bootstrap tree #16, logLikelihood: -2889.292752
[00:03:32] Bootstrap tree #17, logLikelihood: -3134.418207
[00:03:38] Bootstrap tree #18, logLikelihood: -3024.016290
[00:03:44] Bootstrap tree #19, logLikelihood: -3147.622109
[00:03:49] Bootstrap tree #20, logLikelihood: -2786.381137
[00:03:54] Bootstrap tree #21, logLikelihood: -2651.111252
[00:04:01] Bootstrap tree #22, logLikelihood: -2812.315978
[00:04:06] Bootstrap tree #23, logLikelihood: -2723.912861
[00:04:12] Bootstrap tree #24, logLikelihood: -2871.064056
[00:04:17] Bootstrap tree #25, logLikelihood: -2513.388431
[00:04:22] Bootstrap tree #26, logLikelihood: -2947.727166
[00:04:28] Bootstrap tree #27, logLikelihood: -2870.825925
[00:04:34] Bootstrap tree #28, logLikelihood: -2659.364337
[00:04:40] Bootstrap tree #29, logLikelihood: -2647.813435
[00:04:46] Bootstrap tree #30, logLikelihood: -3158.335755
[00:04:52] Bootstrap tree #31, logLikelihood: -2576.762985
[00:04:57] Bootstrap tree #32, logLikelihood: -2821.823691
[00:05:04] Bootstrap tree #33, logLikelihood: -2764.334909
[00:05:09] Bootstrap tree #34, logLikelihood: -2675.104581
[00:05:14] Bootstrap tree #35, logLikelihood: -3015.533695
[00:05:19] Bootstrap tree #36, logLikelihood: -2914.132562
[00:05:24] Bootstrap tree #37, logLikelihood: -2856.147454
[00:05:29] Bootstrap tree #38, logLikelihood: -2909.447310
[00:05:36] Bootstrap tree #39, logLikelihood: -2976.055848
[00:05:44] Bootstrap tree #40, logLikelihood: -2802.569491
[00:05:49] Bootstrap tree #41, logLikelihood: -2896.254303
[00:05:55] Bootstrap tree #42, logLikelihood: -3114.222568
[00:06:03] Bootstrap tree #43, logLikelihood: -3012.330017
[00:06:08] Bootstrap tree #44, logLikelihood: -2710.980142
[00:06:12] Bootstrap tree #45, logLikelihood: -2807.764242
[00:06:18] Bootstrap tree #46, logLikelihood: -3163.142458
[00:06:23] Bootstrap tree #47, logLikelihood: -2772.929009
[00:06:28] Bootstrap tree #48, logLikelihood: -2937.972235
[00:06:34] Bootstrap tree #49, logLikelihood: -2991.959589
[00:06:39] Bootstrap tree #50, logLikelihood: -3208.035969
[00:06:44] Bootstrap tree #51, logLikelihood: -2917.106335
[00:06:49] Bootstrap tree #52, logLikelihood: -3065.241079
[00:06:54] Bootstrap tree #53, logLikelihood: -2746.015344
[00:07:00] Bootstrap tree #54, logLikelihood: -2909.128632
[00:07:05] Bootstrap tree #55, logLikelihood: -2970.140844
[00:07:11] Bootstrap tree #56, logLikelihood: -2872.295194
[00:07:16] Bootstrap tree #57, logLikelihood: -3155.275801
[00:07:22] Bootstrap tree #58, logLikelihood: -2982.764461
[00:07:30] Bootstrap tree #59, logLikelihood: -3099.880477
[00:07:36] Bootstrap tree #60, logLikelihood: -2820.057805
[00:07:41] Bootstrap tree #61, logLikelihood: -2880.616319
[00:07:47] Bootstrap tree #62, logLikelihood: -2834.433245
[00:07:55] Bootstrap tree #63, logLikelihood: -2975.408479
[00:08:01] Bootstrap tree #64, logLikelihood: -3113.789904
[00:08:07] Bootstrap tree #65, logLikelihood: -2817.871580
[00:08:15] Bootstrap tree #66, logLikelihood: -2909.110571
[00:08:20] Bootstrap tree #67, logLikelihood: -2954.754969
[00:08:27] Bootstrap tree #68, logLikelihood: -2787.255405
[00:08:32] Bootstrap tree #69, logLikelihood: -2851.126965
[00:08:37] Bootstrap tree #70, logLikelihood: -3113.654243
[00:08:42] Bootstrap tree #71, logLikelihood: -2916.620218
[00:08:48] Bootstrap tree #72, logLikelihood: -2860.779740
[00:08:54] Bootstrap tree #73, logLikelihood: -2685.922841
[00:08:59] Bootstrap tree #74, logLikelihood: -3053.103732
[00:09:04] Bootstrap tree #75, logLikelihood: -2669.650791
[00:09:09] Bootstrap tree #76, logLikelihood: -2666.317656
[00:09:15] Bootstrap tree #77, logLikelihood: -2972.350515
[00:09:23] Bootstrap tree #78, logLikelihood: -2861.199977
[00:09:30] Bootstrap tree #79, logLikelihood: -2794.075593
[00:09:35] Bootstrap tree #80, logLikelihood: -2687.566101
[00:09:40] Bootstrap tree #81, logLikelihood: -2837.212549
[00:09:45] Bootstrap tree #82, logLikelihood: -2661.800538
[00:09:49] Bootstrap tree #83, logLikelihood: -2656.141963
[00:09:55] Bootstrap tree #84, logLikelihood: -3004.348530
[00:10:01] Bootstrap tree #85, logLikelihood: -2970.721399
[00:10:07] Bootstrap tree #86, logLikelihood: -2860.477335
[00:10:13] Bootstrap tree #87, logLikelihood: -3007.350027
[00:10:18] Bootstrap tree #88, logLikelihood: -3076.051713
[00:10:23] Bootstrap tree #89, logLikelihood: -2979.571569
[00:10:29] Bootstrap tree #90, logLikelihood: -2723.930998
[00:10:35] Bootstrap tree #91, logLikelihood: -2874.985314
[00:10:40] Bootstrap tree #92, logLikelihood: -2844.691052
[00:10:46] Bootstrap tree #93, logLikelihood: -2920.998899
[00:10:53] Bootstrap tree #94, logLikelihood: -2654.696680
[00:10:59] Bootstrap tree #95, logLikelihood: -2804.644011
[00:11:04] Bootstrap tree #96, logLikelihood: -3149.107487
[00:11:11] Bootstrap tree #97, logLikelihood: -2930.319963
[00:11:16] Bootstrap tree #98, logLikelihood: -3211.202218
[00:11:22] Bootstrap tree #99, logLikelihood: -2781.080978
[00:11:27] Bootstrap tree #100, logLikelihood: -2769.475346
[00:11:33] Bootstrap tree #101, logLikelihood: -2888.166430
[00:11:38] Bootstrap tree #102, logLikelihood: -2895.123134
[00:11:44] Bootstrap tree #103, logLikelihood: -2844.105337
[00:11:50] Bootstrap tree #104, logLikelihood: -2864.339697
[00:11:55] Bootstrap tree #105, logLikelihood: -2906.814658
[00:12:03] Bootstrap tree #106, logLikelihood: -2894.717103
[00:12:09] Bootstrap tree #107, logLikelihood: -2789.140405
[00:12:14] Bootstrap tree #108, logLikelihood: -2559.055802
[00:12:20] Bootstrap tree #109, logLikelihood: -3069.623498
[00:12:26] Bootstrap tree #110, logLikelihood: -3064.159287
[00:12:31] Bootstrap tree #111, logLikelihood: -2852.204618
[00:12:37] Bootstrap tree #112, logLikelihood: -2849.234059
[00:12:42] Bootstrap tree #113, logLikelihood: -2821.534171
[00:12:47] Bootstrap tree #114, logLikelihood: -3121.423932
[00:12:52] Bootstrap tree #115, logLikelihood: -2932.403781
[00:12:58] Bootstrap tree #116, logLikelihood: -2858.594155
[00:13:03] Bootstrap tree #117, logLikelihood: -2917.539520
[00:13:08] Bootstrap tree #118, logLikelihood: -2857.492550
[00:13:16] Bootstrap tree #119, logLikelihood: -2836.252838
[00:13:22] Bootstrap tree #120, logLikelihood: -2788.144201
[00:13:27] Bootstrap tree #121, logLikelihood: -2973.923737
[00:13:33] Bootstrap tree #122, logLikelihood: -3110.073484
[00:13:40] Bootstrap tree #123, logLikelihood: -2924.060245
[00:13:47] Bootstrap tree #124, logLikelihood: -2858.225377
[00:13:53] Bootstrap tree #125, logLikelihood: -3076.253301
[00:13:59] Bootstrap tree #126, logLikelihood: -2949.785840
[00:14:05] Bootstrap tree #127, logLikelihood: -2602.739887
[00:14:11] Bootstrap tree #128, logLikelihood: -2849.919658
[00:14:15] Bootstrap tree #129, logLikelihood: -3046.451546
[00:14:20] Bootstrap tree #130, logLikelihood: -2767.701355
[00:14:25] Bootstrap tree #131, logLikelihood: -2686.923628
[00:14:30] Bootstrap tree #132, logLikelihood: -2971.872052
[00:14:36] Bootstrap tree #133, logLikelihood: -2765.917704
[00:14:45] Bootstrap tree #134, logLikelihood: -2709.834128
[00:14:51] Bootstrap tree #135, logLikelihood: -3028.082745
[00:14:58] Bootstrap tree #136, logLikelihood: -3198.713217
[00:15:05] Bootstrap tree #137, logLikelihood: -2762.212876
[00:15:10] Bootstrap tree #138, logLikelihood: -2882.601721
[00:15:15] Bootstrap tree #139, logLikelihood: -2776.474016
[00:15:20] Bootstrap tree #140, logLikelihood: -2743.622857
[00:15:26] Bootstrap tree #141, logLikelihood: -2687.436224
[00:15:32] Bootstrap tree #142, logLikelihood: -2969.018500
[00:15:39] Bootstrap tree #143, logLikelihood: -2631.150737
[00:15:45] Bootstrap tree #144, logLikelihood: -3034.546032
[00:15:50] Bootstrap tree #145, logLikelihood: -2844.004640
[00:15:55] Bootstrap tree #146, logLikelihood: -2981.968255
[00:16:01] Bootstrap tree #147, logLikelihood: -2673.563008
[00:16:06] Bootstrap tree #148, logLikelihood: -2853.157846
[00:16:11] Bootstrap tree #149, logLikelihood: -2844.574027
[00:16:17] Bootstrap tree #150, logLikelihood: -2877.927055
[00:16:22] Bootstrap tree #151, logLikelihood: -2702.286691
[00:16:29] Bootstrap tree #152, logLikelihood: -3074.062135
[00:16:35] Bootstrap tree #153, logLikelihood: -2786.349504
[00:16:41] Bootstrap tree #154, logLikelihood: -3063.179127
[00:16:46] Bootstrap tree #155, logLikelihood: -2759.552016
[00:16:54] Bootstrap tree #156, logLikelihood: -2714.920014
[00:16:59] Bootstrap tree #157, logLikelihood: -2967.502393
[00:17:04] Bootstrap tree #158, logLikelihood: -2681.185710
[00:17:09] Bootstrap tree #159, logLikelihood: -2951.389973
[00:17:15] Bootstrap tree #160, logLikelihood: -3095.153455
[00:17:20] Bootstrap tree #161, logLikelihood: -2800.158559
[00:17:25] Bootstrap tree #162, logLikelihood: -2650.165095
[00:17:31] Bootstrap tree #163, logLikelihood: -2976.546003
[00:17:36] Bootstrap tree #164, logLikelihood: -2794.587788
[00:17:43] Bootstrap tree #165, logLikelihood: -2879.822115
[00:17:48] Bootstrap tree #166, logLikelihood: -3034.988941
[00:17:54] Bootstrap tree #167, logLikelihood: -3008.497379
[00:18:00] Bootstrap tree #168, logLikelihood: -2978.487702
[00:18:06] Bootstrap tree #169, logLikelihood: -2941.847015
[00:18:11] Bootstrap tree #170, logLikelihood: -2776.621151
[00:18:16] Bootstrap tree #171, logLikelihood: -2714.695201
[00:18:21] Bootstrap tree #172, logLikelihood: -2921.772454
[00:18:27] Bootstrap tree #173, logLikelihood: -2988.557507
[00:18:32] Bootstrap tree #174, logLikelihood: -2862.052271
[00:18:37] Bootstrap tree #175, logLikelihood: -3056.701104
[00:18:42] Bootstrap tree #176, logLikelihood: -2785.429850
[00:18:49] Bootstrap tree #177, logLikelihood: -2814.752566
[00:18:54] Bootstrap tree #178, logLikelihood: -2625.327113
[00:19:00] Bootstrap tree #179, logLikelihood: -2980.461774
[00:19:06] Bootstrap tree #180, logLikelihood: -2929.337965
[00:19:11] Bootstrap tree #181, logLikelihood: -3021.622045
[00:19:17] Bootstrap tree #182, logLikelihood: -2790.465512
[00:19:22] Bootstrap tree #183, logLikelihood: -3212.441055
[00:19:28] Bootstrap tree #184, logLikelihood: -2748.332458
[00:19:33] Bootstrap tree #185, logLikelihood: -2719.890257
[00:19:38] Bootstrap tree #186, logLikelihood: -2899.039409
[00:19:44] Bootstrap tree #187, logLikelihood: -3139.162523
[00:19:50] Bootstrap tree #188, logLikelihood: -2969.037387
[00:19:55] Bootstrap tree #189, logLikelihood: -2954.420511
[00:20:01] Bootstrap tree #190, logLikelihood: -3002.551363
[00:20:06] Bootstrap tree #191, logLikelihood: -2970.100503
[00:20:12] Bootstrap tree #192, logLikelihood: -2780.548706
[00:20:18] Bootstrap tree #193, logLikelihood: -2720.979244
[00:20:23] Bootstrap tree #194, logLikelihood: -3072.439525
[00:20:29] Bootstrap tree #195, logLikelihood: -2775.116942
[00:20:34] Bootstrap tree #196, logLikelihood: -3027.345899
[00:20:40] Bootstrap tree #197, logLikelihood: -3134.242016
[00:20:45] Bootstrap tree #198, logLikelihood: -2868.126893
[00:20:51] Bootstrap tree #199, logLikelihood: -2720.303812
[00:20:56] Bootstrap tree #200, logLikelihood: -2859.354262
[00:21:04] Bootstrap tree #201, logLikelihood: -2972.839909
[00:21:09] Bootstrap tree #202, logLikelihood: -2682.153010
[00:21:15] Bootstrap tree #203, logLikelihood: -3069.902808
[00:21:19] Bootstrap tree #204, logLikelihood: -2740.469169
[00:21:25] Bootstrap tree #205, logLikelihood: -2998.825197
[00:21:31] Bootstrap tree #206, logLikelihood: -2924.989363
[00:21:37] Bootstrap tree #207, logLikelihood: -2871.391534
[00:21:42] Bootstrap tree #208, logLikelihood: -2715.021235
[00:21:48] Bootstrap tree #209, logLikelihood: -2933.155474
[00:21:53] Bootstrap tree #210, logLikelihood: -2822.175656
[00:21:58] Bootstrap tree #211, logLikelihood: -2806.116310
[00:22:04] Bootstrap tree #212, logLikelihood: -2915.084642
[00:22:10] Bootstrap tree #213, logLikelihood: -2725.426449
[00:22:17] Bootstrap tree #214, logLikelihood: -3111.794524
[00:22:22] Bootstrap tree #215, logLikelihood: -2791.016692
[00:22:27] Bootstrap tree #216, logLikelihood: -2853.721391
[00:22:33] Bootstrap tree #217, logLikelihood: -2829.083842
[00:22:38] Bootstrap tree #218, logLikelihood: -2734.034671
[00:22:43] Bootstrap tree #219, logLikelihood: -3084.678684
[00:22:49] Bootstrap tree #220, logLikelihood: -2729.052476
[00:22:54] Bootstrap tree #221, logLikelihood: -2726.867924
[00:22:59] Bootstrap tree #222, logLikelihood: -2891.980199
[00:23:06] Bootstrap tree #223, logLikelihood: -2765.482467
[00:23:11] Bootstrap tree #224, logLikelihood: -3069.044606
[00:23:17] Bootstrap tree #225, logLikelihood: -2978.715826
[00:23:23] Bootstrap tree #226, logLikelihood: -2896.836053
[00:23:28] Bootstrap tree #227, logLikelihood: -2967.837094
[00:23:35] Bootstrap tree #228, logLikelihood: -2674.187056
[00:23:41] Bootstrap tree #229, logLikelihood: -2747.188396
[00:23:47] Bootstrap tree #230, logLikelihood: -2932.912602
[00:23:53] Bootstrap tree #231, logLikelihood: -2947.731987
[00:23:59] Bootstrap tree #232, logLikelihood: -3185.266644
[00:24:05] Bootstrap tree #233, logLikelihood: -2744.655808
[00:24:11] Bootstrap tree #234, logLikelihood: -2994.028245
[00:24:17] Bootstrap tree #235, logLikelihood: -2832.453964
[00:24:22] Bootstrap tree #236, logLikelihood: -2980.002877
[00:24:28] Bootstrap tree #237, logLikelihood: -2904.653912
[00:24:34] Bootstrap tree #238, logLikelihood: -2759.244583
[00:24:41] Bootstrap tree #239, logLikelihood: -2856.122523
[00:24:46] Bootstrap tree #240, logLikelihood: -2755.218217
[00:24:51] Bootstrap tree #241, logLikelihood: -3021.292541
[00:24:58] Bootstrap tree #242, logLikelihood: -2939.651563
[00:25:06] Bootstrap tree #243, logLikelihood: -2667.603641
[00:25:11] Bootstrap tree #244, logLikelihood: -2984.728340
[00:25:16] Bootstrap tree #245, logLikelihood: -2804.773330
[00:25:21] Bootstrap tree #246, logLikelihood: -2946.686341
[00:25:27] Bootstrap tree #247, logLikelihood: -2932.424302
[00:25:32] Bootstrap tree #248, logLikelihood: -2903.032288
[00:25:39] Bootstrap tree #249, logLikelihood: -2779.376616
[00:25:44] Bootstrap tree #250, logLikelihood: -2763.673263
[00:25:50] Bootstrap tree #251, logLikelihood: -2800.310028
[00:25:57] Bootstrap tree #252, logLikelihood: -2722.835882
[00:26:02] Bootstrap tree #253, logLikelihood: -2865.495036
[00:26:07] Bootstrap tree #254, logLikelihood: -3003.208529
[00:26:13] Bootstrap tree #255, logLikelihood: -2839.488113
[00:26:19] Bootstrap tree #256, logLikelihood: -2806.860727
[00:26:24] Bootstrap tree #257, logLikelihood: -2746.336249
[00:26:31] Bootstrap tree #258, logLikelihood: -2816.856989
[00:26:38] Bootstrap tree #259, logLikelihood: -2912.039930
[00:26:43] Bootstrap tree #260, logLikelihood: -3077.764413
[00:26:49] Bootstrap tree #261, logLikelihood: -2917.824730
[00:26:55] Bootstrap tree #262, logLikelihood: -3147.237143
[00:27:00] Bootstrap tree #263, logLikelihood: -2584.404543
[00:27:06] Bootstrap tree #264, logLikelihood: -3008.938879
[00:27:11] Bootstrap tree #265, logLikelihood: -2901.260761
[00:27:17] Bootstrap tree #266, logLikelihood: -2725.671286
[00:27:22] Bootstrap tree #267, logLikelihood: -2798.374133
[00:27:28] Bootstrap tree #268, logLikelihood: -2880.917612
[00:27:33] Bootstrap tree #269, logLikelihood: -2733.446838
[00:27:38] Bootstrap tree #270, logLikelihood: -2827.420034
[00:27:44] Bootstrap tree #271, logLikelihood: -2816.298647
[00:27:49] Bootstrap tree #272, logLikelihood: -2731.501930
[00:27:58] Bootstrap tree #273, logLikelihood: -2891.939527
[00:28:03] Bootstrap tree #274, logLikelihood: -2674.940263
[00:28:09] Bootstrap tree #275, logLikelihood: -2648.782724
[00:28:16] Bootstrap tree #276, logLikelihood: -2770.391464
[00:28:21] Bootstrap tree #277, logLikelihood: -2763.289035
[00:28:26] Bootstrap tree #278, logLikelihood: -2989.860311
[00:28:32] Bootstrap tree #279, logLikelihood: -2871.865550
[00:28:36] Bootstrap tree #280, logLikelihood: -2774.798386
[00:28:43] Bootstrap tree #281, logLikelihood: -2934.534472
[00:28:51] Bootstrap tree #282, logLikelihood: -2836.149573
[00:28:57] Bootstrap tree #283, logLikelihood: -2602.948078
[00:29:02] Bootstrap tree #284, logLikelihood: -3054.940522
[00:29:08] Bootstrap tree #285, logLikelihood: -2830.686527
[00:29:23] Bootstrap tree #286, logLikelihood: -2851.406288
[00:29:27] Bootstrap tree #287, logLikelihood: -2664.177160
[00:29:33] Bootstrap tree #288, logLikelihood: -2980.811016
[00:29:39] Bootstrap tree #289, logLikelihood: -2906.278000
[00:29:45] Bootstrap tree #290, logLikelihood: -2811.565690
[00:29:51] Bootstrap tree #291, logLikelihood: -2877.186360
[00:29:56] Bootstrap tree #292, logLikelihood: -2837.886372
[00:30:00] Bootstrap tree #293, logLikelihood: -2784.746896
[00:30:06] Bootstrap tree #294, logLikelihood: -2752.630981
[00:30:12] Bootstrap tree #295, logLikelihood: -2834.782356
[00:30:17] Bootstrap tree #296, logLikelihood: -2879.944637
[00:30:23] Bootstrap tree #297, logLikelihood: -2798.148623
[00:30:28] Bootstrap tree #298, logLikelihood: -2886.907219
[00:30:33] Bootstrap tree #299, logLikelihood: -2843.323486
[00:30:38] Bootstrap tree #300, logLikelihood: -3019.189245
[00:30:45] Bootstrap tree #301, logLikelihood: -2853.093484
[00:30:52] Bootstrap tree #302, logLikelihood: -2706.631458
[00:30:57] Bootstrap tree #303, logLikelihood: -2892.449775
[00:31:02] Bootstrap tree #304, logLikelihood: -2437.139126
[00:31:06] Bootstrap tree #305, logLikelihood: -3137.089024
[00:31:13] Bootstrap tree #306, logLikelihood: -3061.322630
[00:31:18] Bootstrap tree #307, logLikelihood: -2928.851381
[00:31:23] Bootstrap tree #308, logLikelihood: -2874.001616
[00:31:28] Bootstrap tree #309, logLikelihood: -2799.927722
[00:31:34] Bootstrap tree #310, logLikelihood: -2851.114977
[00:31:39] Bootstrap tree #311, logLikelihood: -2906.877580
[00:31:43] Bootstrap tree #312, logLikelihood: -3012.621577
[00:31:50] Bootstrap tree #313, logLikelihood: -2776.879341
[00:32:03] Bootstrap tree #314, logLikelihood: -2950.222458
[00:32:08] Bootstrap tree #315, logLikelihood: -2670.246447
[00:32:14] Bootstrap tree #316, logLikelihood: -2712.982133
[00:32:20] Bootstrap tree #317, logLikelihood: -2843.007261
[00:32:26] Bootstrap tree #318, logLikelihood: -2908.651949
[00:32:32] Bootstrap tree #319, logLikelihood: -2829.312480
[00:32:38] Bootstrap tree #320, logLikelihood: -2933.151796
[00:32:45] Bootstrap tree #321, logLikelihood: -2726.564997
[00:32:51] Bootstrap tree #322, logLikelihood: -3083.727962
[00:32:57] Bootstrap tree #323, logLikelihood: -2975.810878
[00:33:05] Bootstrap tree #324, logLikelihood: -2856.181922
[00:33:11] Bootstrap tree #325, logLikelihood: -2792.264786
[00:33:16] Bootstrap tree #326, logLikelihood: -2690.128874
[00:33:21] Bootstrap tree #327, logLikelihood: -2968.100056
[00:33:27] Bootstrap tree #328, logLikelihood: -2986.974848
[00:33:33] Bootstrap tree #329, logLikelihood: -2975.054075
[00:33:39] Bootstrap tree #330, logLikelihood: -3121.472971
[00:33:45] Bootstrap tree #331, logLikelihood: -2758.041997
[00:33:50] Bootstrap tree #332, logLikelihood: -2775.415243
[00:33:56] Bootstrap tree #333, logLikelihood: -2816.220476
[00:34:02] Bootstrap tree #334, logLikelihood: -2776.187558
[00:34:07] Bootstrap tree #335, logLikelihood: -2854.470789
[00:34:12] Bootstrap tree #336, logLikelihood: -2937.969142
[00:34:20] Bootstrap tree #337, logLikelihood: -2902.101916
[00:34:27] Bootstrap tree #338, logLikelihood: -2809.495639
[00:34:34] Bootstrap tree #339, logLikelihood: -2811.452200
[00:34:39] Bootstrap tree #340, logLikelihood: -2596.436636
[00:34:46] Bootstrap tree #341, logLikelihood: -2876.770941
[00:34:52] Bootstrap tree #342, logLikelihood: -2872.686938
[00:34:58] Bootstrap tree #343, logLikelihood: -2712.027074
[00:35:03] Bootstrap tree #344, logLikelihood: -2514.483432
[00:35:08] Bootstrap tree #345, logLikelihood: -3054.338608
[00:35:13] Bootstrap tree #346, logLikelihood: -2841.680545
[00:35:23] Bootstrap tree #347, logLikelihood: -2765.067174
[00:35:29] Bootstrap tree #348, logLikelihood: -2866.264879
[00:35:35] Bootstrap tree #349, logLikelihood: -2859.071964
[00:35:40] Bootstrap tree #350, logLikelihood: -2802.231070
[00:35:48] Bootstrap tree #351, logLikelihood: -2817.115761
[00:35:53] Bootstrap tree #352, logLikelihood: -2863.026717
[00:35:59] Bootstrap tree #353, logLikelihood: -2922.481181
[00:36:04] Bootstrap tree #354, logLikelihood: -2888.098480
[00:36:09] Bootstrap tree #355, logLikelihood: -2632.353345
[00:36:15] Bootstrap tree #356, logLikelihood: -2849.998749
[00:36:23] Bootstrap tree #357, logLikelihood: -3075.984345
[00:36:31] Bootstrap tree #358, logLikelihood: -2781.796015
[00:36:36] Bootstrap tree #359, logLikelihood: -3074.895795
[00:36:42] Bootstrap tree #360, logLikelihood: -3046.320236
[00:36:47] Bootstrap tree #361, logLikelihood: -2959.922957
[00:36:52] Bootstrap tree #362, logLikelihood: -2981.374337
[00:36:59] Bootstrap tree #363, logLikelihood: -3175.522649
[00:37:04] Bootstrap tree #364, logLikelihood: -2758.146819
[00:37:09] Bootstrap tree #365, logLikelihood: -2964.309667
[00:37:18] Bootstrap tree #366, logLikelihood: -2849.479725
[00:37:25] Bootstrap tree #367, logLikelihood: -2749.650652
[00:37:31] Bootstrap tree #368, logLikelihood: -2904.431811
[00:37:37] Bootstrap tree #369, logLikelihood: -2744.912104
[00:37:43] Bootstrap tree #370, logLikelihood: -2671.688280
[00:37:48] Bootstrap tree #371, logLikelihood: -3063.433056
[00:37:53] Bootstrap tree #372, logLikelihood: -2567.371285
[00:37:58] Bootstrap tree #373, logLikelihood: -2750.134969
[00:38:03] Bootstrap tree #374, logLikelihood: -2938.936289
[00:38:09] Bootstrap tree #375, logLikelihood: -2912.252996
[00:38:14] Bootstrap tree #376, logLikelihood: -2979.086694
[00:38:19] Bootstrap tree #377, logLikelihood: -2984.961879
[00:38:25] Bootstrap tree #378, logLikelihood: -2738.182780
[00:38:31] Bootstrap tree #379, logLikelihood: -2946.911623
[00:38:37] Bootstrap tree #380, logLikelihood: -2744.024892
[00:38:42] Bootstrap tree #381, logLikelihood: -2889.711654
[00:38:48] Bootstrap tree #382, logLikelihood: -2829.821769
[00:38:53] Bootstrap tree #383, logLikelihood: -2480.884161
[00:39:02] Bootstrap tree #384, logLikelihood: -3080.014372
[00:39:07] Bootstrap tree #385, logLikelihood: -2848.003312
[00:39:13] Bootstrap tree #386, logLikelihood: -2746.650576
[00:39:20] Bootstrap tree #387, logLikelihood: -2973.241574
[00:39:26] Bootstrap tree #388, logLikelihood: -2960.983390
[00:39:32] Bootstrap tree #389, logLikelihood: -2796.867247
[00:39:38] Bootstrap tree #390, logLikelihood: -2797.398557
[00:39:46] Bootstrap tree #391, logLikelihood: -3109.754039
[00:39:54] Bootstrap tree #392, logLikelihood: -2523.545142
[00:40:00] Bootstrap tree #393, logLikelihood: -2808.663474
[00:40:05] Bootstrap tree #394, logLikelihood: -2781.393824
[00:40:10] Bootstrap tree #395, logLikelihood: -2935.757174
[00:40:17] Bootstrap tree #396, logLikelihood: -2909.583612
[00:40:24] Bootstrap tree #397, logLikelihood: -2793.687221
[00:40:30] Bootstrap tree #398, logLikelihood: -2760.073131
[00:40:35] Bootstrap tree #399, logLikelihood: -2730.463861
[00:40:42] Bootstrap tree #400, logLikelihood: -2750.600434
[00:40:48] Bootstrap tree #401, logLikelihood: -2835.950121
[00:40:53] Bootstrap tree #402, logLikelihood: -2808.536633
[00:40:58] Bootstrap tree #403, logLikelihood: -2979.590136
[00:41:03] Bootstrap tree #404, logLikelihood: -2631.087159
[00:41:08] Bootstrap tree #405, logLikelihood: -2813.364142
[00:41:14] Bootstrap tree #406, logLikelihood: -2861.414336
[00:41:19] Bootstrap tree #407, logLikelihood: -2812.057180
[00:41:27] Bootstrap tree #408, logLikelihood: -2842.593779
[00:41:34] Bootstrap tree #409, logLikelihood: -2876.806376
[00:41:39] Bootstrap tree #410, logLikelihood: -2918.639228
[00:41:45] Bootstrap tree #411, logLikelihood: -2869.906520
[00:41:51] Bootstrap tree #412, logLikelihood: -2986.242810
[00:41:57] Bootstrap tree #413, logLikelihood: -3145.490587
[00:42:03] Bootstrap tree #414, logLikelihood: -2912.485260
[00:42:12] Bootstrap tree #415, logLikelihood: -2972.529977
[00:42:18] Bootstrap tree #416, logLikelihood: -2974.940128
[00:42:26] Bootstrap tree #417, logLikelihood: -2959.369497
[00:42:30] Bootstrap tree #418, logLikelihood: -2904.038737
[00:42:36] Bootstrap tree #419, logLikelihood: -2615.600627
[00:42:41] Bootstrap tree #420, logLikelihood: -2907.917439
[00:42:46] Bootstrap tree #421, logLikelihood: -2947.132862
[00:42:52] Bootstrap tree #422, logLikelihood: -2889.538457
[00:42:57] Bootstrap tree #423, logLikelihood: -2806.177351
[00:43:04] Bootstrap tree #424, logLikelihood: -2580.049137
[00:43:12] Bootstrap tree #425, logLikelihood: -2917.020678
[00:43:17] Bootstrap tree #426, logLikelihood: -2800.667079
[00:43:22] Bootstrap tree #427, logLikelihood: -2552.743671
[00:43:28] Bootstrap tree #428, logLikelihood: -3090.722316
[00:43:34] Bootstrap tree #429, logLikelihood: -2836.975201
[00:43:40] Bootstrap tree #430, logLikelihood: -2880.496238
[00:43:48] Bootstrap tree #431, logLikelihood: -3049.963774
[00:43:53] Bootstrap tree #432, logLikelihood: -2721.232306
[00:43:59] Bootstrap tree #433, logLikelihood: -2999.381155
[00:44:04] Bootstrap tree #434, logLikelihood: -2932.919018
[00:44:10] Bootstrap tree #435, logLikelihood: -2914.942660
[00:44:15] Bootstrap tree #436, logLikelihood: -2901.818729
[00:44:22] Bootstrap tree #437, logLikelihood: -2979.975560
[00:44:28] Bootstrap tree #438, logLikelihood: -3029.008822
[00:44:33] Bootstrap tree #439, logLikelihood: -2784.054536
[00:44:38] Bootstrap tree #440, logLikelihood: -2834.689805
[00:44:44] Bootstrap tree #441, logLikelihood: -2901.467202
[00:44:49] Bootstrap tree #442, logLikelihood: -2655.806605
[00:44:54] Bootstrap tree #443, logLikelihood: -2980.959609
[00:44:59] Bootstrap tree #444, logLikelihood: -2726.928372
[00:45:04] Bootstrap tree #445, logLikelihood: -2911.149812
[00:45:09] Bootstrap tree #446, logLikelihood: -2644.454089
[00:45:15] Bootstrap tree #447, logLikelihood: -2990.419177
[00:45:21] Bootstrap tree #448, logLikelihood: -2817.155706
[00:45:27] Bootstrap tree #449, logLikelihood: -2695.821611
[00:45:33] Bootstrap tree #450, logLikelihood: -2784.966390
[00:45:40] Bootstrap tree #451, logLikelihood: -2949.916093
[00:45:48] Bootstrap tree #452, logLikelihood: -2755.753588
[00:45:54] Bootstrap tree #453, logLikelihood: -3098.712527
[00:46:02] Bootstrap tree #454, logLikelihood: -2783.803299
[00:46:07] Bootstrap tree #455, logLikelihood: -2730.254585
[00:46:12] Bootstrap tree #456, logLikelihood: -2718.109780
[00:46:18] Bootstrap tree #457, logLikelihood: -2898.771076
[00:46:24] Bootstrap tree #458, logLikelihood: -2909.085118
[00:46:30] Bootstrap tree #459, logLikelihood: -2779.161695
[00:46:36] Bootstrap tree #460, logLikelihood: -2902.354299
[00:46:42] Bootstrap tree #461, logLikelihood: -2844.021774
[00:46:47] Bootstrap tree #462, logLikelihood: -2756.879537
[00:46:53] Bootstrap tree #463, logLikelihood: -2753.964361
[00:46:59] Bootstrap tree #464, logLikelihood: -2932.379970
[00:47:04] Bootstrap tree #465, logLikelihood: -2962.558507
[00:47:10] Bootstrap tree #466, logLikelihood: -2867.710616
[00:47:16] Bootstrap tree #467, logLikelihood: -2738.936939
[00:47:21] Bootstrap tree #468, logLikelihood: -2885.144815
[00:47:26] Bootstrap tree #469, logLikelihood: -3029.623423
[00:47:33] Bootstrap tree #470, logLikelihood: -2904.666096
[00:47:38] Bootstrap tree #471, logLikelihood: -2965.633420
[00:47:44] Bootstrap tree #472, logLikelihood: -2940.280287
[00:47:51] Bootstrap tree #473, logLikelihood: -2777.466107
[00:47:57] Bootstrap tree #474, logLikelihood: -2790.481052
[00:48:07] Bootstrap tree #475, logLikelihood: -2824.472268
[00:48:12] Bootstrap tree #476, logLikelihood: -2959.564991
[00:48:18] Bootstrap tree #477, logLikelihood: -2927.551414
[00:48:23] Bootstrap tree #478, logLikelihood: -2805.254051
[00:48:30] Bootstrap tree #479, logLikelihood: -3087.206125
[00:48:38] Bootstrap tree #480, logLikelihood: -2906.729952
[00:48:43] Bootstrap tree #481, logLikelihood: -2932.567413
[00:48:49] Bootstrap tree #482, logLikelihood: -2914.537841
[00:48:54] Bootstrap tree #483, logLikelihood: -2758.708581
[00:49:00] Bootstrap tree #484, logLikelihood: -2852.163720
[00:49:06] Bootstrap tree #485, logLikelihood: -3093.313293
[00:49:13] Bootstrap tree #486, logLikelihood: -2944.602958
[00:49:22] Bootstrap tree #487, logLikelihood: -2954.089838
[00:49:28] Bootstrap tree #488, logLikelihood: -2960.103026
[00:49:35] Bootstrap tree #489, logLikelihood: -2753.224207
[00:49:42] Bootstrap tree #490, logLikelihood: -2874.309073
[00:49:48] Bootstrap tree #491, logLikelihood: -2904.922223
[00:49:54] Bootstrap tree #492, logLikelihood: -2971.096386
[00:49:59] Bootstrap tree #493, logLikelihood: -2842.664928
[00:50:05] Bootstrap tree #494, logLikelihood: -2747.985557
[00:50:12] Bootstrap tree #495, logLikelihood: -2801.780547
[00:50:20] Bootstrap tree #496, logLikelihood: -2710.305026
[00:50:26] Bootstrap tree #497, logLikelihood: -2716.283313
[00:50:32] Bootstrap tree #498, logLikelihood: -2954.591186
[00:50:39] Bootstrap tree #499, logLikelihood: -2776.581238
[00:50:46] Bootstrap tree #500, logLikelihood: -3046.006635
[00:50:53] Bootstrap tree #501, logLikelihood: -2892.659347
[00:50:59] Bootstrap tree #502, logLikelihood: -3003.243731
[00:51:04] Bootstrap tree #503, logLikelihood: -2735.478789
[00:51:10] Bootstrap tree #504, logLikelihood: -2933.408203
[00:51:17] Bootstrap tree #505, logLikelihood: -2958.603948
[00:51:21] Bootstrap tree #506, logLikelihood: -3029.793576
[00:51:26] Bootstrap tree #507, logLikelihood: -2857.694051
[00:51:32] Bootstrap tree #508, logLikelihood: -2917.325031
[00:51:41] Bootstrap tree #509, logLikelihood: -2787.766956
[00:51:46] Bootstrap tree #510, logLikelihood: -2951.829293
[00:51:52] Bootstrap tree #511, logLikelihood: -2975.538439
[00:51:57] Bootstrap tree #512, logLikelihood: -2843.352488
[00:52:03] Bootstrap tree #513, logLikelihood: -2828.390167
[00:52:10] Bootstrap tree #514, logLikelihood: -2811.825155
[00:52:16] Bootstrap tree #515, logLikelihood: -2883.457882
[00:52:22] Bootstrap tree #516, logLikelihood: -2912.062693
[00:52:28] Bootstrap tree #517, logLikelihood: -2969.211518
[00:52:33] Bootstrap tree #518, logLikelihood: -2672.742067
[00:52:38] Bootstrap tree #519, logLikelihood: -2743.109006
[00:52:44] Bootstrap tree #520, logLikelihood: -2983.621692
[00:52:53] Bootstrap tree #521, logLikelihood: -3132.175717
[00:52:58] Bootstrap tree #522, logLikelihood: -2842.761184
[00:53:04] Bootstrap tree #523, logLikelihood: -2792.033506
[00:53:09] Bootstrap tree #524, logLikelihood: -2792.246556
[00:53:15] Bootstrap tree #525, logLikelihood: -2617.846108
[00:53:20] Bootstrap tree #526, logLikelihood: -2884.347566
[00:53:26] Bootstrap tree #527, logLikelihood: -2889.762339
[00:53:31] Bootstrap tree #528, logLikelihood: -2421.003757
[00:53:36] Bootstrap tree #529, logLikelihood: -2974.475507
[00:53:42] Bootstrap tree #530, logLikelihood: -2918.503334
[00:53:47] Bootstrap tree #531, logLikelihood: -2841.888972
[00:53:53] Bootstrap tree #532, logLikelihood: -2938.875968
[00:54:03] Bootstrap tree #533, logLikelihood: -3098.739418
[00:54:10] Bootstrap tree #534, logLikelihood: -2732.922891
[00:54:15] Bootstrap tree #535, logLikelihood: -2750.755923
[00:54:20] Bootstrap tree #536, logLikelihood: -2942.013985
[00:54:25] Bootstrap tree #537, logLikelihood: -2927.438237
[00:54:30] Bootstrap tree #538, logLikelihood: -2783.621236
[00:54:36] Bootstrap tree #539, logLikelihood: -2955.215149
[00:54:41] Bootstrap tree #540, logLikelihood: -2735.456286
[00:54:46] Bootstrap tree #541, logLikelihood: -2851.150541
[00:54:52] Bootstrap tree #542, logLikelihood: -2772.845434
[00:54:58] Bootstrap tree #543, logLikelihood: -2861.258464
[00:55:04] Bootstrap tree #544, logLikelihood: -2858.646724
[00:55:09] Bootstrap tree #545, logLikelihood: -2784.900485
[00:55:15] Bootstrap tree #546, logLikelihood: -3037.239019
[00:55:21] Bootstrap tree #547, logLikelihood: -2841.783244
[00:55:26] Bootstrap tree #548, logLikelihood: -2873.823383
[00:55:32] Bootstrap tree #549, logLikelihood: -2703.377146
[00:55:37] Bootstrap tree #550, logLikelihood: -3002.315623
[00:55:45] Bootstrap tree #551, logLikelihood: -2932.614290
[00:55:51] Bootstrap tree #552, logLikelihood: -3036.767004
[00:55:57] Bootstrap tree #553, logLikelihood: -2912.861681
[00:56:03] Bootstrap tree #554, logLikelihood: -3052.314034
[00:56:08] Bootstrap tree #555, logLikelihood: -2814.041908
[00:56:15] Bootstrap tree #556, logLikelihood: -2755.925433
[00:56:20] Bootstrap tree #557, logLikelihood: -2875.646915
[00:56:26] Bootstrap tree #558, logLikelihood: -2886.572260
[00:56:32] Bootstrap tree #559, logLikelihood: -3055.701512
[00:56:40] Bootstrap tree #560, logLikelihood: -2894.115712
[00:56:46] Bootstrap tree #561, logLikelihood: -2874.881218
[00:56:53] Bootstrap tree #562, logLikelihood: -2923.284985
[00:56:59] Bootstrap tree #563, logLikelihood: -2736.695109
[00:57:05] Bootstrap tree #564, logLikelihood: -2860.488430
[00:57:11] Bootstrap tree #565, logLikelihood: -2867.412110
[00:57:16] Bootstrap tree #566, logLikelihood: -2995.735490
[00:57:21] Bootstrap tree #567, logLikelihood: -2854.366158
[00:57:27] Bootstrap tree #568, logLikelihood: -2861.982597
[00:57:31] Bootstrap tree #569, logLikelihood: -2851.609140
[00:57:39] Bootstrap tree #570, logLikelihood: -3057.855820
[00:57:44] Bootstrap tree #571, logLikelihood: -2797.309397
[00:57:50] Bootstrap tree #572, logLikelihood: -2987.368442
[00:57:55] Bootstrap tree #573, logLikelihood: -2740.980194
[00:58:01] Bootstrap tree #574, logLikelihood: -2819.371668
[00:58:06] Bootstrap tree #575, logLikelihood: -2918.243686
[00:58:12] Bootstrap tree #576, logLikelihood: -3119.210377
[00:58:20] Bootstrap tree #577, logLikelihood: -3070.267855
[00:58:25] Bootstrap tree #578, logLikelihood: -2760.725871
[00:58:32] Bootstrap tree #579, logLikelihood: -3076.078322
[00:58:37] Bootstrap tree #580, logLikelihood: -3203.056072
[00:58:43] Bootstrap tree #581, logLikelihood: -3079.375205
[00:58:48] Bootstrap tree #582, logLikelihood: -2846.602096
[00:58:54] Bootstrap tree #583, logLikelihood: -2792.001137
[00:58:59] Bootstrap tree #584, logLikelihood: -3027.393250
[00:59:05] Bootstrap tree #585, logLikelihood: -2958.705240
[00:59:10] Bootstrap tree #586, logLikelihood: -2788.218590
[00:59:16] Bootstrap tree #587, logLikelihood: -2815.668788
[00:59:21] Bootstrap tree #588, logLikelihood: -2749.342439
[00:59:26] Bootstrap tree #589, logLikelihood: -2918.947817
[00:59:32] Bootstrap tree #590, logLikelihood: -2996.473726
[00:59:38] Bootstrap tree #591, logLikelihood: -2846.097891
[00:59:44] Bootstrap tree #592, logLikelihood: -2798.573991
[00:59:49] Bootstrap tree #593, logLikelihood: -3097.009976
[00:59:55] Bootstrap tree #594, logLikelihood: -2779.929545
[01:00:00] Bootstrap tree #595, logLikelihood: -2885.227006
[01:00:05] Bootstrap tree #596, logLikelihood: -2988.222147
[01:00:11] Bootstrap tree #597, logLikelihood: -2909.917370
[01:00:16] Bootstrap tree #598, logLikelihood: -2911.952894
[01:00:22] Bootstrap tree #599, logLikelihood: -2970.435819
[01:00:27] Bootstrap tree #600, logLikelihood: -2743.216322
[01:00:35] Bootstrap tree #601, logLikelihood: -2619.191359
[01:00:41] Bootstrap tree #602, logLikelihood: -2740.514888
[01:00:47] Bootstrap tree #603, logLikelihood: -2886.553920
[01:00:53] Bootstrap tree #604, logLikelihood: -2889.675122
[01:00:59] Bootstrap tree #605, logLikelihood: -2717.318172
[01:01:04] Bootstrap tree #606, logLikelihood: -2813.335034
[01:01:09] Bootstrap tree #607, logLikelihood: -2844.871513
[01:01:15] Bootstrap tree #608, logLikelihood: -2632.379755
[01:01:21] Bootstrap tree #609, logLikelihood: -2960.706240
[01:01:26] Bootstrap tree #610, logLikelihood: -2579.319881
[01:01:31] Bootstrap tree #611, logLikelihood: -2922.740541
[01:01:37] Bootstrap tree #612, logLikelihood: -2839.205327
[01:01:42] Bootstrap tree #613, logLikelihood: -2826.668494
[01:01:48] Bootstrap tree #614, logLikelihood: -2909.460162
[01:01:53] Bootstrap tree #615, logLikelihood: -3020.778238
[01:01:58] Bootstrap tree #616, logLikelihood: -2980.414909
[01:02:04] Bootstrap tree #617, logLikelihood: -2905.335876
[01:02:09] Bootstrap tree #618, logLikelihood: -2815.035927
[01:02:15] Bootstrap tree #619, logLikelihood: -2895.096694
[01:02:21] Bootstrap tree #620, logLikelihood: -2777.926161
[01:02:28] Bootstrap tree #621, logLikelihood: -3226.063043
[01:02:34] Bootstrap tree #622, logLikelihood: -2987.386459
[01:02:39] Bootstrap tree #623, logLikelihood: -2964.952271
[01:02:47] Bootstrap tree #624, logLikelihood: -2919.625403
[01:02:55] Bootstrap tree #625, logLikelihood: -2743.120258
[01:03:01] Bootstrap tree #626, logLikelihood: -2950.604836
[01:03:06] Bootstrap tree #627, logLikelihood: -2925.688342
[01:03:13] Bootstrap tree #628, logLikelihood: -2796.296141
[01:03:19] Bootstrap tree #629, logLikelihood: -3022.673720
[01:03:25] Bootstrap tree #630, logLikelihood: -2848.448892
[01:03:30] Bootstrap tree #631, logLikelihood: -2914.867538
[01:03:35] Bootstrap tree #632, logLikelihood: -3076.090338
[01:03:41] Bootstrap tree #633, logLikelihood: -2950.095141
[01:03:47] Bootstrap tree #634, logLikelihood: -3175.328383
[01:03:53] Bootstrap tree #635, logLikelihood: -2945.605041
[01:03:59] Bootstrap tree #636, logLikelihood: -2750.270763
[01:04:05] Bootstrap tree #637, logLikelihood: -2929.760069
[01:04:10] Bootstrap tree #638, logLikelihood: -3058.211620
[01:04:15] Bootstrap tree #639, logLikelihood: -2728.064764
[01:04:21] Bootstrap tree #640, logLikelihood: -2933.875138
[01:04:26] Bootstrap tree #641, logLikelihood: -2723.526480
[01:04:32] Bootstrap tree #642, logLikelihood: -2828.561865
[01:04:39] Bootstrap tree #643, logLikelihood: -3172.908350
[01:04:51] Bootstrap tree #644, logLikelihood: -2914.170434
[01:04:56] Bootstrap tree #645, logLikelihood: -3035.141606
[01:05:01] Bootstrap tree #646, logLikelihood: -2757.888649
[01:05:08] Bootstrap tree #647, logLikelihood: -2891.366940
[01:05:14] Bootstrap tree #648, logLikelihood: -2928.569554
[01:05:20] Bootstrap tree #649, logLikelihood: -2708.195737
[01:05:25] Bootstrap tree #650, logLikelihood: -2922.014117
[01:05:32] Bootstrap tree #651, logLikelihood: -2859.502091
[01:05:37] Bootstrap tree #652, logLikelihood: -2992.129649
[01:05:43] Bootstrap tree #653, logLikelihood: -2899.645244
[01:05:49] Bootstrap tree #654, logLikelihood: -2908.458251
[01:05:55] Bootstrap tree #655, logLikelihood: -3050.785794
[01:06:01] Bootstrap tree #656, logLikelihood: -2720.568819
[01:06:07] Bootstrap tree #657, logLikelihood: -2942.616549
[01:06:12] Bootstrap tree #658, logLikelihood: -2795.858959
[01:06:18] Bootstrap tree #659, logLikelihood: -2815.985812
[01:06:24] Bootstrap tree #660, logLikelihood: -2725.222104
[01:06:30] Bootstrap tree #661, logLikelihood: -2777.070548
[01:06:35] Bootstrap tree #662, logLikelihood: -2939.313012
[01:06:41] Bootstrap tree #663, logLikelihood: -2676.155176
[01:06:47] Bootstrap tree #664, logLikelihood: -2885.856361
[01:06:53] Bootstrap tree #665, logLikelihood: -2903.795660
[01:06:59] Bootstrap tree #666, logLikelihood: -2982.986902
[01:07:07] Bootstrap tree #667, logLikelihood: -2930.919639
[01:07:13] Bootstrap tree #668, logLikelihood: -2888.890068
[01:07:19] Bootstrap tree #669, logLikelihood: -2854.596055
[01:07:24] Bootstrap tree #670, logLikelihood: -2885.873220
[01:07:31] Bootstrap tree #671, logLikelihood: -2926.899545
[01:07:37] Bootstrap tree #672, logLikelihood: -2640.780253
[01:07:42] Bootstrap tree #673, logLikelihood: -2884.436490
[01:07:48] Bootstrap tree #674, logLikelihood: -3112.983501
[01:07:55] Bootstrap tree #675, logLikelihood: -2813.025245
[01:08:01] Bootstrap tree #676, logLikelihood: -2770.750039
[01:08:07] Bootstrap tree #677, logLikelihood: -2799.140736
[01:08:13] Bootstrap tree #678, logLikelihood: -2774.952775
[01:08:19] Bootstrap tree #679, logLikelihood: -2982.929750
[01:08:25] Bootstrap tree #680, logLikelihood: -2758.839387
[01:08:30] Bootstrap tree #681, logLikelihood: -2758.301703
[01:08:36] Bootstrap tree #682, logLikelihood: -2859.627320
[01:08:43] Bootstrap tree #683, logLikelihood: -2967.533821
[01:08:48] Bootstrap tree #684, logLikelihood: -3010.445725
[01:08:55] Bootstrap tree #685, logLikelihood: -2669.505759
[01:09:00] Bootstrap tree #686, logLikelihood: -2958.190810
[01:09:07] Bootstrap tree #687, logLikelihood: -2797.799295
[01:09:14] Bootstrap tree #688, logLikelihood: -2935.502924
[01:09:19] Bootstrap tree #689, logLikelihood: -2904.887744
[01:09:24] Bootstrap tree #690, logLikelihood: -2852.620464
[01:09:29] Bootstrap tree #691, logLikelihood: -3025.473930
[01:09:35] Bootstrap tree #692, logLikelihood: -2619.095373
[01:09:40] Bootstrap tree #693, logLikelihood: -2936.860306
[01:09:45] Bootstrap tree #694, logLikelihood: -2909.823689
[01:09:50] Bootstrap tree #695, logLikelihood: -2901.093920
[01:09:55] Bootstrap tree #696, logLikelihood: -3018.599376
[01:10:01] Bootstrap tree #697, logLikelihood: -2899.476884
[01:10:07] Bootstrap tree #698, logLikelihood: -2998.878801
[01:10:13] Bootstrap tree #699, logLikelihood: -3042.525672
[01:10:18] Bootstrap tree #700, logLikelihood: -2702.552503
[01:10:26] Bootstrap tree #701, logLikelihood: -2882.752692
[01:10:32] Bootstrap tree #702, logLikelihood: -2919.116936
[01:10:38] Bootstrap tree #703, logLikelihood: -2864.832988
[01:10:44] Bootstrap tree #704, logLikelihood: -2580.724761
[01:10:49] Bootstrap tree #705, logLikelihood: -2882.184432
[01:10:55] Bootstrap tree #706, logLikelihood: -3063.904056
[01:11:01] Bootstrap tree #707, logLikelihood: -2979.191387
[01:11:07] Bootstrap tree #708, logLikelihood: -2645.812547
[01:11:14] Bootstrap tree #709, logLikelihood: -2671.703134
[01:11:20] Bootstrap tree #710, logLikelihood: -3055.571613
[01:11:26] Bootstrap tree #711, logLikelihood: -2878.788609
[01:11:32] Bootstrap tree #712, logLikelihood: -2895.531849
[01:11:38] Bootstrap tree #713, logLikelihood: -2554.419809
[01:11:45] Bootstrap tree #714, logLikelihood: -2845.785975
[01:11:52] Bootstrap tree #715, logLikelihood: -3034.604729
[01:11:57] Bootstrap tree #716, logLikelihood: -2701.184533
[01:12:04] Bootstrap tree #717, logLikelihood: -2763.199466
[01:12:09] Bootstrap tree #718, logLikelihood: -3089.894899
[01:12:15] Bootstrap tree #719, logLikelihood: -2740.778365
[01:12:21] Bootstrap tree #720, logLikelihood: -2982.488040
[01:12:27] Bootstrap tree #721, logLikelihood: -2787.765724
[01:12:33] Bootstrap tree #722, logLikelihood: -2857.931141
[01:12:38] Bootstrap tree #723, logLikelihood: -2936.402869
[01:12:44] Bootstrap tree #724, logLikelihood: -2875.880679
[01:12:50] Bootstrap tree #725, logLikelihood: -2916.997467
[01:12:57] Bootstrap tree #726, logLikelihood: -2776.771761
[01:13:03] Bootstrap tree #727, logLikelihood: -3084.111754
[01:13:09] Bootstrap tree #728, logLikelihood: -2869.447377
[01:13:15] Bootstrap tree #729, logLikelihood: -2922.420149
[01:13:20] Bootstrap tree #730, logLikelihood: -3007.488216
[01:13:25] Bootstrap tree #731, logLikelihood: -2863.559667
[01:13:30] Bootstrap tree #732, logLikelihood: -2937.631078
[01:13:37] Bootstrap tree #733, logLikelihood: -2876.962701
[01:13:42] Bootstrap tree #734, logLikelihood: -3079.606560
[01:13:50] Bootstrap tree #735, logLikelihood: -3012.831419
[01:13:56] Bootstrap tree #736, logLikelihood: -3204.968945
[01:14:05] Bootstrap tree #737, logLikelihood: -2647.027484
[01:14:11] Bootstrap tree #738, logLikelihood: -2856.275906
[01:14:16] Bootstrap tree #739, logLikelihood: -3084.338499
[01:14:22] Bootstrap tree #740, logLikelihood: -2822.133865
[01:14:29] Bootstrap tree #741, logLikelihood: -2739.026021
[01:14:36] Bootstrap tree #742, logLikelihood: -3173.042849
[01:14:41] Bootstrap tree #743, logLikelihood: -2922.170466
[01:14:47] Bootstrap tree #744, logLikelihood: -3091.330794
[01:14:52] Bootstrap tree #745, logLikelihood: -2895.920381
[01:14:59] Bootstrap tree #746, logLikelihood: -2864.194902
[01:15:05] Bootstrap tree #747, logLikelihood: -2804.247155
[01:15:10] Bootstrap tree #748, logLikelihood: -2780.295949
[01:15:16] Bootstrap tree #749, logLikelihood: -2591.487939
[01:15:22] Bootstrap tree #750, logLikelihood: -2812.169856
[01:15:31] Bootstrap tree #751, logLikelihood: -2663.040889
[01:15:37] Bootstrap tree #752, logLikelihood: -2883.125586
[01:15:42] Bootstrap tree #753, logLikelihood: -3027.383817
[01:15:48] Bootstrap tree #754, logLikelihood: -3052.520060
[01:15:54] Bootstrap tree #755, logLikelihood: -2791.751903
[01:15:59] Bootstrap tree #756, logLikelihood: -2669.568434
[01:16:05] Bootstrap tree #757, logLikelihood: -3130.035355
[01:16:11] Bootstrap tree #758, logLikelihood: -2906.561685
[01:16:17] Bootstrap tree #759, logLikelihood: -3145.212109
[01:16:23] Bootstrap tree #760, logLikelihood: -3042.965331
[01:16:29] Bootstrap tree #761, logLikelihood: -2774.306236
[01:16:35] Bootstrap tree #762, logLikelihood: -2836.778679
[01:16:42] Bootstrap tree #763, logLikelihood: -2894.399747
[01:16:48] Bootstrap tree #764, logLikelihood: -2853.022013
[01:16:53] Bootstrap tree #765, logLikelihood: -2958.997592
[01:17:02] Bootstrap tree #766, logLikelihood: -3004.573556
[01:17:07] Bootstrap tree #767, logLikelihood: -3168.572803
[01:17:19] Bootstrap tree #768, logLikelihood: -2963.744396
[01:17:25] Bootstrap tree #769, logLikelihood: -2698.362938
[01:17:31] Bootstrap tree #770, logLikelihood: -2806.246458
[01:17:37] Bootstrap tree #771, logLikelihood: -2784.890775
[01:17:42] Bootstrap tree #772, logLikelihood: -2980.684839
[01:17:48] Bootstrap tree #773, logLikelihood: -2927.792661
[01:17:55] Bootstrap tree #774, logLikelihood: -3065.593192
[01:18:02] Bootstrap tree #775, logLikelihood: -2777.478273
[01:18:07] Bootstrap tree #776, logLikelihood: -3040.789481
[01:18:16] Bootstrap tree #777, logLikelihood: -2957.943277
[01:18:23] Bootstrap tree #778, logLikelihood: -2972.188179
[01:18:29] Bootstrap tree #779, logLikelihood: -2996.382842
[01:18:38] Bootstrap tree #780, logLikelihood: -2907.862101
[01:18:44] Bootstrap tree #781, logLikelihood: -2790.215324
[01:18:50] Bootstrap tree #782, logLikelihood: -2778.196854
[01:18:55] Bootstrap tree #783, logLikelihood: -2655.709425
[01:19:03] Bootstrap tree #784, logLikelihood: -2890.074998
[01:19:10] Bootstrap tree #785, logLikelihood: -3001.372460
[01:19:15] Bootstrap tree #786, logLikelihood: -2778.595471
[01:19:21] Bootstrap tree #787, logLikelihood: -2949.153325
[01:19:28] Bootstrap tree #788, logLikelihood: -3062.126590
[01:19:33] Bootstrap tree #789, logLikelihood: -2831.629797
[01:19:40] Bootstrap tree #790, logLikelihood: -2873.216794
[01:19:44] Bootstrap tree #791, logLikelihood: -2903.168432
[01:19:50] Bootstrap tree #792, logLikelihood: -2588.911926
[01:19:56] Bootstrap tree #793, logLikelihood: -2890.635092
[01:20:01] Bootstrap tree #794, logLikelihood: -2826.835645
[01:20:09] Bootstrap tree #795, logLikelihood: -2764.064883
[01:20:14] Bootstrap tree #796, logLikelihood: -2784.100381
[01:20:21] Bootstrap tree #797, logLikelihood: -2885.557185
[01:20:26] Bootstrap tree #798, logLikelihood: -3019.621216
[01:20:32] Bootstrap tree #799, logLikelihood: -2988.071180
[01:20:38] Bootstrap tree #800, logLikelihood: -2694.304206
[01:20:46] Bootstrap tree #801, logLikelihood: -2939.776129
[01:20:55] Bootstrap tree #802, logLikelihood: -2996.888853
[01:21:01] Bootstrap tree #803, logLikelihood: -2770.458717
[01:21:07] Bootstrap tree #804, logLikelihood: -2953.900859
[01:21:14] Bootstrap tree #805, logLikelihood: -3001.689812
[01:21:20] Bootstrap tree #806, logLikelihood: -2925.332048
[01:21:27] Bootstrap tree #807, logLikelihood: -3059.372978
[01:21:34] Bootstrap tree #808, logLikelihood: -2857.027615
[01:21:40] Bootstrap tree #809, logLikelihood: -2884.446459
[01:21:46] Bootstrap tree #810, logLikelihood: -3015.452737
[01:21:53] Bootstrap tree #811, logLikelihood: -2747.803695
[01:21:59] Bootstrap tree #812, logLikelihood: -3087.273080
[01:22:05] Bootstrap tree #813, logLikelihood: -3044.652020
[01:22:11] Bootstrap tree #814, logLikelihood: -2701.639165
[01:22:17] Bootstrap tree #815, logLikelihood: -2792.612766
[01:22:22] Bootstrap tree #816, logLikelihood: -3009.197659
[01:22:28] Bootstrap tree #817, logLikelihood: -2867.454654
[01:22:38] Bootstrap tree #818, logLikelihood: -3067.941680
[01:22:45] Bootstrap tree #819, logLikelihood: -2480.034355
[01:22:50] Bootstrap tree #820, logLikelihood: -2777.629536
[01:22:55] Bootstrap tree #821, logLikelihood: -2929.148346
[01:23:02] Bootstrap tree #822, logLikelihood: -3025.487947
[01:23:09] Bootstrap tree #823, logLikelihood: -2840.890120
[01:23:15] Bootstrap tree #824, logLikelihood: -2750.853535
[01:23:20] Bootstrap tree #825, logLikelihood: -2824.113063
[01:23:26] Bootstrap tree #826, logLikelihood: -2932.650585
[01:23:33] Bootstrap tree #827, logLikelihood: -2850.378963
[01:23:40] Bootstrap tree #828, logLikelihood: -2761.936450
[01:23:45] Bootstrap tree #829, logLikelihood: -2810.175486
[01:23:51] Bootstrap tree #830, logLikelihood: -2763.252961
[01:23:57] Bootstrap tree #831, logLikelihood: -3054.526565
[01:24:03] Bootstrap tree #832, logLikelihood: -2786.100978
[01:24:09] Bootstrap tree #833, logLikelihood: -2935.306553
[01:24:14] Bootstrap tree #834, logLikelihood: -2712.365882
[01:24:19] Bootstrap tree #835, logLikelihood: -2820.275127
[01:24:27] Bootstrap tree #836, logLikelihood: -2878.108510
[01:24:32] Bootstrap tree #837, logLikelihood: -3129.384443
[01:24:39] Bootstrap tree #838, logLikelihood: -2995.207108
[01:24:44] Bootstrap tree #839, logLikelihood: -2867.665038
[01:24:49] Bootstrap tree #840, logLikelihood: -2890.516258
[01:24:55] Bootstrap tree #841, logLikelihood: -2887.262612
[01:25:02] Bootstrap tree #842, logLikelihood: -2667.497730
[01:25:08] Bootstrap tree #843, logLikelihood: -3007.941420
[01:25:17] Bootstrap tree #844, logLikelihood: -2964.501144
[01:25:22] Bootstrap tree #845, logLikelihood: -3148.294601
[01:25:29] Bootstrap tree #846, logLikelihood: -2927.051277
[01:25:34] Bootstrap tree #847, logLikelihood: -2596.172091
[01:25:40] Bootstrap tree #848, logLikelihood: -2909.694633
[01:25:46] Bootstrap tree #849, logLikelihood: -2765.515819
[01:25:51] Bootstrap tree #850, logLikelihood: -3029.118746
[01:26:00] Bootstrap tree #851, logLikelihood: -2966.796753
[01:26:06] Bootstrap tree #852, logLikelihood: -2970.610449
[01:26:12] Bootstrap tree #853, logLikelihood: -2753.560490
[01:26:19] Bootstrap tree #854, logLikelihood: -2769.178476
[01:26:25] Bootstrap tree #855, logLikelihood: -3059.812902
[01:26:31] Bootstrap tree #856, logLikelihood: -2979.846204
[01:26:37] Bootstrap tree #857, logLikelihood: -3069.435634
[01:26:42] Bootstrap tree #858, logLikelihood: -2734.064290
[01:26:49] Bootstrap tree #859, logLikelihood: -2933.590287
[01:26:54] Bootstrap tree #860, logLikelihood: -3123.770818
[01:27:02] Bootstrap tree #861, logLikelihood: -2685.656090
[01:27:08] Bootstrap tree #862, logLikelihood: -2908.345236
[01:27:13] Bootstrap tree #863, logLikelihood: -2876.898813
[01:27:19] Bootstrap tree #864, logLikelihood: -2844.505507
[01:27:25] Bootstrap tree #865, logLikelihood: -2679.128631
[01:27:30] Bootstrap tree #866, logLikelihood: -2805.430792
[01:27:36] Bootstrap tree #867, logLikelihood: -2803.360568
[01:27:43] Bootstrap tree #868, logLikelihood: -3025.872705
[01:27:48] Bootstrap tree #869, logLikelihood: -2871.663994
[01:27:54] Bootstrap tree #870, logLikelihood: -3038.700592
[01:27:59] Bootstrap tree #871, logLikelihood: -2904.103211
[01:28:05] Bootstrap tree #872, logLikelihood: -3074.625554
[01:28:11] Bootstrap tree #873, logLikelihood: -2870.368226
[01:28:17] Bootstrap tree #874, logLikelihood: -2784.435512
[01:28:23] Bootstrap tree #875, logLikelihood: -2790.543383
[01:28:29] Bootstrap tree #876, logLikelihood: -2788.599159
[01:28:34] Bootstrap tree #877, logLikelihood: -2635.887719
[01:28:40] Bootstrap tree #878, logLikelihood: -2875.266517
[01:28:48] Bootstrap tree #879, logLikelihood: -2790.879340
[01:28:54] Bootstrap tree #880, logLikelihood: -3142.508793
[01:28:59] Bootstrap tree #881, logLikelihood: -3033.593755
[01:29:06] Bootstrap tree #882, logLikelihood: -2949.540548
[01:29:11] Bootstrap tree #883, logLikelihood: -3011.070607
[01:29:17] Bootstrap tree #884, logLikelihood: -2932.378163
[01:29:23] Bootstrap tree #885, logLikelihood: -2932.182331
[01:29:29] Bootstrap tree #886, logLikelihood: -2782.924640
[01:29:34] Bootstrap tree #887, logLikelihood: -2948.294579
[01:29:40] Bootstrap tree #888, logLikelihood: -3096.773699
[01:29:46] Bootstrap tree #889, logLikelihood: -2919.243574
[01:29:54] Bootstrap tree #890, logLikelihood: -2900.345290
[01:30:01] Bootstrap tree #891, logLikelihood: -2799.221554
[01:30:08] Bootstrap tree #892, logLikelihood: -2962.455609
[01:30:13] Bootstrap tree #893, logLikelihood: -3059.420370
[01:30:23] Bootstrap tree #894, logLikelihood: -2953.849507
[01:30:28] Bootstrap tree #895, logLikelihood: -2824.060986
[01:30:34] Bootstrap tree #896, logLikelihood: -2805.177569
[01:30:40] Bootstrap tree #897, logLikelihood: -2911.206526
[01:30:45] Bootstrap tree #898, logLikelihood: -3011.221171
[01:30:52] Bootstrap tree #899, logLikelihood: -2985.355366
[01:30:59] Bootstrap tree #900, logLikelihood: -2899.716828
[01:31:09] Bootstrap tree #901, logLikelihood: -2845.089690
[01:31:14] Bootstrap tree #902, logLikelihood: -2700.080126
[01:31:20] Bootstrap tree #903, logLikelihood: -2953.112922
[01:31:25] Bootstrap tree #904, logLikelihood: -2903.889501
[01:31:31] Bootstrap tree #905, logLikelihood: -2697.567898
[01:31:37] Bootstrap tree #906, logLikelihood: -2522.567325
[01:31:43] Bootstrap tree #907, logLikelihood: -2866.526293
[01:31:50] Bootstrap tree #908, logLikelihood: -2703.313421
[01:31:56] Bootstrap tree #909, logLikelihood: -2900.675329
[01:32:02] Bootstrap tree #910, logLikelihood: -2950.012760
[01:32:07] Bootstrap tree #911, logLikelihood: -3180.408588
[01:32:13] Bootstrap tree #912, logLikelihood: -2913.920218
[01:32:19] Bootstrap tree #913, logLikelihood: -3140.656080
[01:32:25] Bootstrap tree #914, logLikelihood: -3001.242332
[01:32:31] Bootstrap tree #915, logLikelihood: -2910.303218
[01:32:38] Bootstrap tree #916, logLikelihood: -3008.898827
[01:32:44] Bootstrap tree #917, logLikelihood: -2960.732164
[01:32:50] Bootstrap tree #918, logLikelihood: -2942.168118
[01:32:56] Bootstrap tree #919, logLikelihood: -2899.647399
[01:33:02] Bootstrap tree #920, logLikelihood: -3080.847394
[01:33:07] Bootstrap tree #921, logLikelihood: -2879.539929
[01:33:13] Bootstrap tree #922, logLikelihood: -3054.521529
[01:33:19] Bootstrap tree #923, logLikelihood: -3014.802811
[01:33:25] Bootstrap tree #924, logLikelihood: -2793.602127
[01:33:30] Bootstrap tree #925, logLikelihood: -2902.037927
[01:33:35] Bootstrap tree #926, logLikelihood: -2716.313105
[01:33:41] Bootstrap tree #927, logLikelihood: -2677.560416
[01:33:48] Bootstrap tree #928, logLikelihood: -2996.086864
[01:33:54] Bootstrap tree #929, logLikelihood: -2830.057299
[01:34:02] Bootstrap tree #930, logLikelihood: -2851.501742
[01:34:13] Bootstrap tree #931, logLikelihood: -2838.330537
[01:34:19] Bootstrap tree #932, logLikelihood: -3108.463517
[01:34:28] Bootstrap tree #933, logLikelihood: -2915.911130
[01:34:33] Bootstrap tree #934, logLikelihood: -2834.118517
[01:34:41] Bootstrap tree #935, logLikelihood: -2577.476201
[01:34:46] Bootstrap tree #936, logLikelihood: -2806.201147
[01:34:52] Bootstrap tree #937, logLikelihood: -2834.640166
[01:35:00] Bootstrap tree #938, logLikelihood: -2732.366118
[01:35:05] Bootstrap tree #939, logLikelihood: -2818.221659
[01:35:11] Bootstrap tree #940, logLikelihood: -2929.807340
[01:35:19] Bootstrap tree #941, logLikelihood: -2961.965347
[01:35:25] Bootstrap tree #942, logLikelihood: -2764.954947
[01:35:31] Bootstrap tree #943, logLikelihood: -2958.206580
[01:35:36] Bootstrap tree #944, logLikelihood: -3083.929137
[01:35:43] Bootstrap tree #945, logLikelihood: -2839.180454
[01:35:48] Bootstrap tree #946, logLikelihood: -2789.419105
[01:35:54] Bootstrap tree #947, logLikelihood: -2939.331840
[01:36:00] Bootstrap tree #948, logLikelihood: -2801.650104
[01:36:06] Bootstrap tree #949, logLikelihood: -2837.655741
[01:36:11] Bootstrap tree #950, logLikelihood: -2717.142733
[01:36:24] Bootstrap tree #951, logLikelihood: -2844.172906
[01:36:30] Bootstrap tree #952, logLikelihood: -3041.038052
[01:36:37] Bootstrap tree #953, logLikelihood: -2877.302913
[01:36:42] Bootstrap tree #954, logLikelihood: -3033.781610
[01:36:48] Bootstrap tree #955, logLikelihood: -2912.863574
[01:36:55] Bootstrap tree #956, logLikelihood: -2999.010325
[01:37:02] Bootstrap tree #957, logLikelihood: -2685.655318
[01:37:08] Bootstrap tree #958, logLikelihood: -2861.139382
[01:37:13] Bootstrap tree #959, logLikelihood: -2807.747158
[01:37:19] Bootstrap tree #960, logLikelihood: -2938.911400
[01:37:25] Bootstrap tree #961, logLikelihood: -2620.020107
[01:37:31] Bootstrap tree #962, logLikelihood: -3074.999355
[01:37:36] Bootstrap tree #963, logLikelihood: -2898.412633
[01:37:42] Bootstrap tree #964, logLikelihood: -2922.138436
[01:37:48] Bootstrap tree #965, logLikelihood: -3044.441231
[01:37:54] Bootstrap tree #966, logLikelihood: -2884.729820
[01:38:02] Bootstrap tree #967, logLikelihood: -2923.964855
[01:38:10] Bootstrap tree #968, logLikelihood: -2811.626053
[01:38:16] Bootstrap tree #969, logLikelihood: -2569.270700
[01:38:21] Bootstrap tree #970, logLikelihood: -3094.316325
[01:38:28] Bootstrap tree #971, logLikelihood: -2823.318916
[01:38:34] Bootstrap tree #972, logLikelihood: -2868.356303
[01:38:40] Bootstrap tree #973, logLikelihood: -2854.912758
[01:38:45] Bootstrap tree #974, logLikelihood: -3012.822404
[01:38:50] Bootstrap tree #975, logLikelihood: -2747.115511
[01:38:57] Bootstrap tree #976, logLikelihood: -2586.006862
[01:39:02] Bootstrap tree #977, logLikelihood: -2796.682446
[01:39:08] Bootstrap tree #978, logLikelihood: -2665.617320
[01:39:14] Bootstrap tree #979, logLikelihood: -2707.660660
[01:39:19] Bootstrap tree #980, logLikelihood: -2784.795398
[01:39:24] Bootstrap tree #981, logLikelihood: -2918.194809
[01:39:30] Bootstrap tree #982, logLikelihood: -2992.054372
[01:39:36] Bootstrap tree #983, logLikelihood: -2770.874067
[01:39:43] Bootstrap tree #984, logLikelihood: -2931.153547
[01:39:48] Bootstrap tree #985, logLikelihood: -3117.709264
[01:39:54] Bootstrap tree #986, logLikelihood: -3066.639221
[01:40:00] Bootstrap tree #987, logLikelihood: -3095.258105
[01:40:07] Bootstrap tree #988, logLikelihood: -2669.541195
[01:40:13] Bootstrap tree #989, logLikelihood: -2757.442478
[01:40:19] Bootstrap tree #990, logLikelihood: -2977.886301
[01:40:25] Bootstrap tree #991, logLikelihood: -2872.439981
[01:40:33] Bootstrap tree #992, logLikelihood: -2795.502861
[01:40:39] Bootstrap tree #993, logLikelihood: -2759.101245
[01:40:44] Bootstrap tree #994, logLikelihood: -2920.447806
[01:40:49] Bootstrap tree #995, logLikelihood: -2915.753393
[01:40:55] Bootstrap tree #996, logLikelihood: -3001.448133
[01:41:03] Bootstrap tree #997, logLikelihood: -2772.185891
[01:41:09] Bootstrap tree #998, logLikelihood: -2810.335642
[01:41:14] Bootstrap tree #999, logLikelihood: -2760.438345
[01:41:20] Bootstrap tree #1000, logLikelihood: -3055.744924

Optimized model parameters:

   Partition 0: noname
   Rate heterogeneity: NONE
   Base frequencies (model): 0.076923 0.076923 0.076923 0.076923 0.076923 0.076923 0.076923 0.076923 0.076923 0.076923 0.076923 0.076923 0.076923 
   Substitution rates (model): 1.000000 1.000000 1.000000 1.000000 1.000000 1.000000 1.000000 1.000000 1.000000 1.000000 1.000000 1.000000 1.000000 1.000000 1.000000 1.000000 1.000000 1.000000 1.000000 1.000000 1.000000 1.000000 1.000000 1.000000 1.000000 1.000000 1.000000 1.000000 1.000000 1.000000 1.000000 1.000000 1.000000 1.000000 1.000000 1.000000 1.000000 1.000000 1.000000 1.000000 1.000000 1.000000 1.000000 1.000000 1.000000 1.000000 1.000000 1.000000 1.000000 1.000000 1.000000 1.000000 1.000000 1.000000 1.000000 1.000000 1.000000 1.000000 1.000000 1.000000 1.000000 1.000000 1.000000 1.000000 1.000000 1.000000 1.000000 1.000000 1.000000 1.000000 1.000000 1.000000 1.000000 1.000000 1.000000 1.000000 1.000000 1.000000 

Final LogLikelihood: -2909.996608

AIC score: 6085.993215 / AICc score: 41729.993215 / BIC score: 6406.086875
Free parameters (model + branch lengths): 133

WARNING: Number of free parameters (K=133) is larger than alignment size (n=82).
         This might lead to overfitting and compromise tree inference results!


All ML trees saved to: /Volumes/research/projects/Porifera/Demospongiae/00_analysis/gene_order/analysis/ME/data/T68.raxml.mlTrees
Best ML tree saved to: /Volumes/research/projects/Porifera/Demospongiae/00_analysis/gene_order/analysis/ME/data/T68.raxml.bestTree
Best ML tree with Felsenstein bootstrap (FBP) support values saved to: /Volumes/research/projects/Porifera/Demospongiae/00_analysis/gene_order/analysis/ME/data/T68.raxml.support
Optimized model saved to: /Volumes/research/projects/Porifera/Demospongiae/00_analysis/gene_order/analysis/ME/data/T68.raxml.bestModel
Bootstrap trees saved to: /Volumes/research/projects/Porifera/Demospongiae/00_analysis/gene_order/analysis/ME/data/T68.raxml.bootstraps

Execution log saved to: /Volumes/research/projects/Porifera/Demospongiae/00_analysis/gene_order/analysis/ME/data/T68.raxml.log

Analysis started: 02-Mar-2019 17:40:59 / finished: 02-Mar-2019 19:22:23

Elapsed time: 6084.769 seconds

